[ 2014-12-22T17:00:09+08:00 ] ERR: (ThinkException) 无法加载模块:New
[ 2014-12-22T19:10:02+08:00 ] ERR: (ThinkException) 非法操作:type
[ 2014-12-22T19:10:18+08:00 ] ERR: (ThinkException) 非法操作:type
[ 2014-12-22T19:10:29+08:00 ] ERR: (ThinkException) 非法操作:type
[ 2014-12-22T19:11:04+08:00 ] ERR: (ThinkException) 非法操作:type
[ 2014-12-22T19:11:08+08:00 ] ERR: (ThinkException) 非法操作:type
[ 2014-12-22T19:11:50+08:00 ] ERR: (ThinkException) 非法操作:type
[ 2014-12-22T19:12:56+08:00 ] ERR: (ThinkException) 非法操作:type
[ 2014-12-22T19:23:07+08:00 ] ERR: (ThinkException) 无法加载模块:js
[ 2014-12-22T19:23:18+08:00 ] ERR: (ThinkException) 非法操作:product
[ 2014-12-22T19:23:58+08:00 ] ERR: (ThinkException) 非法操作:product
[ 2014-12-22T19:24:12+08:00 ] ERR: (ThinkException) 非法操作:tech_list
[ 2014-12-22T19:34:10+08:00 ] ERR: (ThinkException) 无法加载模块:js
[ 2014-12-22T19:37:17+08:00 ] ERR: (ThinkException) 无法加载模块:js
[ 2014-12-22T19:46:03+08:00 ] ERR: (ThinkException) 无法加载模块:js
[ 2014-12-22T20:05:52+08:00 ] ERR: (ThinkException) 无法加载模块:js
[ 2014-12-22T20:17:36+08:00 ] ERR: (ThinkException) 无法加载模块:images
[ 2014-12-22T21:52:39+08:00 ] ERR: (ThinkException) 无法加载模块:!-APP-!
[ 2014-12-22T21:52:52+08:00 ] ERR: (ThinkException) 无法加载模块:!-APP-!
[ 2014-12-22T21:54:30+08:00 ] ERR: (ThinkException) 无法加载模块:!-APP-!
[ 2014-12-22T21:54:31+08:00 ] ERR: (ThinkException) 无法加载模块:!-APP-!
[ 2014-12-22T21:54:31+08:00 ] ERR: (ThinkException) 无法加载模块:!-APP-!
[ 2014-12-22T21:54:32+08:00 ] ERR: (ThinkException) 无法加载模块:!-APP-!
[ 2014-12-22T21:54:32+08:00 ] ERR: (ThinkException) 无法加载模块:!-APP-!
[ 2014-12-22T21:54:35+08:00 ] ERR: (ThinkException) 无法加载模块:!-APP-!
[ 2014-12-22T21:54:46+08:00 ] ERR: (ThinkException) 无法加载模块:!-APP-!
[ 2014-12-22T21:55:28+08:00 ] ERR: (ThinkException) 无法加载模块:!-APP-!
[ 2014-12-22T21:55:29+08:00 ] ERR: (ThinkException) 无法加载模块:!-APP-!
[ 2014-12-22T21:55:30+08:00 ] ERR: (ThinkException) 无法加载模块:!-APP-!
[ 2014-12-22T21:55:33+08:00 ] ERR: (ThinkException) 无法加载模块:!-APP-!
[ 2014-12-22T21:55:42+08:00 ] ERR: (ThinkException) 无法加载模块:!-APP-!
[ 2014-12-22T21:55:43+08:00 ] ERR: (ThinkException) 无法加载模块:!-APP-!
[ 2014-12-22T21:55:51+08:00 ] ERR: (ThinkException) 无法加载模块:!-APP-!
[ 2014-12-22T21:56:20+08:00 ] ERR: (ThinkException) 无法加载模块:!-APP-!
[ 2014-12-22T21:57:02+08:00 ] ERR: (ThinkException) 无法加载模块:!-APP-!
[ 2014-12-22T21:58:25+08:00 ] ERR: (ThinkException) 无法加载模块:!-APP-!
[ 2014-12-22T21:58:51+08:00 ] ERR: (ThinkException) 无法加载模块:!-APP-!
[ 2014-12-22T21:59:06+08:00 ] ERR: (ThinkException) 无法加载模块:!-APP-!
[ 2014-12-22T22:02:11+08:00 ] ERR: (ThinkException) 无法加载模块:!-APP-!
[ 2014-12-22T22:02:12+08:00 ] ERR: (ThinkException) 无法加载模块:!-APP-!
[ 2014-12-22T22:06:32+08:00 ] ERR: (ThinkException) 无法加载模块:!-APP-!
[ 2014-12-22T22:07:22+08:00 ] ERR: (ThinkException) 无法加载模块:!-APP-!
[ 2014-12-22T22:10:48+08:00 ] ERR: (ThinkException) 无法加载模块:!-APP-!
[ 2014-12-22T22:11:00+08:00 ] ERR: (ThinkException) 无法加载模块:!-APP-!
[ 2014-12-22T22:12:23+08:00 ] ERR: (ThinkException) 无法加载模块:Public
[ 2014-12-22T22:12:25+08:00 ] ERR: (ThinkException) 无法加载模块:Public
[ 2014-12-22T22:12:32+08:00 ] ERR: (ThinkException) 无法加载模块:Public
[ 2014-12-22T22:13:27+08:00 ] ERR: (ThinkException) 无法加载模块:!-APP-!
[ 2014-12-22T22:14:00+08:00 ] ERR: (ThinkException) 无法加载模块:!-APP-!
[ 2014-12-22T22:17:36+08:00 ] ERR: (ThinkException) 无法加载模块:Public
[ 2014-12-22T22:18:01+08:00 ] ERR: (ThinkException) 无法加载模块:Public
[ 2014-12-22T22:19:09+08:00 ] ERR: (ThinkException) 无法加载模块:Public
[ 2014-12-22T22:19:11+08:00 ] ERR: (ThinkException) 无法加载模块:Public
[ 2014-12-22T22:19:12+08:00 ] ERR: (ThinkException) 无法加载模块:Public
[ 2014-12-22T22:25:18+08:00 ] ERR: (ThinkException) 无法加载模块:!-APP-!
[ 2014-12-22T22:25:19+08:00 ] ERR: (ThinkException) 无法加载模块:!-APP-!
[ 2014-12-22T22:25:20+08:00 ] ERR: (ThinkException) 无法加载模块:!-APP-!
[ 2014-12-22T22:25:20+08:00 ] ERR: (ThinkException) 无法加载模块:!-APP-!
[ 2014-12-22T22:25:27+08:00 ] ERR: (ThinkException) 无法加载模块:!-APP-!
[ 2014-12-22T22:29:10+08:00 ] ERR: (ThinkException) 无法加载模块:!-APP-!
[ 2014-12-22T22:29:11+08:00 ] ERR: (ThinkException) 无法加载模块:!-APP-!
[ 2014-12-22T22:29:12+08:00 ] ERR: (ThinkException) 无法加载模块:!-APP-!
[ 2014-12-22T22:29:20+08:00 ] ERR: (ThinkException) 无法加载模块:!-APP-!
[ 2014-12-22T22:57:48+08:00 ] ERR: (ThinkException) 非法操作:verify1419260268233
[ 2014-12-22T22:57:48+08:00 ] ERR: (ThinkException) 非法操作:verify1419260268826
[ 2014-12-22T22:57:49+08:00 ] ERR: (ThinkException) 非法操作:verify1419260269325
[ 2014-12-22T22:57:49+08:00 ] ERR: (ThinkException) 非法操作:verify1419260269731
[ 2014-12-22T22:57:50+08:00 ] ERR: (ThinkException) 非法操作:verify1419260270136
[ 2014-12-22T22:57:50+08:00 ] ERR: (ThinkException) 非法操作:verify1419260270495
[ 2014-12-22T22:57:50+08:00 ] ERR: (ThinkException) 非法操作:verify1419260270791
[ 2014-12-22T22:57:51+08:00 ] ERR: (ThinkException) 非法操作:verify1419260271181
[ 2014-12-22T22:57:51+08:00 ] ERR: (ThinkException) 非法操作:verify1419260271509
[ 2014-12-22T22:57:52+08:00 ] ERR: (ThinkException) 非法操作:verify1419260272211
[ 2014-12-22T22:57:52+08:00 ] ERR: (ThinkException) 非法操作:verify1419260272882
[ 2014-12-22T22:57:55+08:00 ] ERR: (ThinkException) 非法操作:verify1419260275768
[ 2014-12-22T22:57:56+08:00 ] ERR: (ThinkException) 非法操作:verify1419260276485
