[ 2015-04-20T17:04:33+08:00 ] 127.0.0.1 /thinkphp/
INFO: [ app_begin ] --START--
INFO: Run ReadHtmlCache Behavior [ RunTime:0.000000s ]
INFO: [ app_begin ] --END-- [ RunTime:0.000000s ]
SQL: SHOW COLUMNS FROM `web_about_company` [ RunTime:0.105006s ]
SQL: SELECT * FROM `web_about_company` WHERE ( `type` = 1 )  [ RunTime:0.019001s ]
SQL: SHOW COLUMNS FROM `web_news_content` [ RunTime:0.063004s ]
SQL: SELECT * FROM `web_news_content` WHERE ( `type` = 1 ) ORDER BY news_date LIMIT 0,7   [ RunTime:0.003000s ]
SQL: SHOW COLUMNS FROM `web_technology_suport` [ RunTime:0.073004s ]
SQL: SELECT * FROM `web_technology_suport` WHERE ( `type` = 0 ) LIMIT 0,7   [ RunTime:0.025002s ]
SQL: SHOW COLUMNS FROM `web_download_filename` [ RunTime:0.057003s ]
SQL: SELECT * FROM `web_download_filename` LIMIT 0,7   [ RunTime:0.001000s ]
SQL: SHOW COLUMNS FROM `web_product` [ RunTime:0.060004s ]
SQL: SELECT DISTINCT  `name`,`image_name` FROM `web_product` LIMIT 0,6   [ RunTime:0.000000s ]
SQL: SHOW COLUMNS FROM `web_company_information` [ RunTime:0.050003s ]
SQL: SELECT * FROM `web_company_information` WHERE ( `type` = 'QQ' )  [ RunTime:0.001000s ]
SQL: SELECT * FROM `web_company_information`  [ RunTime:0.001000s ]
INFO: [ view_template ] --START--
INFO: Run LocationTemplate Behavior [ RunTime:0.038002s ]
INFO: [ view_template ] --END-- [ RunTime:0.038002s ]
INFO: [ view_parse ] --START--
INFO: Run ParseTemplate Behavior [ RunTime:0.154009s ]
INFO: [ view_parse ] --END-- [ RunTime:0.154009s ]
INFO: [ view_filter ] --START--
INFO: Run ContentReplace Behavior [ RunTime:0.001000s ]
INFO: Run TokenBuild Behavior [ RunTime:0.001000s ]
INFO: Run WriteHtmlCache Behavior [ RunTime:0.001000s ]
INFO: Run ShowRuntime Behavior [ RunTime:0.001000s ]
INFO: [ view_filter ] --END-- [ RunTime:0.004000s ]
INFO: [ view_end ] --START--
INFO: Run ShowPageTrace Behavior [ RunTime:0.003000s ]
INFO: [ view_end ] --END-- [ RunTime:0.003000s ]

[ 2015-04-20T17:05:26+08:00 ] 127.0.0.1 /thinkphp/
INFO: [ app_begin ] --START--
INFO: Run ReadHtmlCache Behavior [ RunTime:0.001000s ]
INFO: [ app_begin ] --END-- [ RunTime:0.001000s ]
SQL: SHOW COLUMNS FROM `web_about_company` [ RunTime:0.005000s ]
SQL: SELECT * FROM `web_about_company` WHERE ( `type` = 1 )  [ RunTime:0.000000s ]
SQL: SHOW COLUMNS FROM `web_news_content` [ RunTime:0.006001s ]
SQL: SELECT * FROM `web_news_content` WHERE ( `type` = 1 ) ORDER BY news_date LIMIT 0,7   [ RunTime:0.001000s ]
SQL: SHOW COLUMNS FROM `web_technology_suport` [ RunTime:0.005000s ]
SQL: SELECT * FROM `web_technology_suport` WHERE ( `type` = 0 ) LIMIT 0,7   [ RunTime:0.002000s ]
SQL: SHOW COLUMNS FROM `web_download_filename` [ RunTime:0.007000s ]
SQL: SELECT * FROM `web_download_filename` LIMIT 0,7   [ RunTime:0.001000s ]
SQL: SHOW COLUMNS FROM `web_product` [ RunTime:0.008001s ]
SQL: SELECT DISTINCT  `name`,`image_name` FROM `web_product` LIMIT 0,6   [ RunTime:0.001000s ]
SQL: SHOW COLUMNS FROM `web_company_information` [ RunTime:0.006000s ]
SQL: SELECT * FROM `web_company_information` WHERE ( `type` = 'QQ' )  [ RunTime:0.001000s ]
SQL: SELECT * FROM `web_company_information`  [ RunTime:0.001000s ]
INFO: [ view_template ] --START--
INFO: Run LocationTemplate Behavior [ RunTime:0.001000s ]
INFO: [ view_template ] --END-- [ RunTime:0.001000s ]
INFO: [ view_parse ] --START--
INFO: Run ParseTemplate Behavior [ RunTime:0.024002s ]
INFO: [ view_parse ] --END-- [ RunTime:0.024002s ]
INFO: [ view_filter ] --START--
INFO: Run ContentReplace Behavior [ RunTime:0.000000s ]
INFO: Run TokenBuild Behavior [ RunTime:0.001000s ]
INFO: Run WriteHtmlCache Behavior [ RunTime:0.001000s ]
INFO: Run ShowRuntime Behavior [ RunTime:0.000000s ]
INFO: [ view_filter ] --END-- [ RunTime:0.002000s ]
INFO: [ view_end ] --START--
INFO: Run ShowPageTrace Behavior [ RunTime:0.001000s ]
INFO: [ view_end ] --END-- [ RunTime:0.001000s ]

[ 2015-04-20T17:05:32+08:00 ] 127.0.0.1 /thinkphp/
INFO: [ app_begin ] --START--
INFO: Run ReadHtmlCache Behavior [ RunTime:0.001000s ]
INFO: [ app_begin ] --END-- [ RunTime:0.001000s ]
SQL: SHOW COLUMNS FROM `web_about_company` [ RunTime:0.006000s ]
SQL: SELECT * FROM `web_about_company` WHERE ( `type` = 1 )  [ RunTime:0.001001s ]
SQL: SHOW COLUMNS FROM `web_news_content` [ RunTime:0.005000s ]
SQL: SELECT * FROM `web_news_content` WHERE ( `type` = 1 ) ORDER BY news_date LIMIT 0,7   [ RunTime:0.000000s ]
SQL: SHOW COLUMNS FROM `web_technology_suport` [ RunTime:0.006000s ]
SQL: SELECT * FROM `web_technology_suport` WHERE ( `type` = 0 ) LIMIT 0,7   [ RunTime:0.001000s ]
SQL: SHOW COLUMNS FROM `web_download_filename` [ RunTime:0.005001s ]
SQL: SELECT * FROM `web_download_filename` LIMIT 0,7   [ RunTime:0.000000s ]
SQL: SHOW COLUMNS FROM `web_product` [ RunTime:0.005000s ]
SQL: SELECT DISTINCT  `name`,`image_name` FROM `web_product` LIMIT 0,6   [ RunTime:0.000000s ]
SQL: SHOW COLUMNS FROM `web_company_information` [ RunTime:0.004000s ]
SQL: SELECT * FROM `web_company_information` WHERE ( `type` = 'QQ' )  [ RunTime:0.000000s ]
SQL: SELECT * FROM `web_company_information`  [ RunTime:0.000000s ]
INFO: [ view_template ] --START--
INFO: Run LocationTemplate Behavior [ RunTime:0.001000s ]
INFO: [ view_template ] --END-- [ RunTime:0.001000s ]
INFO: [ view_parse ] --START--
INFO: Run ParseTemplate Behavior [ RunTime:0.015001s ]
INFO: [ view_parse ] --END-- [ RunTime:0.015001s ]
INFO: [ view_filter ] --START--
INFO: Run ContentReplace Behavior [ RunTime:0.001000s ]
INFO: Run TokenBuild Behavior [ RunTime:0.000000s ]
INFO: Run WriteHtmlCache Behavior [ RunTime:0.001000s ]
INFO: Run ShowRuntime Behavior [ RunTime:0.000000s ]
INFO: [ view_filter ] --END-- [ RunTime:0.002000s ]
INFO: [ view_end ] --START--
INFO: Run ShowPageTrace Behavior [ RunTime:0.001000s ]
INFO: [ view_end ] --END-- [ RunTime:0.001000s ]

[ 2015-04-20T17:05:38+08:00 ] 127.0.0.1 /thinkphp/
INFO: [ app_begin ] --START--
INFO: Run ReadHtmlCache Behavior [ RunTime:0.001000s ]
INFO: [ app_begin ] --END-- [ RunTime:0.001000s ]
SQL: SHOW COLUMNS FROM `web_about_company` [ RunTime:0.006001s ]
SQL: SELECT * FROM `web_about_company` WHERE ( `type` = 1 )  [ RunTime:0.001000s ]
SQL: SHOW COLUMNS FROM `web_news_content` [ RunTime:0.005000s ]
SQL: SELECT * FROM `web_news_content` WHERE ( `type` = 1 ) ORDER BY news_date LIMIT 0,7   [ RunTime:0.000000s ]
SQL: SHOW COLUMNS FROM `web_technology_suport` [ RunTime:0.006000s ]
SQL: SELECT * FROM `web_technology_suport` WHERE ( `type` = 0 ) LIMIT 0,7   [ RunTime:0.000000s ]
SQL: SHOW COLUMNS FROM `web_download_filename` [ RunTime:0.004000s ]
SQL: SELECT * FROM `web_download_filename` LIMIT 0,7   [ RunTime:0.001000s ]
SQL: SHOW COLUMNS FROM `web_product` [ RunTime:0.004000s ]
SQL: SELECT DISTINCT  `name`,`image_name` FROM `web_product` LIMIT 0,6   [ RunTime:0.000000s ]
SQL: SHOW COLUMNS FROM `web_company_information` [ RunTime:0.004000s ]
SQL: SELECT * FROM `web_company_information` WHERE ( `type` = 'QQ' )  [ RunTime:0.001000s ]
SQL: SELECT * FROM `web_company_information`  [ RunTime:0.000000s ]
INFO: [ view_template ] --START--
INFO: Run LocationTemplate Behavior [ RunTime:0.001000s ]
INFO: [ view_template ] --END-- [ RunTime:0.001000s ]
INFO: [ view_parse ] --START--
INFO: Run ParseTemplate Behavior [ RunTime:0.016001s ]
INFO: [ view_parse ] --END-- [ RunTime:0.017001s ]
INFO: [ view_filter ] --START--
INFO: Run ContentReplace Behavior [ RunTime:0.000000s ]
INFO: Run TokenBuild Behavior [ RunTime:0.001000s ]
INFO: Run WriteHtmlCache Behavior [ RunTime:0.000000s ]
INFO: Run ShowRuntime Behavior [ RunTime:0.001001s ]
INFO: [ view_filter ] --END-- [ RunTime:0.002001s ]
INFO: [ view_end ] --START--
INFO: Run ShowPageTrace Behavior [ RunTime:0.000000s ]
INFO: [ view_end ] --END-- [ RunTime:0.000000s ]

[ 2015-04-20T17:05:41+08:00 ] 127.0.0.1 /thinkphp/
INFO: [ app_begin ] --START--
INFO: Run ReadHtmlCache Behavior [ RunTime:0.001000s ]
INFO: [ app_begin ] --END-- [ RunTime:0.001000s ]
SQL: SHOW COLUMNS FROM `web_about_company` [ RunTime:0.006000s ]
SQL: SELECT * FROM `web_about_company` WHERE ( `type` = 1 )  [ RunTime:0.000000s ]
SQL: SHOW COLUMNS FROM `web_news_content` [ RunTime:0.005001s ]
SQL: SELECT * FROM `web_news_content` WHERE ( `type` = 1 ) ORDER BY news_date LIMIT 0,7   [ RunTime:0.001000s ]
SQL: SHOW COLUMNS FROM `web_technology_suport` [ RunTime:0.004000s ]
SQL: SELECT * FROM `web_technology_suport` WHERE ( `type` = 0 ) LIMIT 0,7   [ RunTime:0.001000s ]
SQL: SHOW COLUMNS FROM `web_download_filename` [ RunTime:0.005000s ]
SQL: SELECT * FROM `web_download_filename` LIMIT 0,7   [ RunTime:0.000000s ]
SQL: SHOW COLUMNS FROM `web_product` [ RunTime:0.006001s ]
SQL: SELECT DISTINCT  `name`,`image_name` FROM `web_product` LIMIT 0,6   [ RunTime:0.000000s ]
SQL: SHOW COLUMNS FROM `web_company_information` [ RunTime:0.006000s ]
SQL: SELECT * FROM `web_company_information` WHERE ( `type` = 'QQ' )  [ RunTime:0.000000s ]
SQL: SELECT * FROM `web_company_information`  [ RunTime:0.000000s ]
INFO: [ view_template ] --START--
INFO: Run LocationTemplate Behavior [ RunTime:0.000000s ]
INFO: [ view_template ] --END-- [ RunTime:0.000000s ]
INFO: [ view_parse ] --START--
INFO: Run ParseTemplate Behavior [ RunTime:0.018001s ]
INFO: [ view_parse ] --END-- [ RunTime:0.018001s ]
INFO: [ view_filter ] --START--
INFO: Run ContentReplace Behavior [ RunTime:0.000000s ]
INFO: Run TokenBuild Behavior [ RunTime:0.001000s ]
INFO: Run WriteHtmlCache Behavior [ RunTime:0.000000s ]
INFO: Run ShowRuntime Behavior [ RunTime:0.001000s ]
INFO: [ view_filter ] --END-- [ RunTime:0.002000s ]
INFO: [ view_end ] --START--
INFO: Run ShowPageTrace Behavior [ RunTime:0.000000s ]
INFO: [ view_end ] --END-- [ RunTime:0.000000s ]

[ 2015-04-20T17:05:43+08:00 ] 127.0.0.1 /thinkphp/
INFO: [ app_begin ] --START--
INFO: Run ReadHtmlCache Behavior [ RunTime:0.001000s ]
INFO: [ app_begin ] --END-- [ RunTime:0.001000s ]
SQL: SHOW COLUMNS FROM `web_about_company` [ RunTime:0.004000s ]
SQL: SELECT * FROM `web_about_company` WHERE ( `type` = 1 )  [ RunTime:0.000000s ]
SQL: SHOW COLUMNS FROM `web_news_content` [ RunTime:0.005001s ]
SQL: SELECT * FROM `web_news_content` WHERE ( `type` = 1 ) ORDER BY news_date LIMIT 0,7   [ RunTime:0.001000s ]
SQL: SHOW COLUMNS FROM `web_technology_suport` [ RunTime:0.006000s ]
SQL: SELECT * FROM `web_technology_suport` WHERE ( `type` = 0 ) LIMIT 0,7   [ RunTime:0.000000s ]
SQL: SHOW COLUMNS FROM `web_download_filename` [ RunTime:0.005000s ]
SQL: SELECT * FROM `web_download_filename` LIMIT 0,7   [ RunTime:0.000000s ]
SQL: SHOW COLUMNS FROM `web_product` [ RunTime:0.005001s ]
SQL: SELECT DISTINCT  `name`,`image_name` FROM `web_product` LIMIT 0,6   [ RunTime:0.001000s ]
SQL: SHOW COLUMNS FROM `web_company_information` [ RunTime:0.005000s ]
SQL: SELECT * FROM `web_company_information` WHERE ( `type` = 'QQ' )  [ RunTime:0.000000s ]
SQL: SELECT * FROM `web_company_information`  [ RunTime:0.000000s ]
INFO: [ view_template ] --START--
INFO: Run LocationTemplate Behavior [ RunTime:0.001000s ]
INFO: [ view_template ] --END-- [ RunTime:0.001000s ]
INFO: [ view_parse ] --START--
INFO: Run ParseTemplate Behavior [ RunTime:0.016001s ]
INFO: [ view_parse ] --END-- [ RunTime:0.016001s ]
INFO: [ view_filter ] --START--
INFO: Run ContentReplace Behavior [ RunTime:0.000000s ]
INFO: Run TokenBuild Behavior [ RunTime:0.000000s ]
INFO: Run WriteHtmlCache Behavior [ RunTime:0.000000s ]
INFO: Run ShowRuntime Behavior [ RunTime:0.001000s ]
INFO: [ view_filter ] --END-- [ RunTime:0.002000s ]
INFO: [ view_end ] --START--
INFO: Run ShowPageTrace Behavior [ RunTime:0.001000s ]
INFO: [ view_end ] --END-- [ RunTime:0.001000s ]

[ 2015-04-20T17:05:57+08:00 ] 127.0.0.1 /thinkphp/
INFO: [ app_begin ] --START--
INFO: Run ReadHtmlCache Behavior [ RunTime:0.001000s ]
INFO: [ app_begin ] --END-- [ RunTime:0.001000s ]
SQL: SHOW COLUMNS FROM `web_about_company` [ RunTime:0.005001s ]
SQL: SELECT * FROM `web_about_company` WHERE ( `type` = 1 )  [ RunTime:0.000000s ]
SQL: SHOW COLUMNS FROM `web_news_content` [ RunTime:0.005000s ]
SQL: SELECT * FROM `web_news_content` WHERE ( `type` = 1 ) ORDER BY news_date LIMIT 0,7   [ RunTime:0.001000s ]
SQL: SHOW COLUMNS FROM `web_technology_suport` [ RunTime:0.004000s ]
SQL: SELECT * FROM `web_technology_suport` WHERE ( `type` = 0 ) LIMIT 0,7   [ RunTime:0.000000s ]
SQL: SHOW COLUMNS FROM `web_download_filename` [ RunTime:0.005001s ]
SQL: SELECT * FROM `web_download_filename` LIMIT 0,7   [ RunTime:0.000000s ]
SQL: SHOW COLUMNS FROM `web_product` [ RunTime:0.006000s ]
SQL: SELECT DISTINCT  `name`,`image_name` FROM `web_product` LIMIT 0,6   [ RunTime:0.000000s ]
SQL: SHOW COLUMNS FROM `web_company_information` [ RunTime:0.007000s ]
SQL: SELECT * FROM `web_company_information` WHERE ( `type` = 'QQ' )  [ RunTime:0.000000s ]
SQL: SELECT * FROM `web_company_information`  [ RunTime:0.000000s ]
INFO: [ view_template ] --START--
INFO: Run LocationTemplate Behavior [ RunTime:0.001000s ]
INFO: [ view_template ] --END-- [ RunTime:0.001000s ]
INFO: [ view_parse ] --START--
INFO: Run ParseTemplate Behavior [ RunTime:0.017001s ]
INFO: [ view_parse ] --END-- [ RunTime:0.018001s ]
INFO: [ view_filter ] --START--
INFO: Run ContentReplace Behavior [ RunTime:0.000000s ]
INFO: Run TokenBuild Behavior [ RunTime:0.001000s ]
INFO: Run WriteHtmlCache Behavior [ RunTime:0.000000s ]
INFO: Run ShowRuntime Behavior [ RunTime:0.000000s ]
INFO: [ view_filter ] --END-- [ RunTime:0.001000s ]
INFO: [ view_end ] --START--
INFO: Run ShowPageTrace Behavior [ RunTime:0.000000s ]
INFO: [ view_end ] --END-- [ RunTime:0.000000s ]

[ 2015-04-20T17:06:00+08:00 ] 127.0.0.1 /thinkphp/
INFO: [ app_begin ] --START--
INFO: Run ReadHtmlCache Behavior [ RunTime:0.001000s ]
INFO: [ app_begin ] --END-- [ RunTime:0.001000s ]
SQL: SHOW COLUMNS FROM `web_about_company` [ RunTime:0.004000s ]
SQL: SELECT * FROM `web_about_company` WHERE ( `type` = 1 )  [ RunTime:0.001000s ]
SQL: SHOW COLUMNS FROM `web_news_content` [ RunTime:0.006000s ]
SQL: SELECT * FROM `web_news_content` WHERE ( `type` = 1 ) ORDER BY news_date LIMIT 0,7   [ RunTime:0.001001s ]
SQL: SHOW COLUMNS FROM `web_technology_suport` [ RunTime:0.004000s ]
SQL: SELECT * FROM `web_technology_suport` WHERE ( `type` = 0 ) LIMIT 0,7   [ RunTime:0.000000s ]
SQL: SHOW COLUMNS FROM `web_download_filename` [ RunTime:0.005000s ]
SQL: SELECT * FROM `web_download_filename` LIMIT 0,7   [ RunTime:0.000000s ]
SQL: SHOW COLUMNS FROM `web_product` [ RunTime:0.004000s ]
SQL: SELECT DISTINCT  `name`,`image_name` FROM `web_product` LIMIT 0,6   [ RunTime:0.000000s ]
SQL: SHOW COLUMNS FROM `web_company_information` [ RunTime:0.007001s ]
SQL: SELECT * FROM `web_company_information` WHERE ( `type` = 'QQ' )  [ RunTime:0.000000s ]
SQL: SELECT * FROM `web_company_information`  [ RunTime:0.001000s ]
INFO: [ view_template ] --START--
INFO: Run LocationTemplate Behavior [ RunTime:0.001000s ]
INFO: [ view_template ] --END-- [ RunTime:0.001000s ]
INFO: [ view_parse ] --START--
INFO: Run ParseTemplate Behavior [ RunTime:0.016001s ]
INFO: [ view_parse ] --END-- [ RunTime:0.016001s ]
INFO: [ view_filter ] --START--
INFO: Run ContentReplace Behavior [ RunTime:0.000000s ]
INFO: Run TokenBuild Behavior [ RunTime:0.001000s ]
INFO: Run WriteHtmlCache Behavior [ RunTime:0.000000s ]
INFO: Run ShowRuntime Behavior [ RunTime:0.001000s ]
INFO: [ view_filter ] --END-- [ RunTime:0.002000s ]
INFO: [ view_end ] --START--
INFO: Run ShowPageTrace Behavior [ RunTime:0.001000s ]
INFO: [ view_end ] --END-- [ RunTime:0.001000s ]

[ 2015-04-20T17:06:09+08:00 ] 127.0.0.1 /thinkphp/
INFO: [ app_begin ] --START--
INFO: Run ReadHtmlCache Behavior [ RunTime:0.001000s ]
INFO: [ app_begin ] --END-- [ RunTime:0.001000s ]
SQL: SHOW COLUMNS FROM `web_about_company` [ RunTime:0.006001s ]
SQL: SELECT * FROM `web_about_company` WHERE ( `type` = 1 )  [ RunTime:0.001000s ]
SQL: SHOW COLUMNS FROM `web_news_content` [ RunTime:0.007000s ]
SQL: SELECT * FROM `web_news_content` WHERE ( `type` = 1 ) ORDER BY news_date LIMIT 0,7   [ RunTime:0.002000s ]
SQL: SHOW COLUMNS FROM `web_technology_suport` [ RunTime:0.008001s ]
SQL: SELECT * FROM `web_technology_suport` WHERE ( `type` = 0 ) LIMIT 0,7   [ RunTime:0.000000s ]
SQL: SHOW COLUMNS FROM `web_download_filename` [ RunTime:0.006000s ]
SQL: SELECT * FROM `web_download_filename` LIMIT 0,7   [ RunTime:0.000000s ]
SQL: SHOW COLUMNS FROM `web_product` [ RunTime:0.007001s ]
SQL: SELECT DISTINCT  `name`,`image_name` FROM `web_product` LIMIT 0,6   [ RunTime:0.000000s ]
SQL: SHOW COLUMNS FROM `web_company_information` [ RunTime:0.007000s ]
SQL: SELECT * FROM `web_company_information` WHERE ( `type` = 'QQ' )  [ RunTime:0.000000s ]
SQL: SELECT * FROM `web_company_information`  [ RunTime:0.000000s ]
INFO: [ view_template ] --START--
INFO: Run LocationTemplate Behavior [ RunTime:0.000000s ]
INFO: [ view_template ] --END-- [ RunTime:0.000000s ]
INFO: [ view_parse ] --START--
INFO: Run ParseTemplate Behavior [ RunTime:0.021001s ]
INFO: [ view_parse ] --END-- [ RunTime:0.022001s ]
INFO: [ view_filter ] --START--
INFO: Run ContentReplace Behavior [ RunTime:0.000000s ]
INFO: Run TokenBuild Behavior [ RunTime:0.001000s ]
INFO: Run WriteHtmlCache Behavior [ RunTime:0.000000s ]
INFO: Run ShowRuntime Behavior [ RunTime:0.001000s ]
INFO: [ view_filter ] --END-- [ RunTime:0.002000s ]
INFO: [ view_end ] --START--
INFO: Run ShowPageTrace Behavior [ RunTime:0.000000s ]
INFO: [ view_end ] --END-- [ RunTime:0.000000s ]

[ 2015-04-20T17:06:16+08:00 ] 127.0.0.1 /thinkphp/index.php/Product/index/
INFO: [ route_check ] --START--
INFO: Run CheckRoute Behavior [ RunTime:0.001000s ]
INFO: [ route_check ] --END-- [ RunTime:0.001000s ]
INFO: [ app_begin ] --START--
INFO: Run ReadHtmlCache Behavior [ RunTime:0.000000s ]
INFO: [ app_begin ] --END-- [ RunTime:0.000000s ]
SQL: SHOW COLUMNS FROM `web_product` [ RunTime:0.005001s ]
SQL: SELECT DISTINCT  `name` FROM `web_product` WHERE ( `type1` = 'Áñ´Ëãó‰∫ßÂìÅ' ) AND ( `type2` = 'Áå™Áî®Áñ´Ëãó' )  [ RunTime:0.001000s ]
SQL: SELECT DISTINCT  `name`,`image_name` FROM `web_product` WHERE ( `type1` = 'Áñ´Ëãó‰∫ßÂìÅ' ) AND ( `type2` = 'Áå™Áî®Áñ´Ëãó' ) LIMIT 0,5   [ RunTime:0.000000s ]
SQL: SHOW COLUMNS FROM `web_company_information` [ RunTime:0.004001s ]
SQL: SELECT * FROM `web_company_information` WHERE ( `type` = 'QQ' )  [ RunTime:0.000000s ]
SQL: SELECT * FROM `web_company_information`  [ RunTime:0.000000s ]
INFO: [ view_template ] --START--
INFO: Run LocationTemplate Behavior [ RunTime:0.020001s ]
INFO: [ view_template ] --END-- [ RunTime:0.021001s ]
INFO: [ view_parse ] --START--
INFO: Run ParseTemplate Behavior [ RunTime:0.060003s ]
INFO: [ view_parse ] --END-- [ RunTime:0.060003s ]
INFO: [ view_filter ] --START--
INFO: Run ContentReplace Behavior [ RunTime:0.000000s ]
INFO: Run TokenBuild Behavior [ RunTime:0.001000s ]
INFO: Run WriteHtmlCache Behavior [ RunTime:0.000000s ]
INFO: Run ShowRuntime Behavior [ RunTime:0.001000s ]
INFO: [ view_filter ] --END-- [ RunTime:0.002000s ]
INFO: [ view_end ] --START--
INFO: Run ShowPageTrace Behavior [ RunTime:0.001000s ]
INFO: [ view_end ] --END-- [ RunTime:0.001000s ]

[ 2015-04-20T17:06:16+08:00 ] 127.0.0.1 /thinkphp/index.php/Product/index/Public/QQ/images/closeBtnImg.gif
INFO: [ route_check ] --START--
INFO: Run CheckRoute Behavior [ RunTime:0.001000s ]
INFO: [ route_check ] --END-- [ RunTime:0.001000s ]
INFO: [ app_begin ] --START--
INFO: Run ReadHtmlCache Behavior [ RunTime:0.001000s ]
INFO: [ app_begin ] --END-- [ RunTime:0.001000s ]
SQL: SHOW COLUMNS FROM `web_product` [ RunTime:0.007000s ]
SQL: SELECT DISTINCT  `name` FROM `web_product` WHERE ( `type1` = 'Áñ´Ëãó‰∫ßÂìÅ' ) AND ( `type2` = 'Áå™Áî®Áñ´Ëãó' )  [ RunTime:0.000000s ]
SQL: SELECT DISTINCT  `name`,`image_name` FROM `web_product` WHERE ( `type1` = 'Áñ´Ëãó‰∫ßÂìÅ' ) AND ( `type2` = 'Áå™Áî®Áñ´Ëãó' ) LIMIT 0,5   [ RunTime:0.000000s ]
SQL: SHOW COLUMNS FROM `web_company_information` [ RunTime:0.007001s ]
SQL: SELECT * FROM `web_company_information` WHERE ( `type` = 'QQ' )  [ RunTime:0.001000s ]
SQL: SELECT * FROM `web_company_information`  [ RunTime:0.000000s ]
INFO: [ view_template ] --START--
INFO: Run LocationTemplate Behavior [ RunTime:0.001000s ]
INFO: [ view_template ] --END-- [ RunTime:0.002000s ]
INFO: [ view_parse ] --START--
INFO: Run ParseTemplate Behavior [ RunTime:0.013001s ]
INFO: [ view_parse ] --END-- [ RunTime:0.013001s ]
INFO: [ view_filter ] --START--
INFO: Run ContentReplace Behavior [ RunTime:0.001000s ]
INFO: Run TokenBuild Behavior [ RunTime:0.001000s ]
INFO: Run WriteHtmlCache Behavior [ RunTime:0.000000s ]
INFO: Run ShowRuntime Behavior [ RunTime:0.001000s ]
INFO: [ view_filter ] --END-- [ RunTime:0.003000s ]
INFO: [ view_end ] --START--
INFO: Run ShowPageTrace Behavior [ RunTime:0.001000s ]
INFO: [ view_end ] --END-- [ RunTime:0.001000s ]

[ 2015-04-20T17:06:18+08:00 ] 127.0.0.1 /thinkphp/index.php/Technology/index
INFO: [ route_check ] --START--
INFO: Run CheckRoute Behavior [ RunTime:0.001000s ]
INFO: [ route_check ] --END-- [ RunTime:0.001000s ]
INFO: [ app_begin ] --START--
INFO: Run ReadHtmlCache Behavior [ RunTime:0.001000s ]
INFO: [ app_begin ] --END-- [ RunTime:0.001000s ]
SQL: SHOW COLUMNS FROM `web_technology_suport` [ RunTime:0.005001s ]
SQL: SELECT COUNT(*) AS tp_count FROM `web_technology_suport` LIMIT 1   [ RunTime:0.025001s ]
SQL: SELECT * FROM `web_technology_suport` WHERE ( `type` = 0 ) LIMIT 0,5   [ RunTime:0.000000s ]
SQL: SHOW COLUMNS FROM `web_company_information` [ RunTime:0.005000s ]
SQL: SELECT * FROM `web_company_information` WHERE ( `type` = 'QQ' )  [ RunTime:0.000000s ]
SQL: SELECT * FROM `web_company_information`  [ RunTime:0.000000s ]
INFO: [ view_template ] --START--
INFO: Run LocationTemplate Behavior [ RunTime:0.027001s ]
INFO: [ view_template ] --END-- [ RunTime:0.027001s ]
INFO: [ view_parse ] --START--
INFO: Run ParseTemplate Behavior [ RunTime:0.114007s ]
INFO: [ view_parse ] --END-- [ RunTime:0.115007s ]
INFO: [ view_filter ] --START--
INFO: Run ContentReplace Behavior [ RunTime:0.001000s ]
INFO: Run TokenBuild Behavior [ RunTime:0.000000s ]
INFO: Run WriteHtmlCache Behavior [ RunTime:0.000000s ]
INFO: Run ShowRuntime Behavior [ RunTime:0.000000s ]
INFO: [ view_filter ] --END-- [ RunTime:0.002000s ]
INFO: [ view_end ] --START--
INFO: Run ShowPageTrace Behavior [ RunTime:0.001000s ]
INFO: [ view_end ] --END-- [ RunTime:0.001000s ]

[ 2015-04-20T17:06:18+08:00 ] ERR: (ThinkException) ÈùûÊ≥ïÊìç‰Ωú:Public
[ 2015-04-20T17:06:19+08:00 ] 127.0.0.1 /thinkphp/index.php/Download/index
INFO: [ route_check ] --START--
INFO: Run CheckRoute Behavior [ RunTime:0.001000s ]
INFO: [ route_check ] --END-- [ RunTime:0.001000s ]
INFO: [ app_begin ] --START--
INFO: Run ReadHtmlCache Behavior [ RunTime:0.001000s ]
INFO: [ app_begin ] --END-- [ RunTime:0.001000s ]
SQL: SHOW COLUMNS FROM `web_download_filename` [ RunTime:0.005001s ]
SQL: SELECT COUNT(*) AS tp_count FROM `web_download_filename` LIMIT 1   [ RunTime:0.000000s ]
SQL: SELECT * FROM `web_download_filename` ORDER BY DateTime LIMIT 0,5   [ RunTime:0.001000s ]
SQL: SHOW COLUMNS FROM `web_company_information` [ RunTime:0.004000s ]
SQL: SELECT * FROM `web_company_information` WHERE ( `type` = 'QQ' )  [ RunTime:0.000000s ]
SQL: SELECT * FROM `web_company_information`  [ RunTime:0.000000s ]
INFO: [ view_template ] --START--
INFO: Run LocationTemplate Behavior [ RunTime:0.001000s ]
INFO: [ view_template ] --END-- [ RunTime:0.002000s ]
INFO: [ view_parse ] --START--
INFO: Run ParseTemplate Behavior [ RunTime:0.070004s ]
INFO: [ view_parse ] --END-- [ RunTime:0.070004s ]
INFO: [ view_filter ] --START--
INFO: Run ContentReplace Behavior [ RunTime:0.001000s ]
INFO: Run TokenBuild Behavior [ RunTime:0.000000s ]
INFO: Run WriteHtmlCache Behavior [ RunTime:0.001000s ]
INFO: Run ShowRuntime Behavior [ RunTime:0.000000s ]
INFO: [ view_filter ] --END-- [ RunTime:0.002000s ]
INFO: [ view_end ] --START--
INFO: Run ShowPageTrace Behavior [ RunTime:0.001000s ]
INFO: [ view_end ] --END-- [ RunTime:0.001000s ]

[ 2015-04-20T17:06:19+08:00 ] ERR: (ThinkException) ÈùûÊ≥ïÊìç‰Ωú:Public
[ 2015-04-20T17:06:20+08:00 ] 127.0.0.1 /thinkphp/index.php/
INFO: [ route_check ] --START--
INFO: Run CheckRoute Behavior [ RunTime:0.001000s ]
INFO: [ route_check ] --END-- [ RunTime:0.001000s ]
INFO: [ app_begin ] --START--
INFO: Run ReadHtmlCache Behavior [ RunTime:0.001000s ]
INFO: [ app_begin ] --END-- [ RunTime:0.001000s ]
SQL: SHOW COLUMNS FROM `web_about_company` [ RunTime:0.005000s ]
SQL: SELECT * FROM `web_about_company` WHERE ( `type` = 1 )  [ RunTime:0.000000s ]
SQL: SHOW COLUMNS FROM `web_news_content` [ RunTime:0.005000s ]
SQL: SELECT * FROM `web_news_content` WHERE ( `type` = 1 ) ORDER BY news_date LIMIT 0,7   [ RunTime:0.000000s ]
SQL: SHOW COLUMNS FROM `web_technology_suport` [ RunTime:0.005001s ]
SQL: SELECT * FROM `web_technology_suport` WHERE ( `type` = 0 ) LIMIT 0,7   [ RunTime:0.000000s ]
SQL: SHOW COLUMNS FROM `web_download_filename` [ RunTime:0.005000s ]
SQL: SELECT * FROM `web_download_filename` LIMIT 0,7   [ RunTime:0.000000s ]
SQL: SHOW COLUMNS FROM `web_product` [ RunTime:0.004000s ]
SQL: SELECT DISTINCT  `name`,`image_name` FROM `web_product` LIMIT 0,6   [ RunTime:0.000000s ]
SQL: SHOW COLUMNS FROM `web_company_information` [ RunTime:0.005001s ]
SQL: SELECT * FROM `web_company_information` WHERE ( `type` = 'QQ' )  [ RunTime:0.001000s ]
SQL: SELECT * FROM `web_company_information`  [ RunTime:0.000000s ]
INFO: [ view_template ] --START--
INFO: Run LocationTemplate Behavior [ RunTime:0.001000s ]
INFO: [ view_template ] --END-- [ RunTime:0.001000s ]
INFO: [ view_parse ] --START--
INFO: Run ParseTemplate Behavior [ RunTime:0.015001s ]
INFO: [ view_parse ] --END-- [ RunTime:0.015001s ]
INFO: [ view_filter ] --START--
INFO: Run ContentReplace Behavior [ RunTime:0.001000s ]
INFO: Run TokenBuild Behavior [ RunTime:0.000000s ]
INFO: Run WriteHtmlCache Behavior [ RunTime:0.000000s ]
INFO: Run ShowRuntime Behavior [ RunTime:0.001000s ]
INFO: [ view_filter ] --END-- [ RunTime:0.002000s ]
INFO: [ view_end ] --START--
INFO: Run ShowPageTrace Behavior [ RunTime:0.001000s ]
INFO: [ view_end ] --END-- [ RunTime:0.001000s ]

[ 2015-04-20T17:06:20+08:00 ] ERR: (ThinkException) Êó†Ê≥ïÂä†ËΩΩÊ®°Âùó:Public
[ 2015-04-20T17:06:23+08:00 ] 127.0.0.1 /thinkphp/index.php/
INFO: [ route_check ] --START--
INFO: Run CheckRoute Behavior [ RunTime:0.001000s ]
INFO: [ route_check ] --END-- [ RunTime:0.002000s ]
INFO: [ app_begin ] --START--
INFO: Run ReadHtmlCache Behavior [ RunTime:0.001000s ]
INFO: [ app_begin ] --END-- [ RunTime:0.001000s ]
SQL: SHOW COLUMNS FROM `web_about_company` [ RunTime:0.004000s ]
SQL: SELECT * FROM `web_about_company` WHERE ( `type` = 1 )  [ RunTime:0.000000s ]
SQL: SHOW COLUMNS FROM `web_news_content` [ RunTime:0.004001s ]
SQL: SELECT * FROM `web_news_content` WHERE ( `type` = 1 ) ORDER BY news_date LIMIT 0,7   [ RunTime:0.000000s ]
SQL: SHOW COLUMNS FROM `web_technology_suport` [ RunTime:0.005000s ]
SQL: SELECT * FROM `web_technology_suport` WHERE ( `type` = 0 ) LIMIT 0,7   [ RunTime:0.001000s ]
SQL: SHOW COLUMNS FROM `web_download_filename` [ RunTime:0.005000s ]
SQL: SELECT * FROM `web_download_filename` LIMIT 0,7   [ RunTime:0.000000s ]
SQL: SHOW COLUMNS FROM `web_product` [ RunTime:0.004000s ]
SQL: SELECT DISTINCT  `name`,`image_name` FROM `web_product` LIMIT 0,6   [ RunTime:0.001001s ]
SQL: SHOW COLUMNS FROM `web_company_information` [ RunTime:0.005000s ]
SQL: SELECT * FROM `web_company_information` WHERE ( `type` = 'QQ' )  [ RunTime:0.000000s ]
SQL: SELECT * FROM `web_company_information`  [ RunTime:0.001000s ]
INFO: [ view_template ] --START--
INFO: Run LocationTemplate Behavior [ RunTime:0.001000s ]
INFO: [ view_template ] --END-- [ RunTime:0.001000s ]
INFO: [ view_parse ] --START--
INFO: Run ParseTemplate Behavior [ RunTime:0.017001s ]
INFO: [ view_parse ] --END-- [ RunTime:0.017001s ]
INFO: [ view_filter ] --START--
INFO: Run ContentReplace Behavior [ RunTime:0.000000s ]
INFO: Run TokenBuild Behavior [ RunTime:0.001000s ]
INFO: Run WriteHtmlCache Behavior [ RunTime:0.000000s ]
INFO: Run ShowRuntime Behavior [ RunTime:0.001000s ]
INFO: [ view_filter ] --END-- [ RunTime:0.002000s ]
INFO: [ view_end ] --START--
INFO: Run ShowPageTrace Behavior [ RunTime:0.000000s ]
INFO: [ view_end ] --END-- [ RunTime:0.000000s ]

[ 2015-04-20T17:06:23+08:00 ] ERR: (ThinkException) Êó†Ê≥ïÂä†ËΩΩÊ®°Âùó:Public
[ 2015-04-20T17:07:02+08:00 ] 127.0.0.1 /thinkphp/
INFO: [ app_begin ] --START--
INFO: Run ReadHtmlCache Behavior [ RunTime:0.001000s ]
INFO: [ app_begin ] --END-- [ RunTime:0.001000s ]
SQL: SHOW COLUMNS FROM `web_about_company` [ RunTime:0.005000s ]
SQL: SELECT * FROM `web_about_company` WHERE ( `type` = 1 )  [ RunTime:0.000000s ]
SQL: SHOW COLUMNS FROM `web_news_content` [ RunTime:0.005001s ]
SQL: SELECT * FROM `web_news_content` WHERE ( `type` = 1 ) ORDER BY news_date LIMIT 0,7   [ RunTime:0.000000s ]
SQL: SHOW COLUMNS FROM `web_technology_suport` [ RunTime:0.005000s ]
SQL: SELECT * FROM `web_technology_suport` WHERE ( `type` = 0 ) LIMIT 0,7   [ RunTime:0.000000s ]
SQL: SHOW COLUMNS FROM `web_download_filename` [ RunTime:0.004000s ]
SQL: SELECT * FROM `web_download_filename` LIMIT 0,7   [ RunTime:0.001000s ]
SQL: SHOW COLUMNS FROM `web_product` [ RunTime:0.006001s ]
SQL: SELECT DISTINCT  `name`,`image_name` FROM `web_product` LIMIT 0,6   [ RunTime:0.000000s ]
SQL: SHOW COLUMNS FROM `web_company_information` [ RunTime:0.006000s ]
SQL: SELECT * FROM `web_company_information` WHERE ( `type` = 'QQ' )  [ RunTime:0.000000s ]
SQL: SELECT * FROM `web_company_information`  [ RunTime:0.001000s ]
INFO: [ view_template ] --START--
INFO: Run LocationTemplate Behavior [ RunTime:0.000000s ]
INFO: [ view_template ] --END-- [ RunTime:0.001000s ]
INFO: [ view_parse ] --START--
INFO: Run ParseTemplate Behavior [ RunTime:0.015001s ]
INFO: [ view_parse ] --END-- [ RunTime:0.016001s ]
INFO: [ view_filter ] --START--
INFO: Run ContentReplace Behavior [ RunTime:0.000000s ]
INFO: Run TokenBuild Behavior [ RunTime:0.001000s ]
INFO: Run WriteHtmlCache Behavior [ RunTime:0.001000s ]
INFO: Run ShowRuntime Behavior [ RunTime:0.001000s ]
INFO: [ view_filter ] --END-- [ RunTime:0.003000s ]
INFO: [ view_end ] --START--
INFO: Run ShowPageTrace Behavior [ RunTime:0.001000s ]
INFO: [ view_end ] --END-- [ RunTime:0.001000s ]

[ 2015-04-20T17:09:25+08:00 ] 127.0.0.1 /thinkphp/
INFO: [ app_begin ] --START--
INFO: Run ReadHtmlCache Behavior [ RunTime:0.001000s ]
INFO: [ app_begin ] --END-- [ RunTime:0.001000s ]
SQL: SHOW COLUMNS FROM `web_about_company` [ RunTime:0.007000s ]
SQL: SELECT * FROM `web_about_company` WHERE ( `type` = 1 )  [ RunTime:0.001000s ]
SQL: SHOW COLUMNS FROM `web_news_content` [ RunTime:0.005000s ]
SQL: SELECT * FROM `web_news_content` WHERE ( `type` = 1 ) ORDER BY news_date LIMIT 0,7   [ RunTime:0.001000s ]
SQL: SHOW COLUMNS FROM `web_technology_suport` [ RunTime:0.004001s ]
SQL: SELECT * FROM `web_technology_suport` WHERE ( `type` = 0 ) LIMIT 0,7   [ RunTime:0.000000s ]
SQL: SHOW COLUMNS FROM `web_download_filename` [ RunTime:0.007000s ]
SQL: SELECT * FROM `web_download_filename` LIMIT 0,7   [ RunTime:0.001000s ]
SQL: SHOW COLUMNS FROM `web_product` [ RunTime:0.005000s ]
SQL: SELECT DISTINCT  `name`,`image_name` FROM `web_product` LIMIT 0,6   [ RunTime:0.000000s ]
SQL: SHOW COLUMNS FROM `web_company_information` [ RunTime:0.005001s ]
SQL: SELECT * FROM `web_company_information` WHERE ( `type` = 'QQ' )  [ RunTime:0.000000s ]
SQL: SELECT * FROM `web_company_information`  [ RunTime:0.000000s ]
INFO: [ view_template ] --START--
INFO: Run LocationTemplate Behavior [ RunTime:0.001000s ]
INFO: [ view_template ] --END-- [ RunTime:0.001000s ]
INFO: [ view_parse ] --START--
INFO: Run ParseTemplate Behavior [ RunTime:0.016001s ]
INFO: [ view_parse ] --END-- [ RunTime:0.016001s ]
INFO: [ view_filter ] --START--
INFO: Run ContentReplace Behavior [ RunTime:0.000000s ]
INFO: Run TokenBuild Behavior [ RunTime:0.000000s ]
INFO: Run WriteHtmlCache Behavior [ RunTime:0.000000s ]
INFO: Run ShowRuntime Behavior [ RunTime:0.001000s ]
INFO: [ view_filter ] --END-- [ RunTime:0.002000s ]
INFO: [ view_end ] --START--
INFO: Run ShowPageTrace Behavior [ RunTime:0.001000s ]
INFO: [ view_end ] --END-- [ RunTime:0.001000s ]

[ 2015-04-20T17:09:38+08:00 ] 127.0.0.1 /thinkphp/
INFO: [ app_begin ] --START--
INFO: Run ReadHtmlCache Behavior [ RunTime:0.001001s ]
INFO: [ app_begin ] --END-- [ RunTime:0.001001s ]
SQL: SHOW COLUMNS FROM `web_about_company` [ RunTime:0.005000s ]
SQL: SELECT * FROM `web_about_company` WHERE ( `type` = 1 )  [ RunTime:0.001000s ]
SQL: SHOW COLUMNS FROM `web_news_content` [ RunTime:0.004001s ]
SQL: SELECT * FROM `web_news_content` WHERE ( `type` = 1 ) ORDER BY news_date LIMIT 0,7   [ RunTime:0.001000s ]
SQL: SHOW COLUMNS FROM `web_technology_suport` [ RunTime:0.004000s ]
SQL: SELECT * FROM `web_technology_suport` WHERE ( `type` = 0 ) LIMIT 0,7   [ RunTime:0.000000s ]
SQL: SHOW COLUMNS FROM `web_download_filename` [ RunTime:0.005000s ]
SQL: SELECT * FROM `web_download_filename` LIMIT 0,7   [ RunTime:0.001000s ]
SQL: SHOW COLUMNS FROM `web_product` [ RunTime:0.005001s ]
SQL: SELECT DISTINCT  `name`,`image_name` FROM `web_product` LIMIT 0,6   [ RunTime:0.000000s ]
SQL: SHOW COLUMNS FROM `web_company_information` [ RunTime:0.006000s ]
SQL: SELECT * FROM `web_company_information` WHERE ( `type` = 'QQ' )  [ RunTime:0.000000s ]
SQL: SELECT * FROM `web_company_information`  [ RunTime:0.000000s ]
INFO: [ view_template ] --START--
INFO: Run LocationTemplate Behavior [ RunTime:0.001000s ]
INFO: [ view_template ] --END-- [ RunTime:0.001000s ]
INFO: [ view_parse ] --START--
INFO: Run ParseTemplate Behavior [ RunTime:0.016001s ]
INFO: [ view_parse ] --END-- [ RunTime:0.016001s ]
INFO: [ view_filter ] --START--
INFO: Run ContentReplace Behavior [ RunTime:0.001000s ]
INFO: Run TokenBuild Behavior [ RunTime:0.000000s ]
INFO: Run WriteHtmlCache Behavior [ RunTime:0.001000s ]
INFO: Run ShowRuntime Behavior [ RunTime:0.000000s ]
INFO: [ view_filter ] --END-- [ RunTime:0.002000s ]
INFO: [ view_end ] --START--
INFO: Run ShowPageTrace Behavior [ RunTime:0.001000s ]
INFO: [ view_end ] --END-- [ RunTime:0.001000s ]

[ 2015-04-20T17:10:18+08:00 ] 127.0.0.1 /thinkphp/
INFO: [ app_begin ] --START--
INFO: Run ReadHtmlCache Behavior [ RunTime:0.001000s ]
INFO: [ app_begin ] --END-- [ RunTime:0.001000s ]
SQL: SHOW COLUMNS FROM `web_about_company` [ RunTime:0.006000s ]
SQL: SELECT * FROM `web_about_company` WHERE ( `type` = 1 )  [ RunTime:0.001001s ]
SQL: SHOW COLUMNS FROM `web_news_content` [ RunTime:0.006000s ]
SQL: SELECT * FROM `web_news_content` WHERE ( `type` = 1 ) ORDER BY news_date LIMIT 0,7   [ RunTime:0.000000s ]
SQL: SHOW COLUMNS FROM `web_technology_suport` [ RunTime:0.006000s ]
SQL: SELECT * FROM `web_technology_suport` WHERE ( `type` = 0 ) LIMIT 0,7   [ RunTime:0.001000s ]
SQL: SHOW COLUMNS FROM `web_download_filename` [ RunTime:0.005001s ]
SQL: SELECT * FROM `web_download_filename` LIMIT 0,7   [ RunTime:0.001000s ]
SQL: SHOW COLUMNS FROM `web_product` [ RunTime:0.006000s ]
SQL: SELECT DISTINCT  `name`,`image_name` FROM `web_product` LIMIT 0,6   [ RunTime:0.000000s ]
SQL: SHOW COLUMNS FROM `web_company_information` [ RunTime:0.010001s ]
SQL: SELECT * FROM `web_company_information` WHERE ( `type` = 'QQ' )  [ RunTime:0.000000s ]
SQL: SELECT * FROM `web_company_information`  [ RunTime:0.001000s ]
INFO: [ view_template ] --START--
INFO: Run LocationTemplate Behavior [ RunTime:0.000000s ]
INFO: [ view_template ] --END-- [ RunTime:0.000000s ]
INFO: [ view_parse ] --START--
INFO: Run ParseTemplate Behavior [ RunTime:0.015001s ]
INFO: [ view_parse ] --END-- [ RunTime:0.016001s ]
INFO: [ view_filter ] --START--
INFO: Run ContentReplace Behavior [ RunTime:0.000000s ]
INFO: Run TokenBuild Behavior [ RunTime:0.000000s ]
INFO: Run WriteHtmlCache Behavior [ RunTime:0.000000s ]
INFO: Run ShowRuntime Behavior [ RunTime:0.001000s ]
INFO: [ view_filter ] --END-- [ RunTime:0.002000s ]
INFO: [ view_end ] --START--
INFO: Run ShowPageTrace Behavior [ RunTime:0.001000s ]
INFO: [ view_end ] --END-- [ RunTime:0.001000s ]

[ 2015-04-20T17:10:47+08:00 ] 127.0.0.1 /thinkphp/
INFO: [ app_begin ] --START--
INFO: Run ReadHtmlCache Behavior [ RunTime:0.000000s ]
INFO: [ app_begin ] --END-- [ RunTime:0.000000s ]
SQL: SHOW COLUMNS FROM `web_about_company` [ RunTime:0.008000s ]
SQL: SELECT * FROM `web_about_company` WHERE ( `type` = 1 )  [ RunTime:0.001000s ]
SQL: SHOW COLUMNS FROM `web_news_content` [ RunTime:0.006001s ]
SQL: SELECT * FROM `web_news_content` WHERE ( `type` = 1 ) ORDER BY news_date LIMIT 0,7   [ RunTime:0.001000s ]
SQL: SHOW COLUMNS FROM `web_technology_suport` [ RunTime:0.005000s ]
SQL: SELECT * FROM `web_technology_suport` WHERE ( `type` = 0 ) LIMIT 0,7   [ RunTime:0.001000s ]
SQL: SHOW COLUMNS FROM `web_download_filename` [ RunTime:0.006000s ]
SQL: SELECT * FROM `web_download_filename` LIMIT 0,7   [ RunTime:0.000000s ]
SQL: SHOW COLUMNS FROM `web_product` [ RunTime:0.007001s ]
SQL: SELECT DISTINCT  `name`,`image_name` FROM `web_product` LIMIT 0,6   [ RunTime:0.001000s ]
SQL: SHOW COLUMNS FROM `web_company_information` [ RunTime:0.005000s ]
SQL: SELECT * FROM `web_company_information` WHERE ( `type` = 'QQ' )  [ RunTime:0.001000s ]
SQL: SELECT * FROM `web_company_information`  [ RunTime:0.000000s ]
INFO: [ view_template ] --START--
INFO: Run LocationTemplate Behavior [ RunTime:0.001000s ]
INFO: [ view_template ] --END-- [ RunTime:0.001000s ]
INFO: [ view_parse ] --START--
INFO: Run ParseTemplate Behavior [ RunTime:0.016001s ]
INFO: [ view_parse ] --END-- [ RunTime:0.016001s ]
INFO: [ view_filter ] --START--
INFO: Run ContentReplace Behavior [ RunTime:0.000000s ]
INFO: Run TokenBuild Behavior [ RunTime:0.001000s ]
INFO: Run WriteHtmlCache Behavior [ RunTime:0.000000s ]
INFO: Run ShowRuntime Behavior [ RunTime:0.001000s ]
INFO: [ view_filter ] --END-- [ RunTime:0.002000s ]
INFO: [ view_end ] --START--
INFO: Run ShowPageTrace Behavior [ RunTime:0.001000s ]
INFO: [ view_end ] --END-- [ RunTime:0.001000s ]

[ 2015-04-20T17:10:55+08:00 ] 127.0.0.1 /thinkphp/
INFO: [ app_begin ] --START--
INFO: Run ReadHtmlCache Behavior [ RunTime:0.002001s ]
INFO: [ app_begin ] --END-- [ RunTime:0.002001s ]
SQL: SHOW COLUMNS FROM `web_about_company` [ RunTime:0.006001s ]
SQL: SELECT * FROM `web_about_company` WHERE ( `type` = 1 )  [ RunTime:0.001000s ]
SQL: SHOW COLUMNS FROM `web_news_content` [ RunTime:0.008000s ]
SQL: SELECT * FROM `web_news_content` WHERE ( `type` = 1 ) ORDER BY news_date LIMIT 0,7   [ RunTime:0.001000s ]
SQL: SHOW COLUMNS FROM `web_technology_suport` [ RunTime:0.006000s ]
SQL: SELECT * FROM `web_technology_suport` WHERE ( `type` = 0 ) LIMIT 0,7   [ RunTime:0.000000s ]
SQL: SHOW COLUMNS FROM `web_download_filename` [ RunTime:0.006000s ]
SQL: SELECT * FROM `web_download_filename` LIMIT 0,7   [ RunTime:0.000000s ]
SQL: SHOW COLUMNS FROM `web_product` [ RunTime:0.007000s ]
SQL: SELECT DISTINCT  `name`,`image_name` FROM `web_product` LIMIT 0,6   [ RunTime:0.000000s ]
SQL: SHOW COLUMNS FROM `web_company_information` [ RunTime:0.006001s ]
SQL: SELECT * FROM `web_company_information` WHERE ( `type` = 'QQ' )  [ RunTime:0.001000s ]
SQL: SELECT * FROM `web_company_information`  [ RunTime:0.000000s ]
INFO: [ view_template ] --START--
INFO: Run LocationTemplate Behavior [ RunTime:0.001000s ]
INFO: [ view_template ] --END-- [ RunTime:0.001000s ]
INFO: [ view_parse ] --START--
INFO: Run ParseTemplate Behavior [ RunTime:0.016001s ]
INFO: [ view_parse ] --END-- [ RunTime:0.016001s ]
INFO: [ view_filter ] --START--
INFO: Run ContentReplace Behavior [ RunTime:0.001000s ]
INFO: Run TokenBuild Behavior [ RunTime:0.000000s ]
INFO: Run WriteHtmlCache Behavior [ RunTime:0.001000s ]
INFO: Run ShowRuntime Behavior [ RunTime:0.000000s ]
INFO: [ view_filter ] --END-- [ RunTime:0.002000s ]
INFO: [ view_end ] --START--
INFO: Run ShowPageTrace Behavior [ RunTime:0.001000s ]
INFO: [ view_end ] --END-- [ RunTime:0.001000s ]

[ 2015-04-20T17:11:02+08:00 ] 127.0.0.1 /thinkphp/index.php/Product/product_details/name/%20%E4%BC%AA%E7%8B%82%E7%8A%AC%E7%97%85%E6%B4%BB%E7%96%AB%E8%8B%97
INFO: [ route_check ] --START--
INFO: Run CheckRoute Behavior [ RunTime:0.002000s ]
INFO: [ route_check ] --END-- [ RunTime:0.002000s ]
INFO: [ app_begin ] --START--
INFO: Run ReadHtmlCache Behavior [ RunTime:0.001000s ]
INFO: [ app_begin ] --END-- [ RunTime:0.001000s ]
SQL: SHOW COLUMNS FROM `web_product` [ RunTime:0.006000s ]
SQL: SELECT * FROM `web_product` WHERE ( `name` = ' ‰º™ÁãÇÁä¨ÁóÖÊ¥ªÁñ´Ëãó' )  [ RunTime:0.001000s ]
SQL: SHOW COLUMNS FROM `web_company_information` [ RunTime:0.005000s ]
SQL: SELECT * FROM `web_company_information` WHERE ( `type` = 'QQ' )  [ RunTime:0.001001s ]
SQL: SELECT * FROM `web_company_information`  [ RunTime:0.000000s ]
INFO: [ view_template ] --START--
INFO: Run LocationTemplate Behavior [ RunTime:0.061003s ]
INFO: [ view_template ] --END-- [ RunTime:0.061003s ]
INFO: [ view_parse ] --START--
INFO: Run ParseTemplate Behavior [ RunTime:0.045003s ]
INFO: [ view_parse ] --END-- [ RunTime:0.045003s ]
INFO: [ view_filter ] --START--
INFO: Run ContentReplace Behavior [ RunTime:0.001000s ]
INFO: Run TokenBuild Behavior [ RunTime:0.001000s ]
INFO: Run WriteHtmlCache Behavior [ RunTime:0.000000s ]
INFO: Run ShowRuntime Behavior [ RunTime:0.001000s ]
INFO: [ view_filter ] --END-- [ RunTime:0.003000s ]
INFO: [ view_end ] --START--
INFO: Run ShowPageTrace Behavior [ RunTime:0.001000s ]
INFO: [ view_end ] --END-- [ RunTime:0.001000s ]

[ 2015-04-20T17:13:03+08:00 ] ERR: (ThinkException) ”…”⁄ƒø±Íº∆À„ª˙ª˝º´æ‹æ¯£¨Œﬁ∑®¡¨Ω”°£

[ 2015-04-20T17:13:05+08:00 ] ERR: (ThinkException) ”…”⁄ƒø±Íº∆À„ª˙ª˝º´æ‹æ¯£¨Œﬁ∑®¡¨Ω”°£

[ 2015-04-20T17:13:07+08:00 ] ERR: (ThinkException) ”…”⁄ƒø±Íº∆À„ª˙ª˝º´æ‹æ¯£¨Œﬁ∑®¡¨Ω”°£

[ 2015-04-20T17:13:10+08:00 ] ERR: (ThinkException) ”…”⁄ƒø±Íº∆À„ª˙ª˝º´æ‹æ¯£¨Œﬁ∑®¡¨Ω”°£

[ 2015-04-20T17:13:20+08:00 ] 127.0.0.1 /thinkphp/
INFO: [ app_begin ] --START--
INFO: Run ReadHtmlCache Behavior [ RunTime:0.000000s ]
INFO: [ app_begin ] --END-- [ RunTime:0.001000s ]
SQL: SHOW COLUMNS FROM `web_about_company` [ RunTime:0.008001s ]
SQL: SELECT * FROM `web_about_company` WHERE ( `type` = 1 )  [ RunTime:0.001000s ]
SQL: SHOW COLUMNS FROM `web_news_content` [ RunTime:0.116007s ]
SQL: SELECT * FROM `web_news_content` WHERE ( `type` = 1 ) ORDER BY news_date LIMIT 0,7   [ RunTime:0.000000s ]
SQL: SHOW COLUMNS FROM `web_technology_suport` [ RunTime:0.006000s ]
SQL: SELECT * FROM `web_technology_suport` WHERE ( `type` = 0 ) LIMIT 0,7   [ RunTime:0.001000s ]
SQL: SHOW COLUMNS FROM `web_download_filename` [ RunTime:0.005000s ]
SQL: SELECT * FROM `web_download_filename` LIMIT 0,7   [ RunTime:0.000000s ]
SQL: SHOW COLUMNS FROM `web_product` [ RunTime:0.005001s ]
SQL: SELECT DISTINCT  `name`,`image_name` FROM `web_product` LIMIT 0,6   [ RunTime:0.000000s ]
SQL: SHOW COLUMNS FROM `web_company_information` [ RunTime:0.006000s ]
SQL: SELECT * FROM `web_company_information` WHERE ( `type` = 'QQ' )  [ RunTime:0.000000s ]
SQL: SELECT * FROM `web_company_information`  [ RunTime:0.001000s ]
INFO: [ view_template ] --START--
INFO: Run LocationTemplate Behavior [ RunTime:0.001000s ]
INFO: [ view_template ] --END-- [ RunTime:0.001000s ]
INFO: [ view_parse ] --START--
INFO: Run ParseTemplate Behavior [ RunTime:0.018001s ]
INFO: [ view_parse ] --END-- [ RunTime:0.018001s ]
INFO: [ view_filter ] --START--
INFO: Run ContentReplace Behavior [ RunTime:0.001000s ]
INFO: Run TokenBuild Behavior [ RunTime:0.000000s ]
INFO: Run WriteHtmlCache Behavior [ RunTime:0.001000s ]
INFO: Run ShowRuntime Behavior [ RunTime:0.001000s ]
INFO: [ view_filter ] --END-- [ RunTime:0.003000s ]
INFO: [ view_end ] --START--
INFO: Run ShowPageTrace Behavior [ RunTime:0.000000s ]
INFO: [ view_end ] --END-- [ RunTime:0.001000s ]

[ 2015-04-20T17:13:36+08:00 ] 127.0.0.1 /thinkphp/
INFO: [ app_begin ] --START--
INFO: Run ReadHtmlCache Behavior [ RunTime:0.000000s ]
INFO: [ app_begin ] --END-- [ RunTime:0.001000s ]
SQL: SHOW COLUMNS FROM `web_about_company` [ RunTime:0.007001s ]
SQL: SELECT * FROM `web_about_company` WHERE ( `type` = 1 )  [ RunTime:0.001000s ]
SQL: SHOW COLUMNS FROM `web_news_content` [ RunTime:0.005000s ]
SQL: SELECT * FROM `web_news_content` WHERE ( `type` = 1 ) ORDER BY news_date LIMIT 0,7   [ RunTime:0.001000s ]
SQL: SHOW COLUMNS FROM `web_technology_suport` [ RunTime:0.007000s ]
SQL: SELECT * FROM `web_technology_suport` WHERE ( `type` = 0 ) LIMIT 0,7   [ RunTime:0.001000s ]
SQL: SHOW COLUMNS FROM `web_download_filename` [ RunTime:0.007001s ]
SQL: SELECT * FROM `web_download_filename` LIMIT 0,7   [ RunTime:0.000000s ]
SQL: SHOW COLUMNS FROM `web_product` [ RunTime:0.007000s ]
SQL: SELECT DISTINCT  `name`,`image_name` FROM `web_product` LIMIT 0,6   [ RunTime:0.001000s ]
SQL: SHOW COLUMNS FROM `web_company_information` [ RunTime:0.009001s ]
SQL: SELECT * FROM `web_company_information` WHERE ( `type` = 'QQ' )  [ RunTime:0.001000s ]
SQL: SELECT * FROM `web_company_information`  [ RunTime:0.000000s ]
INFO: [ view_template ] --START--
INFO: Run LocationTemplate Behavior [ RunTime:0.001000s ]
INFO: [ view_template ] --END-- [ RunTime:0.001000s ]
INFO: [ view_parse ] --START--
INFO: Run ParseTemplate Behavior [ RunTime:0.019001s ]
INFO: [ view_parse ] --END-- [ RunTime:0.019001s ]
INFO: [ view_filter ] --START--
INFO: Run ContentReplace Behavior [ RunTime:0.001000s ]
INFO: Run TokenBuild Behavior [ RunTime:0.001000s ]
INFO: Run WriteHtmlCache Behavior [ RunTime:0.001000s ]
INFO: Run ShowRuntime Behavior [ RunTime:0.000000s ]
INFO: [ view_filter ] --END-- [ RunTime:0.003000s ]
INFO: [ view_end ] --START--
INFO: Run ShowPageTrace Behavior [ RunTime:0.001000s ]
INFO: [ view_end ] --END-- [ RunTime:0.001000s ]

[ 2015-04-20T17:14:30+08:00 ] 127.0.0.1 /thinkphp/
INFO: [ app_begin ] --START--
INFO: Run ReadHtmlCache Behavior [ RunTime:0.001000s ]
INFO: [ app_begin ] --END-- [ RunTime:0.001000s ]
SQL: SHOW COLUMNS FROM `web_about_company` [ RunTime:0.005000s ]
SQL: SELECT * FROM `web_about_company` WHERE ( `type` = 1 )  [ RunTime:0.000000s ]
SQL: SHOW COLUMNS FROM `web_news_content` [ RunTime:0.005000s ]
SQL: SELECT * FROM `web_news_content` WHERE ( `type` = 1 ) ORDER BY news_date LIMIT 0,7   [ RunTime:0.000000s ]
SQL: SHOW COLUMNS FROM `web_technology_suport` [ RunTime:0.006000s ]
SQL: SELECT * FROM `web_technology_suport` WHERE ( `type` = 0 ) LIMIT 0,7   [ RunTime:0.000000s ]
SQL: SHOW COLUMNS FROM `web_download_filename` [ RunTime:0.006001s ]
SQL: SELECT * FROM `web_download_filename` LIMIT 0,7   [ RunTime:0.001000s ]
SQL: SHOW COLUMNS FROM `web_product` [ RunTime:0.007000s ]
SQL: SELECT DISTINCT  `name`,`image_name` FROM `web_product` LIMIT 0,6   [ RunTime:0.001000s ]
SQL: SHOW COLUMNS FROM `web_company_information` [ RunTime:0.005000s ]
SQL: SELECT * FROM `web_company_information` WHERE ( `type` = 'QQ' )  [ RunTime:0.001000s ]
SQL: SELECT * FROM `web_company_information`  [ RunTime:0.000000s ]
INFO: [ view_template ] --START--
INFO: Run LocationTemplate Behavior [ RunTime:0.000000s ]
INFO: [ view_template ] --END-- [ RunTime:0.001001s ]
INFO: [ view_parse ] --START--
INFO: Run ParseTemplate Behavior [ RunTime:0.019001s ]
INFO: [ view_parse ] --END-- [ RunTime:0.019001s ]
INFO: [ view_filter ] --START--
INFO: Run ContentReplace Behavior [ RunTime:0.001000s ]
INFO: Run TokenBuild Behavior [ RunTime:0.001000s ]
INFO: Run WriteHtmlCache Behavior [ RunTime:0.000000s ]
INFO: Run ShowRuntime Behavior [ RunTime:0.000000s ]
INFO: [ view_filter ] --END-- [ RunTime:0.003000s ]
INFO: [ view_end ] --START--
INFO: Run ShowPageTrace Behavior [ RunTime:0.000000s ]
INFO: [ view_end ] --END-- [ RunTime:0.000000s ]

[ 2015-04-20T17:15:44+08:00 ] 127.0.0.1 /thinkphp/
INFO: [ app_begin ] --START--
INFO: Run ReadHtmlCache Behavior [ RunTime:0.001000s ]
INFO: [ app_begin ] --END-- [ RunTime:0.001000s ]
SQL: SHOW COLUMNS FROM `web_about_company` [ RunTime:0.006000s ]
SQL: SELECT * FROM `web_about_company` WHERE ( `type` = 1 )  [ RunTime:0.001001s ]
SQL: SHOW COLUMNS FROM `web_news_content` [ RunTime:0.007000s ]
SQL: SELECT * FROM `web_news_content` WHERE ( `type` = 1 ) ORDER BY news_date LIMIT 0,7   [ RunTime:0.000000s ]
SQL: SHOW COLUMNS FROM `web_technology_suport` [ RunTime:0.006000s ]
SQL: SELECT * FROM `web_technology_suport` WHERE ( `type` = 0 ) LIMIT 0,7   [ RunTime:0.000000s ]
SQL: SHOW COLUMNS FROM `web_download_filename` [ RunTime:0.005001s ]
SQL: SELECT * FROM `web_download_filename` LIMIT 0,7   [ RunTime:0.000000s ]
SQL: SHOW COLUMNS FROM `web_product` [ RunTime:0.006000s ]
SQL: SELECT DISTINCT  `name`,`image_name` FROM `web_product` LIMIT 0,6   [ RunTime:0.000000s ]
SQL: SHOW COLUMNS FROM `web_company_information` [ RunTime:0.005000s ]
SQL: SELECT * FROM `web_company_information` WHERE ( `type` = 'QQ' )  [ RunTime:0.000000s ]
SQL: SELECT * FROM `web_company_information`  [ RunTime:0.000000s ]
INFO: [ view_template ] --START--
INFO: Run LocationTemplate Behavior [ RunTime:0.000000s ]
INFO: [ view_template ] --END-- [ RunTime:0.001000s ]
INFO: [ view_parse ] --START--
INFO: Run ParseTemplate Behavior [ RunTime:0.017001s ]
INFO: [ view_parse ] --END-- [ RunTime:0.017001s ]
INFO: [ view_filter ] --START--
INFO: Run ContentReplace Behavior [ RunTime:0.001000s ]
INFO: Run TokenBuild Behavior [ RunTime:0.000000s ]
INFO: Run WriteHtmlCache Behavior [ RunTime:0.001000s ]
INFO: Run ShowRuntime Behavior [ RunTime:0.001001s ]
INFO: [ view_filter ] --END-- [ RunTime:0.003001s ]
INFO: [ view_end ] --START--
INFO: Run ShowPageTrace Behavior [ RunTime:0.001000s ]
INFO: [ view_end ] --END-- [ RunTime:0.001000s ]

[ 2015-04-20T17:17:41+08:00 ] 127.0.0.1 /thinkphp/
INFO: [ app_begin ] --START--
INFO: Run ReadHtmlCache Behavior [ RunTime:0.000000s ]
INFO: [ app_begin ] --END-- [ RunTime:0.002000s ]
SQL: SHOW COLUMNS FROM `web_about_company` [ RunTime:0.006000s ]
SQL: SELECT * FROM `web_about_company` WHERE ( `type` = 1 )  [ RunTime:0.001000s ]
SQL: SHOW COLUMNS FROM `web_news_content` [ RunTime:0.008001s ]
SQL: SELECT * FROM `web_news_content` WHERE ( `type` = 1 ) ORDER BY news_date LIMIT 0,7   [ RunTime:0.001000s ]
SQL: SHOW COLUMNS FROM `web_technology_suport` [ RunTime:0.006000s ]
SQL: SELECT * FROM `web_technology_suport` WHERE ( `type` = 0 ) LIMIT 0,7   [ RunTime:0.000000s ]
SQL: SHOW COLUMNS FROM `web_download_filename` [ RunTime:0.006000s ]
SQL: SELECT * FROM `web_download_filename` LIMIT 0,7   [ RunTime:0.001000s ]
SQL: SHOW COLUMNS FROM `web_product` [ RunTime:0.005001s ]
SQL: SELECT DISTINCT  `name`,`image_name` FROM `web_product` LIMIT 0,6   [ RunTime:0.001000s ]
SQL: SHOW COLUMNS FROM `web_company_information` [ RunTime:0.005000s ]
SQL: SELECT * FROM `web_company_information` WHERE ( `type` = 'QQ' )  [ RunTime:0.001000s ]
SQL: SELECT * FROM `web_company_information`  [ RunTime:0.000000s ]
INFO: [ view_template ] --START--
INFO: Run LocationTemplate Behavior [ RunTime:0.001000s ]
INFO: [ view_template ] --END-- [ RunTime:0.001000s ]
INFO: [ view_parse ] --START--
INFO: Run ParseTemplate Behavior [ RunTime:0.016001s ]
INFO: [ view_parse ] --END-- [ RunTime:0.016001s ]
INFO: [ view_filter ] --START--
INFO: Run ContentReplace Behavior [ RunTime:0.001000s ]
INFO: Run TokenBuild Behavior [ RunTime:0.001000s ]
INFO: Run WriteHtmlCache Behavior [ RunTime:0.000000s ]
INFO: Run ShowRuntime Behavior [ RunTime:0.001000s ]
INFO: [ view_filter ] --END-- [ RunTime:0.003000s ]
INFO: [ view_end ] --START--
INFO: Run ShowPageTrace Behavior [ RunTime:0.000000s ]
INFO: [ view_end ] --END-- [ RunTime:0.000000s ]

[ 2015-04-20T17:17:52+08:00 ] 127.0.0.1 /thinkphp/
INFO: [ app_begin ] --START--
INFO: Run ReadHtmlCache Behavior [ RunTime:0.001000s ]
INFO: [ app_begin ] --END-- [ RunTime:0.001000s ]
SQL: SHOW COLUMNS FROM `web_about_company` [ RunTime:0.006000s ]
SQL: SELECT * FROM `web_about_company` WHERE ( `type` = 1 )  [ RunTime:0.000000s ]
SQL: SHOW COLUMNS FROM `web_news_content` [ RunTime:0.008000s ]
SQL: SELECT * FROM `web_news_content` WHERE ( `type` = 1 ) ORDER BY news_date LIMIT 0,7   [ RunTime:0.001000s ]
SQL: SHOW COLUMNS FROM `web_technology_suport` [ RunTime:0.005001s ]
SQL: SELECT * FROM `web_technology_suport` WHERE ( `type` = 0 ) LIMIT 0,7   [ RunTime:0.001000s ]
SQL: SHOW COLUMNS FROM `web_download_filename` [ RunTime:0.005000s ]
SQL: SELECT * FROM `web_download_filename` LIMIT 0,7   [ RunTime:0.000000s ]
SQL: SHOW COLUMNS FROM `web_product` [ RunTime:0.006001s ]
SQL: SELECT DISTINCT  `name`,`image_name` FROM `web_product` LIMIT 0,6   [ RunTime:0.000000s ]
SQL: SHOW COLUMNS FROM `web_company_information` [ RunTime:0.006000s ]
SQL: SELECT * FROM `web_company_information` WHERE ( `type` = 'QQ' )  [ RunTime:0.000000s ]
SQL: SELECT * FROM `web_company_information`  [ RunTime:0.000000s ]
INFO: [ view_template ] --START--
INFO: Run LocationTemplate Behavior [ RunTime:0.001000s ]
INFO: [ view_template ] --END-- [ RunTime:0.001000s ]
INFO: [ view_parse ] --START--
INFO: Run ParseTemplate Behavior [ RunTime:0.015001s ]
INFO: [ view_parse ] --END-- [ RunTime:0.015001s ]
INFO: [ view_filter ] --START--
INFO: Run ContentReplace Behavior [ RunTime:0.001000s ]
INFO: Run TokenBuild Behavior [ RunTime:0.003000s ]
INFO: Run WriteHtmlCache Behavior [ RunTime:0.000000s ]
INFO: Run ShowRuntime Behavior [ RunTime:0.001000s ]
INFO: [ view_filter ] --END-- [ RunTime:0.006000s ]
INFO: [ view_end ] --START--
INFO: Run ShowPageTrace Behavior [ RunTime:0.001000s ]
INFO: [ view_end ] --END-- [ RunTime:0.001000s ]

[ 2015-04-20T17:33:43+08:00 ] 127.0.0.1 /thinkphp/
INFO: [ app_begin ] --START--
INFO: Run ReadHtmlCache Behavior [ RunTime:0.001000s ]
INFO: [ app_begin ] --END-- [ RunTime:0.001000s ]
SQL: SHOW COLUMNS FROM `web_about_company` [ RunTime:0.005000s ]
SQL: SELECT * FROM `web_about_company` WHERE ( `type` = 1 )  [ RunTime:0.000000s ]
SQL: SHOW COLUMNS FROM `web_news_content` [ RunTime:0.005001s ]
SQL: SELECT * FROM `web_news_content` WHERE ( `type` = 1 ) ORDER BY news_date LIMIT 0,7   [ RunTime:0.001000s ]
SQL: SHOW COLUMNS FROM `web_technology_suport` [ RunTime:0.005000s ]
SQL: SELECT * FROM `web_technology_suport` WHERE ( `type` = 0 ) LIMIT 0,7   [ RunTime:0.001000s ]
SQL: SHOW COLUMNS FROM `web_download_filename` [ RunTime:0.006000s ]
SQL: SELECT * FROM `web_download_filename` LIMIT 0,7   [ RunTime:0.001001s ]
SQL: SHOW COLUMNS FROM `web_product` [ RunTime:0.006000s ]
SQL: SELECT DISTINCT  `name`,`image_name` FROM `web_product` LIMIT 0,6   [ RunTime:0.000000s ]
SQL: SHOW COLUMNS FROM `web_company_information` [ RunTime:0.005000s ]
SQL: SELECT * FROM `web_company_information` WHERE ( `type` = 'QQ' )  [ RunTime:0.000000s ]
SQL: SELECT * FROM `web_company_information`  [ RunTime:0.000000s ]
INFO: [ view_template ] --START--
INFO: Run LocationTemplate Behavior [ RunTime:0.001000s ]
INFO: [ view_template ] --END-- [ RunTime:0.001000s ]
INFO: [ view_parse ] --START--
INFO: Run ParseTemplate Behavior [ RunTime:0.017001s ]
INFO: [ view_parse ] --END-- [ RunTime:0.017001s ]
INFO: [ view_filter ] --START--
INFO: Run ContentReplace Behavior [ RunTime:0.001000s ]
INFO: Run TokenBuild Behavior [ RunTime:0.001000s ]
INFO: Run WriteHtmlCache Behavior [ RunTime:0.000000s ]
INFO: Run ShowRuntime Behavior [ RunTime:0.001000s ]
INFO: [ view_filter ] --END-- [ RunTime:0.003000s ]
INFO: [ view_end ] --START--
INFO: Run ShowPageTrace Behavior [ RunTime:0.001001s ]
INFO: [ view_end ] --END-- [ RunTime:0.001001s ]

[ 2015-04-20T17:36:50+08:00 ] 127.0.0.1 /thinkphp/
INFO: [ app_begin ] --START--
INFO: Run ReadHtmlCache Behavior [ RunTime:0.001000s ]
INFO: [ app_begin ] --END-- [ RunTime:0.001000s ]
SQL: SHOW COLUMNS FROM `web_about_company` [ RunTime:0.006000s ]
SQL: SELECT * FROM `web_about_company` WHERE ( `type` = 1 )  [ RunTime:0.000000s ]
SQL: SHOW COLUMNS FROM `web_news_content` [ RunTime:0.004000s ]
SQL: SELECT * FROM `web_news_content` WHERE ( `type` = 1 ) ORDER BY news_date LIMIT 0,7   [ RunTime:0.000000s ]
SQL: SHOW COLUMNS FROM `web_technology_suport` [ RunTime:0.005001s ]
SQL: SELECT * FROM `web_technology_suport` WHERE ( `type` = 0 ) LIMIT 0,7   [ RunTime:0.001000s ]
SQL: SHOW COLUMNS FROM `web_download_filename` [ RunTime:0.005000s ]
SQL: SELECT * FROM `web_download_filename` LIMIT 0,7   [ RunTime:0.000000s ]
SQL: SHOW COLUMNS FROM `web_product` [ RunTime:0.005000s ]
SQL: SELECT DISTINCT  `name`,`image_name` FROM `web_product` LIMIT 0,6   [ RunTime:0.000000s ]
SQL: SHOW COLUMNS FROM `web_company_information` [ RunTime:0.005001s ]
SQL: SELECT * FROM `web_company_information` WHERE ( `type` = 'QQ' )  [ RunTime:0.000000s ]
SQL: SELECT * FROM `web_company_information`  [ RunTime:0.001000s ]
INFO: [ view_template ] --START--
INFO: Run LocationTemplate Behavior [ RunTime:0.001000s ]
INFO: [ view_template ] --END-- [ RunTime:0.001000s ]
INFO: [ view_parse ] --START--
INFO: Run ParseTemplate Behavior [ RunTime:0.018001s ]
INFO: [ view_parse ] --END-- [ RunTime:0.018001s ]
INFO: [ view_filter ] --START--
INFO: Run ContentReplace Behavior [ RunTime:0.000000s ]
INFO: Run TokenBuild Behavior [ RunTime:0.001000s ]
INFO: Run WriteHtmlCache Behavior [ RunTime:0.000000s ]
INFO: Run ShowRuntime Behavior [ RunTime:0.001000s ]
INFO: [ view_filter ] --END-- [ RunTime:0.002000s ]
INFO: [ view_end ] --START--
INFO: Run ShowPageTrace Behavior [ RunTime:0.000000s ]
INFO: [ view_end ] --END-- [ RunTime:0.000000s ]

