[ 2015-03-17T23:16:03+08:00 ] ERR: (ThinkException) 无法加载模块:Filedownload
[ 2015-03-17T23:16:57+08:00 ] ERR: (ThinkException) 无法加载模块:download
[ 2015-03-17T23:17:08+08:00 ] 127.0.0.1 /thinkphp/index.php/Download/index/Id/71
INFO: [ route_check ] --START--
INFO: Run CheckRoute Behavior [ RunTime:0.001000s ]
INFO: [ route_check ] --END-- [ RunTime:0.001000s ]
INFO: [ app_begin ] --START--
INFO: Run ReadHtmlCache Behavior [ RunTime:0.001001s ]
INFO: [ app_begin ] --END-- [ RunTime:0.001001s ]
SQL: SHOW COLUMNS FROM `web_download_filename` [ RunTime:0.006000s ]
SQL: SELECT COUNT(*) AS tp_count FROM `web_download_filename` LIMIT 1   [ RunTime:0.000000s ]
SQL: SELECT * FROM `web_download_filename` ORDER BY DateTime LIMIT 0,5   [ RunTime:0.000000s ]
SQL: SHOW COLUMNS FROM `web_company_information` [ RunTime:0.006001s ]
SQL: SELECT * FROM `web_company_information` WHERE ( `type` = 'QQ' )  [ RunTime:0.000000s ]
SQL: SELECT * FROM `web_company_information`  [ RunTime:0.000000s ]
INFO: [ view_template ] --START--
INFO: Run LocationTemplate Behavior [ RunTime:0.002000s ]
INFO: [ view_template ] --END-- [ RunTime:0.002000s ]
INFO: [ view_parse ] --START--
INFO: Run ParseTemplate Behavior [ RunTime:0.014001s ]
INFO: [ view_parse ] --END-- [ RunTime:0.014001s ]
INFO: [ view_filter ] --START--
INFO: Run ContentReplace Behavior [ RunTime:0.001000s ]
INFO: Run TokenBuild Behavior [ RunTime:0.001000s ]
INFO: Run WriteHtmlCache Behavior [ RunTime:0.001000s ]
INFO: Run ShowRuntime Behavior [ RunTime:0.002000s ]
INFO: [ view_filter ] --END-- [ RunTime:0.005000s ]
INFO: [ view_end ] --START--
INFO: Run ShowPageTrace Behavior [ RunTime:0.001000s ]
INFO: [ view_end ] --END-- [ RunTime:0.001000s ]

[ 2015-03-17T23:17:11+08:00 ] 127.0.0.1 /thinkphp/index.php/Download/index
INFO: [ route_check ] --START--
INFO: Run CheckRoute Behavior [ RunTime:0.001000s ]
INFO: [ route_check ] --END-- [ RunTime:0.001000s ]
INFO: [ app_begin ] --START--
INFO: Run ReadHtmlCache Behavior [ RunTime:0.000000s ]
INFO: [ app_begin ] --END-- [ RunTime:0.000000s ]
SQL: SHOW COLUMNS FROM `web_download_filename` [ RunTime:0.006001s ]
SQL: SELECT COUNT(*) AS tp_count FROM `web_download_filename` LIMIT 1   [ RunTime:0.000000s ]
SQL: SELECT * FROM `web_download_filename` ORDER BY DateTime LIMIT 0,5   [ RunTime:0.001000s ]
SQL: SHOW COLUMNS FROM `web_company_information` [ RunTime:0.006000s ]
SQL: SELECT * FROM `web_company_information` WHERE ( `type` = 'QQ' )  [ RunTime:0.001000s ]
SQL: SELECT * FROM `web_company_information`  [ RunTime:0.000000s ]
INFO: [ view_template ] --START--
INFO: Run LocationTemplate Behavior [ RunTime:0.001000s ]
INFO: [ view_template ] --END-- [ RunTime:0.001000s ]
INFO: [ view_parse ] --START--
INFO: Run ParseTemplate Behavior [ RunTime:0.013001s ]
INFO: [ view_parse ] --END-- [ RunTime:0.013001s ]
INFO: [ view_filter ] --START--
INFO: Run ContentReplace Behavior [ RunTime:0.001000s ]
INFO: Run TokenBuild Behavior [ RunTime:0.000000s ]
INFO: Run WriteHtmlCache Behavior [ RunTime:0.001000s ]
INFO: Run ShowRuntime Behavior [ RunTime:0.001000s ]
INFO: [ view_filter ] --END-- [ RunTime:0.003000s ]
INFO: [ view_end ] --START--
INFO: Run ShowPageTrace Behavior [ RunTime:0.000000s ]
INFO: [ view_end ] --END-- [ RunTime:0.000000s ]

[ 2015-03-17T23:17:12+08:00 ] ERR: (ThinkException) 无法加载模块:Filedownload
[ 2015-03-17T23:19:35+08:00 ] 127.0.0.1 /thinkphp/index.php/Download/index
INFO: [ route_check ] --START--
INFO: Run CheckRoute Behavior [ RunTime:0.001000s ]
INFO: [ route_check ] --END-- [ RunTime:0.002000s ]
INFO: [ app_begin ] --START--
INFO: Run ReadHtmlCache Behavior [ RunTime:0.001001s ]
INFO: [ app_begin ] --END-- [ RunTime:0.001001s ]
SQL: SHOW COLUMNS FROM `web_download_filename` [ RunTime:0.006000s ]
SQL: SELECT COUNT(*) AS tp_count FROM `web_download_filename` LIMIT 1   [ RunTime:0.000000s ]
SQL: SELECT * FROM `web_download_filename` ORDER BY DateTime LIMIT 0,5   [ RunTime:0.001000s ]
SQL: SHOW COLUMNS FROM `web_company_information` [ RunTime:0.006001s ]
SQL: SELECT * FROM `web_company_information` WHERE ( `type` = 'QQ' )  [ RunTime:0.001000s ]
SQL: SELECT * FROM `web_company_information`  [ RunTime:0.000000s ]
INFO: [ view_template ] --START--
INFO: Run LocationTemplate Behavior [ RunTime:0.002000s ]
INFO: [ view_template ] --END-- [ RunTime:0.002000s ]
INFO: [ view_parse ] --START--
INFO: Run ParseTemplate Behavior [ RunTime:0.017001s ]
INFO: [ view_parse ] --END-- [ RunTime:0.017001s ]
INFO: [ view_filter ] --START--
INFO: Run ContentReplace Behavior [ RunTime:0.001000s ]
INFO: Run TokenBuild Behavior [ RunTime:0.000000s ]
INFO: Run WriteHtmlCache Behavior [ RunTime:0.001000s ]
INFO: Run ShowRuntime Behavior [ RunTime:0.001000s ]
INFO: [ view_filter ] --END-- [ RunTime:0.003000s ]
INFO: [ view_end ] --START--
INFO: Run ShowPageTrace Behavior [ RunTime:0.001000s ]
INFO: [ view_end ] --END-- [ RunTime:0.001000s ]

[ 2015-03-17T23:19:45+08:00 ] 127.0.0.1 /thinkphp/
INFO: [ app_begin ] --START--
INFO: Run ReadHtmlCache Behavior [ RunTime:0.001000s ]
INFO: [ app_begin ] --END-- [ RunTime:0.001000s ]
SQL: SHOW COLUMNS FROM `web_about_company` [ RunTime:0.006000s ]
SQL: SELECT * FROM `web_about_company` WHERE ( `type` = 1 )  [ RunTime:0.001000s ]
SQL: SHOW COLUMNS FROM `web_news_content` [ RunTime:0.007000s ]
SQL: SELECT * FROM `web_news_content` WHERE ( `type` = 1 ) ORDER BY news_date LIMIT 0,7   [ RunTime:0.000000s ]
SQL: SHOW COLUMNS FROM `web_technology_suport` [ RunTime:0.006001s ]
SQL: SELECT * FROM `web_technology_suport` WHERE ( `type` = '临床技术' ) LIMIT 0,7   [ RunTime:0.000000s ]
SQL: SHOW COLUMNS FROM `web_download_filename` [ RunTime:0.006000s ]
SQL: SELECT * FROM `web_download_filename` LIMIT 0,7   [ RunTime:0.000000s ]
SQL: SHOW COLUMNS FROM `web_product` [ RunTime:0.006000s ]
SQL: SELECT DISTINCT  `name`,`image_name` FROM `web_product` LIMIT 0,6   [ RunTime:0.000000s ]
SQL: SHOW COLUMNS FROM `web_company_information` [ RunTime:0.008000s ]
SQL: SELECT * FROM `web_company_information` WHERE ( `type` = 'QQ' )  [ RunTime:0.003000s ]
SQL: SELECT * FROM `web_company_information`  [ RunTime:0.001000s ]
INFO: [ view_template ] --START--
INFO: Run LocationTemplate Behavior [ RunTime:0.001000s ]
INFO: [ view_template ] --END-- [ RunTime:0.001000s ]
INFO: [ view_parse ] --START--
INFO: Run ParseTemplate Behavior [ RunTime:0.025002s ]
INFO: [ view_parse ] --END-- [ RunTime:0.025002s ]
INFO: [ view_filter ] --START--
INFO: Run ContentReplace Behavior [ RunTime:0.001000s ]
INFO: Run TokenBuild Behavior [ RunTime:0.001000s ]
INFO: Run WriteHtmlCache Behavior [ RunTime:0.001000s ]
INFO: Run ShowRuntime Behavior [ RunTime:0.003000s ]
INFO: [ view_filter ] --END-- [ RunTime:0.006000s ]
INFO: [ view_end ] --START--
INFO: Run ShowPageTrace Behavior [ RunTime:0.002000s ]
INFO: [ view_end ] --END-- [ RunTime:0.002000s ]

[ 2015-03-17T23:19:47+08:00 ] 127.0.0.1 /thinkphp/index.php/Download/index
INFO: [ route_check ] --START--
INFO: Run CheckRoute Behavior [ RunTime:0.002000s ]
INFO: [ route_check ] --END-- [ RunTime:0.002000s ]
INFO: [ app_begin ] --START--
INFO: Run ReadHtmlCache Behavior [ RunTime:0.001000s ]
INFO: [ app_begin ] --END-- [ RunTime:0.001000s ]
SQL: SHOW COLUMNS FROM `web_download_filename` [ RunTime:0.007001s ]
SQL: SELECT COUNT(*) AS tp_count FROM `web_download_filename` LIMIT 1   [ RunTime:0.000000s ]
SQL: SELECT * FROM `web_download_filename` ORDER BY DateTime LIMIT 0,5   [ RunTime:0.000000s ]
SQL: SHOW COLUMNS FROM `web_company_information` [ RunTime:0.007000s ]
SQL: SELECT * FROM `web_company_information` WHERE ( `type` = 'QQ' )  [ RunTime:0.000000s ]
SQL: SELECT * FROM `web_company_information`  [ RunTime:0.000000s ]
INFO: [ view_template ] --START--
INFO: Run LocationTemplate Behavior [ RunTime:0.001001s ]
INFO: [ view_template ] --END-- [ RunTime:0.001001s ]
INFO: [ view_parse ] --START--
INFO: Run ParseTemplate Behavior [ RunTime:0.018001s ]
INFO: [ view_parse ] --END-- [ RunTime:0.018001s ]
INFO: [ view_filter ] --START--
INFO: Run ContentReplace Behavior [ RunTime:0.001000s ]
INFO: Run TokenBuild Behavior [ RunTime:0.000000s ]
INFO: Run WriteHtmlCache Behavior [ RunTime:0.001000s ]
INFO: Run ShowRuntime Behavior [ RunTime:0.000000s ]
INFO: [ view_filter ] --END-- [ RunTime:0.002000s ]
INFO: [ view_end ] --START--
INFO: Run ShowPageTrace Behavior [ RunTime:0.002000s ]
INFO: [ view_end ] --END-- [ RunTime:0.003000s ]

[ 2015-03-17T23:19:50+08:00 ] 127.0.0.1 /thinkphp/index.php/Download/index/p/2
INFO: [ route_check ] --START--
INFO: Run CheckRoute Behavior [ RunTime:0.001000s ]
INFO: [ route_check ] --END-- [ RunTime:0.001000s ]
INFO: [ app_begin ] --START--
INFO: Run ReadHtmlCache Behavior [ RunTime:0.001000s ]
INFO: [ app_begin ] --END-- [ RunTime:0.001000s ]
SQL: SHOW COLUMNS FROM `web_download_filename` [ RunTime:0.007000s ]
SQL: SELECT COUNT(*) AS tp_count FROM `web_download_filename` LIMIT 1   [ RunTime:0.001000s ]
SQL: SELECT * FROM `web_download_filename` ORDER BY DateTime LIMIT 5,5   [ RunTime:0.000000s ]
SQL: SHOW COLUMNS FROM `web_company_information` [ RunTime:0.006000s ]
SQL: SELECT * FROM `web_company_information` WHERE ( `type` = 'QQ' )  [ RunTime:0.000000s ]
SQL: SELECT * FROM `web_company_information`  [ RunTime:0.001000s ]
INFO: [ view_template ] --START--
INFO: Run LocationTemplate Behavior [ RunTime:0.002001s ]
INFO: [ view_template ] --END-- [ RunTime:0.002001s ]
INFO: [ view_parse ] --START--
INFO: Run ParseTemplate Behavior [ RunTime:0.014000s ]
INFO: [ view_parse ] --END-- [ RunTime:0.014000s ]
INFO: [ view_filter ] --START--
INFO: Run ContentReplace Behavior [ RunTime:0.000000s ]
INFO: Run TokenBuild Behavior [ RunTime:0.000000s ]
INFO: Run WriteHtmlCache Behavior [ RunTime:0.001000s ]
INFO: Run ShowRuntime Behavior [ RunTime:0.000000s ]
INFO: [ view_filter ] --END-- [ RunTime:0.002001s ]
INFO: [ view_end ] --START--
INFO: Run ShowPageTrace Behavior [ RunTime:0.002000s ]
INFO: [ view_end ] --END-- [ RunTime:0.002000s ]

[ 2015-03-17T23:19:52+08:00 ] ERR: (ThinkException) 无法加载模块:Filedownload
[ 2015-03-17T23:20:35+08:00 ] ERR: (ThinkException) 无法加载模块:Filedownload
[ 2015-03-17T23:21:58+08:00 ] ERR: (ThinkException) 无法加载模块:Filedownload
[ 2015-03-17T23:21:59+08:00 ] ERR: (ThinkException) 无法加载模块:Filedownload
[ 2015-03-17T23:22:00+08:00 ] ERR: (ThinkException) 无法加载模块:Filedownload
[ 2015-03-17T23:22:00+08:00 ] ERR: (ThinkException) 无法加载模块:Filedownload
[ 2015-03-17T23:22:00+08:00 ] ERR: (ThinkException) 无法加载模块:Filedownload
[ 2015-03-17T23:22:03+08:00 ] ERR: (ThinkException) 无法加载模块:Filedownload
[ 2015-03-17T23:22:49+08:00 ] ERR: (ThinkException) 模板不存在[./home/Tpl/Filedownload/index.html]
[ 2015-03-17T23:23:12+08:00 ] 127.0.0.1 /thinkphp/index.php/Filedownload/index/Id/71
INFO: [ route_check ] --START--
INFO: Run CheckRoute Behavior [ RunTime:0.001001s ]
INFO: [ route_check ] --END-- [ RunTime:0.001001s ]
INFO: [ app_begin ] --START--
INFO: Run ReadHtmlCache Behavior [ RunTime:0.001000s ]
INFO: [ app_begin ] --END-- [ RunTime:0.001000s ]

[ 2015-03-17T23:23:12+08:00 ] 127.0.0.1 /thinkphp/index.php/Filedownload/index/Id/71
INFO: [ route_check ] --START--
INFO: Run CheckRoute Behavior [ RunTime:0.001001s ]
INFO: [ route_check ] --END-- [ RunTime:0.001001s ]
INFO: [ app_begin ] --START--
INFO: Run ReadHtmlCache Behavior [ RunTime:0.001000s ]
INFO: [ app_begin ] --END-- [ RunTime:0.001000s ]

[ 2015-03-17T23:24:11+08:00 ] 127.0.0.1 /thinkphp/index.php/Filedownload/index/Id/71
INFO: [ route_check ] --START--
INFO: Run CheckRoute Behavior [ RunTime:0.001000s ]
INFO: [ route_check ] --END-- [ RunTime:0.001000s ]
INFO: [ app_begin ] --START--
INFO: Run ReadHtmlCache Behavior [ RunTime:0.001000s ]
INFO: [ app_begin ] --END-- [ RunTime:0.001000s ]

[ 2015-03-17T23:27:40+08:00 ] 127.0.0.1 /thinkphp/index.php/Download/index/p/2
INFO: [ route_check ] --START--
INFO: Run CheckRoute Behavior [ RunTime:0.002001s ]
INFO: [ route_check ] --END-- [ RunTime:0.002001s ]
INFO: [ app_begin ] --START--
INFO: Run ReadHtmlCache Behavior [ RunTime:0.001000s ]
INFO: [ app_begin ] --END-- [ RunTime:0.001000s ]
SQL: SHOW COLUMNS FROM `web_download_filename` [ RunTime:0.006000s ]
SQL: SELECT COUNT(*) AS tp_count FROM `web_download_filename` LIMIT 1   [ RunTime:0.000000s ]
SQL: SELECT * FROM `web_download_filename` ORDER BY DateTime LIMIT 5,5   [ RunTime:0.001000s ]
SQL: SHOW COLUMNS FROM `web_company_information` [ RunTime:0.005001s ]
SQL: SELECT * FROM `web_company_information` WHERE ( `type` = 'QQ' )  [ RunTime:0.001000s ]
SQL: SELECT * FROM `web_company_information`  [ RunTime:0.000000s ]
INFO: [ view_template ] --START--
INFO: Run LocationTemplate Behavior [ RunTime:0.001000s ]
INFO: [ view_template ] --END-- [ RunTime:0.001000s ]
INFO: [ view_parse ] --START--
INFO: Run ParseTemplate Behavior [ RunTime:0.017001s ]
INFO: [ view_parse ] --END-- [ RunTime:0.017001s ]
INFO: [ view_filter ] --START--
INFO: Run ContentReplace Behavior [ RunTime:0.000000s ]
INFO: Run TokenBuild Behavior [ RunTime:0.001000s ]
INFO: Run WriteHtmlCache Behavior [ RunTime:0.001000s ]
INFO: Run ShowRuntime Behavior [ RunTime:0.000000s ]
INFO: [ view_filter ] --END-- [ RunTime:0.003000s ]
INFO: [ view_end ] --START--
INFO: Run ShowPageTrace Behavior [ RunTime:0.000000s ]
INFO: [ view_end ] --END-- [ RunTime:0.000000s ]

[ 2015-03-17T23:40:54+08:00 ] 127.0.0.1 /thinkphp/index.php/Download/index/p/1
INFO: [ route_check ] --START--
INFO: Run CheckRoute Behavior [ RunTime:0.001000s ]
INFO: [ route_check ] --END-- [ RunTime:0.001000s ]
INFO: [ app_begin ] --START--
INFO: Run ReadHtmlCache Behavior [ RunTime:0.001000s ]
INFO: [ app_begin ] --END-- [ RunTime:0.001000s ]
SQL: SHOW COLUMNS FROM `web_download_filename` [ RunTime:0.006000s ]
SQL: SELECT COUNT(*) AS tp_count FROM `web_download_filename` LIMIT 1   [ RunTime:0.000000s ]
SQL: SELECT * FROM `web_download_filename` ORDER BY DateTime LIMIT 0,5   [ RunTime:0.001000s ]
SQL: SHOW COLUMNS FROM `web_company_information` [ RunTime:0.007000s ]
SQL: SELECT * FROM `web_company_information` WHERE ( `type` = 'QQ' )  [ RunTime:0.000000s ]
SQL: SELECT * FROM `web_company_information`  [ RunTime:0.000000s ]
INFO: [ view_template ] --START--
INFO: Run LocationTemplate Behavior [ RunTime:0.001000s ]
INFO: [ view_template ] --END-- [ RunTime:0.002000s ]
INFO: [ view_parse ] --START--
INFO: Run ParseTemplate Behavior [ RunTime:0.014000s ]
INFO: [ view_parse ] --END-- [ RunTime:0.015000s ]
INFO: [ view_filter ] --START--
INFO: Run ContentReplace Behavior [ RunTime:0.001001s ]
INFO: Run TokenBuild Behavior [ RunTime:0.000000s ]
INFO: Run WriteHtmlCache Behavior [ RunTime:0.001000s ]
INFO: Run ShowRuntime Behavior [ RunTime:0.001000s ]
INFO: [ view_filter ] --END-- [ RunTime:0.003001s ]
INFO: [ view_end ] --START--
INFO: Run ShowPageTrace Behavior [ RunTime:0.001000s ]
INFO: [ view_end ] --END-- [ RunTime:0.001000s ]

[ 2015-03-17T23:44:51+08:00 ] 127.0.0.1 /thinkphp/index.php/Download/index/p/2
INFO: [ route_check ] --START--
INFO: Run CheckRoute Behavior [ RunTime:0.001000s ]
INFO: [ route_check ] --END-- [ RunTime:0.001000s ]
INFO: [ app_begin ] --START--
INFO: Run ReadHtmlCache Behavior [ RunTime:0.001001s ]
INFO: [ app_begin ] --END-- [ RunTime:0.001001s ]
SQL: SHOW COLUMNS FROM `web_download_filename` [ RunTime:0.005000s ]
SQL: SELECT COUNT(*) AS tp_count FROM `web_download_filename` LIMIT 1   [ RunTime:0.000000s ]
SQL: SELECT * FROM `web_download_filename` ORDER BY DateTime LIMIT 5,5   [ RunTime:0.000000s ]
SQL: SHOW COLUMNS FROM `web_company_information` [ RunTime:0.005000s ]
SQL: SELECT * FROM `web_company_information` WHERE ( `type` = 'QQ' )  [ RunTime:0.000000s ]
SQL: SELECT * FROM `web_company_information`  [ RunTime:0.001000s ]
INFO: [ view_template ] --START--
INFO: Run LocationTemplate Behavior [ RunTime:0.001000s ]
INFO: [ view_template ] --END-- [ RunTime:0.001000s ]
INFO: [ view_parse ] --START--
INFO: Run ParseTemplate Behavior [ RunTime:0.014001s ]
INFO: [ view_parse ] --END-- [ RunTime:0.014001s ]
INFO: [ view_filter ] --START--
INFO: Run ContentReplace Behavior [ RunTime:0.001000s ]
INFO: Run TokenBuild Behavior [ RunTime:0.000000s ]
INFO: Run WriteHtmlCache Behavior [ RunTime:0.001000s ]
INFO: Run ShowRuntime Behavior [ RunTime:0.000000s ]
INFO: [ view_filter ] --END-- [ RunTime:0.002000s ]
INFO: [ view_end ] --START--
INFO: Run ShowPageTrace Behavior [ RunTime:0.001000s ]
INFO: [ view_end ] --END-- [ RunTime:0.001000s ]

[ 2015-03-17T23:49:12+08:00 ] ERR: (ThinkException) 无法加载模块:Filedownload
[ 2015-03-17T23:52:07+08:00 ] 127.0.0.1 /thinkphp/index.php/Download/index/p/1
INFO: [ route_check ] --START--
INFO: Run CheckRoute Behavior [ RunTime:0.001000s ]
INFO: [ route_check ] --END-- [ RunTime:0.001000s ]
INFO: [ app_begin ] --START--
INFO: Run ReadHtmlCache Behavior [ RunTime:0.001000s ]
INFO: [ app_begin ] --END-- [ RunTime:0.001000s ]
SQL: SHOW COLUMNS FROM `web_download_filename` [ RunTime:0.005000s ]
SQL: SELECT COUNT(*) AS tp_count FROM `web_download_filename` LIMIT 1   [ RunTime:0.001000s ]
SQL: SELECT * FROM `web_download_filename` ORDER BY DateTime LIMIT 0,5   [ RunTime:0.001000s ]
SQL: SHOW COLUMNS FROM `web_company_information` [ RunTime:0.005001s ]
SQL: SELECT * FROM `web_company_information` WHERE ( `type` = 'QQ' )  [ RunTime:0.001000s ]
SQL: SELECT * FROM `web_company_information`  [ RunTime:0.000000s ]
INFO: [ view_template ] --START--
INFO: Run LocationTemplate Behavior [ RunTime:0.002000s ]
INFO: [ view_template ] --END-- [ RunTime:0.002000s ]
INFO: [ view_parse ] --START--
INFO: Run ParseTemplate Behavior [ RunTime:0.015001s ]
INFO: [ view_parse ] --END-- [ RunTime:0.015001s ]
INFO: [ view_filter ] --START--
INFO: Run ContentReplace Behavior [ RunTime:0.001000s ]
INFO: Run TokenBuild Behavior [ RunTime:0.002000s ]
INFO: Run WriteHtmlCache Behavior [ RunTime:0.000000s ]
INFO: Run ShowRuntime Behavior [ RunTime:0.002000s ]
INFO: [ view_filter ] --END-- [ RunTime:0.005000s ]
INFO: [ view_end ] --START--
INFO: Run ShowPageTrace Behavior [ RunTime:0.001000s ]
INFO: [ view_end ] --END-- [ RunTime:0.001000s ]

[ 2015-03-17T23:56:39+08:00 ] 127.0.0.1 /thinkphp/index.php/Download/index/p/2
INFO: [ route_check ] --START--
INFO: Run CheckRoute Behavior [ RunTime:0.002000s ]
INFO: [ route_check ] --END-- [ RunTime:0.002000s ]
INFO: [ app_begin ] --START--
INFO: Run ReadHtmlCache Behavior [ RunTime:0.001000s ]
INFO: [ app_begin ] --END-- [ RunTime:0.001000s ]
SQL: SHOW COLUMNS FROM `web_download_filename` [ RunTime:0.006000s ]
SQL: SELECT COUNT(*) AS tp_count FROM `web_download_filename` LIMIT 1   [ RunTime:0.001000s ]
SQL: SELECT * FROM `web_download_filename` ORDER BY DateTime LIMIT 5,5   [ RunTime:0.000000s ]
SQL: SHOW COLUMNS FROM `web_company_information` [ RunTime:0.008001s ]
SQL: SELECT * FROM `web_company_information` WHERE ( `type` = 'QQ' )  [ RunTime:0.001000s ]
SQL: SELECT * FROM `web_company_information`  [ RunTime:0.000000s ]
INFO: [ view_template ] --START--
INFO: Run LocationTemplate Behavior [ RunTime:0.001000s ]
INFO: [ view_template ] --END-- [ RunTime:0.001000s ]
INFO: [ view_parse ] --START--
INFO: Run ParseTemplate Behavior [ RunTime:0.017001s ]
INFO: [ view_parse ] --END-- [ RunTime:0.017001s ]
INFO: [ view_filter ] --START--
INFO: Run ContentReplace Behavior [ RunTime:0.001000s ]
INFO: Run TokenBuild Behavior [ RunTime:0.001000s ]
INFO: Run WriteHtmlCache Behavior [ RunTime:0.000000s ]
INFO: Run ShowRuntime Behavior [ RunTime:0.001000s ]
INFO: [ view_filter ] --END-- [ RunTime:0.004000s ]
INFO: [ view_end ] --START--
INFO: Run ShowPageTrace Behavior [ RunTime:0.001000s ]
INFO: [ view_end ] --END-- [ RunTime:0.001000s ]

[ 2015-03-17T23:56:46+08:00 ] 127.0.0.1 /thinkphp/index.php/Download/index/p/1
INFO: [ route_check ] --START--
INFO: Run CheckRoute Behavior [ RunTime:0.001000s ]
INFO: [ route_check ] --END-- [ RunTime:0.001000s ]
INFO: [ app_begin ] --START--
INFO: Run ReadHtmlCache Behavior [ RunTime:0.001000s ]
INFO: [ app_begin ] --END-- [ RunTime:0.001000s ]
SQL: SHOW COLUMNS FROM `web_download_filename` [ RunTime:0.007000s ]
SQL: SELECT COUNT(*) AS tp_count FROM `web_download_filename` LIMIT 1   [ RunTime:0.001000s ]
SQL: SELECT * FROM `web_download_filename` ORDER BY DateTime LIMIT 0,5   [ RunTime:0.001000s ]
SQL: SHOW COLUMNS FROM `web_company_information` [ RunTime:0.007001s ]
SQL: SELECT * FROM `web_company_information` WHERE ( `type` = 'QQ' )  [ RunTime:0.001000s ]
SQL: SELECT * FROM `web_company_information`  [ RunTime:0.001000s ]
INFO: [ view_template ] --START--
INFO: Run LocationTemplate Behavior [ RunTime:0.002000s ]
INFO: [ view_template ] --END-- [ RunTime:0.002000s ]
INFO: [ view_parse ] --START--
INFO: Run ParseTemplate Behavior [ RunTime:0.022001s ]
INFO: [ view_parse ] --END-- [ RunTime:0.022001s ]
INFO: [ view_filter ] --START--
INFO: Run ContentReplace Behavior [ RunTime:0.000000s ]
INFO: Run TokenBuild Behavior [ RunTime:0.001000s ]
INFO: Run WriteHtmlCache Behavior [ RunTime:0.001000s ]
INFO: Run ShowRuntime Behavior [ RunTime:0.001000s ]
INFO: [ view_filter ] --END-- [ RunTime:0.003000s ]
INFO: [ view_end ] --START--
INFO: Run ShowPageTrace Behavior [ RunTime:0.002001s ]
INFO: [ view_end ] --END-- [ RunTime:0.002001s ]

[ 2015-03-17T23:59:19+08:00 ] 127.0.0.1 /thinkphp/index.php/Download/index/p/2
INFO: [ route_check ] --START--
INFO: Run CheckRoute Behavior [ RunTime:0.001000s ]
INFO: [ route_check ] --END-- [ RunTime:0.001000s ]
INFO: [ app_begin ] --START--
INFO: Run ReadHtmlCache Behavior [ RunTime:0.001000s ]
INFO: [ app_begin ] --END-- [ RunTime:0.001000s ]
SQL: SHOW COLUMNS FROM `web_download_filename` [ RunTime:0.005000s ]
SQL: SELECT COUNT(*) AS tp_count FROM `web_download_filename` LIMIT 1   [ RunTime:0.000000s ]
SQL: SELECT * FROM `web_download_filename` ORDER BY DateTime LIMIT 5,5   [ RunTime:0.001000s ]
SQL: SHOW COLUMNS FROM `web_company_information` [ RunTime:0.006001s ]
SQL: SELECT * FROM `web_company_information` WHERE ( `type` = 'QQ' )  [ RunTime:0.000000s ]
SQL: SELECT * FROM `web_company_information`  [ RunTime:0.001000s ]
INFO: [ view_template ] --START--
INFO: Run LocationTemplate Behavior [ RunTime:0.001000s ]
INFO: [ view_template ] --END-- [ RunTime:0.001000s ]
INFO: [ view_parse ] --START--
INFO: Run ParseTemplate Behavior [ RunTime:0.020001s ]
INFO: [ view_parse ] --END-- [ RunTime:0.020001s ]
INFO: [ view_filter ] --START--
INFO: Run ContentReplace Behavior [ RunTime:0.001000s ]
INFO: Run TokenBuild Behavior [ RunTime:0.001000s ]
INFO: Run WriteHtmlCache Behavior [ RunTime:0.001000s ]
INFO: Run ShowRuntime Behavior [ RunTime:0.001000s ]
INFO: [ view_filter ] --END-- [ RunTime:0.004000s ]
INFO: [ view_end ] --START--
INFO: Run ShowPageTrace Behavior [ RunTime:0.001000s ]
INFO: [ view_end ] --END-- [ RunTime:0.001000s ]

