[ 2015-03-20T19:30:04+08:00 ] 127.0.0.1 /thinkphp/
INFO: [ app_begin ] --START--
INFO: Run ReadHtmlCache Behavior [ RunTime:0.001000s ]
INFO: [ app_begin ] --END-- [ RunTime:0.001000s ]
SQL: SHOW COLUMNS FROM `web_about_company` [ RunTime:0.006000s ]
SQL: SELECT * FROM `web_about_company` WHERE ( `type` = 1 )  [ RunTime:0.006001s ]
SQL: SHOW COLUMNS FROM `web_news_content` [ RunTime:0.008000s ]
SQL: SELECT * FROM `web_news_content` WHERE ( `type` = 1 ) ORDER BY news_date LIMIT 0,7   [ RunTime:0.001000s ]
SQL: SHOW COLUMNS FROM `web_technology_suport` [ RunTime:0.005000s ]
SQL: SELECT * FROM `web_technology_suport` WHERE ( `type` = 0 ) LIMIT 0,7   [ RunTime:0.000000s ]
SQL: SHOW COLUMNS FROM `web_download_filename` [ RunTime:0.006001s ]
SQL: SELECT * FROM `web_download_filename` LIMIT 0,7   [ RunTime:0.001000s ]
SQL: SHOW COLUMNS FROM `web_product` [ RunTime:0.008000s ]
SQL: SELECT DISTINCT  `name`,`image_name` FROM `web_product` LIMIT 0,6   [ RunTime:0.014001s ]
SQL: SHOW COLUMNS FROM `web_company_information` [ RunTime:0.008001s ]
SQL: SELECT * FROM `web_company_information` WHERE ( `type` = 'QQ' )  [ RunTime:0.001000s ]
SQL: SELECT * FROM `web_company_information`  [ RunTime:0.000000s ]
INFO: [ view_template ] --START--
INFO: Run LocationTemplate Behavior [ RunTime:0.033002s ]
INFO: [ view_template ] --END-- [ RunTime:0.033002s ]
INFO: [ view_parse ] --START--
INFO: Run ParseTemplate Behavior [ RunTime:0.087005s ]
INFO: [ view_parse ] --END-- [ RunTime:0.087005s ]
INFO: [ view_filter ] --START--
INFO: Run ContentReplace Behavior [ RunTime:0.001000s ]
INFO: Run TokenBuild Behavior [ RunTime:0.000000s ]
INFO: Run WriteHtmlCache Behavior [ RunTime:0.001000s ]
INFO: Run ShowRuntime Behavior [ RunTime:0.000000s ]
INFO: [ view_filter ] --END-- [ RunTime:0.002000s ]
INFO: [ view_end ] --START--
INFO: Run ShowPageTrace Behavior [ RunTime:0.001000s ]
INFO: [ view_end ] --END-- [ RunTime:0.001000s ]

[ 2015-03-20T19:30:10+08:00 ] 127.0.0.1 /thinkphp/index.php/Technology/index/type/0
INFO: [ route_check ] --START--
INFO: Run CheckRoute Behavior [ RunTime:0.001000s ]
INFO: [ route_check ] --END-- [ RunTime:0.002000s ]
INFO: [ app_begin ] --START--
INFO: Run ReadHtmlCache Behavior [ RunTime:0.002001s ]
INFO: [ app_begin ] --END-- [ RunTime:0.002001s ]
SQL: SHOW COLUMNS FROM `web_technology_suport` [ RunTime:0.008001s ]
SQL: SELECT COUNT(*) AS tp_count FROM `web_technology_suport` LIMIT 1   [ RunTime:0.001000s ]
SQL: SELECT * FROM `web_technology_suport` WHERE ( `type` = 0 ) LIMIT 0,5   [ RunTime:0.001000s ]
SQL: SHOW COLUMNS FROM `web_company_information` [ RunTime:0.007000s ]
SQL: SELECT * FROM `web_company_information` WHERE ( `type` = 'QQ' )  [ RunTime:0.001000s ]
SQL: SELECT * FROM `web_company_information`  [ RunTime:0.000000s ]
INFO: [ view_template ] --START--
INFO: Run LocationTemplate Behavior [ RunTime:0.045003s ]
INFO: [ view_template ] --END-- [ RunTime:0.045003s ]
INFO: [ view_parse ] --START--
NOTIC: [8] Undefined variable: title D:\phpStudy\WWW\thinkphp\home\Runtime\Cache\2ccb9e6b4c58e4de1ec41778b9789217.php 第 5 行.
INFO: Run ParseTemplate Behavior [ RunTime:0.141008s ]
INFO: [ view_parse ] --END-- [ RunTime:0.141008s ]
INFO: [ view_filter ] --START--
INFO: Run ContentReplace Behavior [ RunTime:0.002000s ]
INFO: Run TokenBuild Behavior [ RunTime:0.001000s ]
INFO: Run WriteHtmlCache Behavior [ RunTime:0.002000s ]
INFO: Run ShowRuntime Behavior [ RunTime:0.003000s ]
INFO: [ view_filter ] --END-- [ RunTime:0.008000s ]
INFO: [ view_end ] --START--
INFO: Run ShowPageTrace Behavior [ RunTime:0.002001s ]
INFO: [ view_end ] --END-- [ RunTime:0.002001s ]

[ 2015-03-20T19:30:12+08:00 ] 127.0.0.1 /thinkphp/index.php/Technology/preview/title/%E7%BE%8E%E5%86%9B%E5%9C%A8%E4%BF%84%E5%91%A8%E8%BE%B9%E5%A4%A7%E8%A7%84%E6%A8%A1%E5%86%9B%E6%BC%94%20%E4%B8%8A%E7%99%BE%E8%BE%86%E5%9D%A6%E5%85%8B%E9%80%BC%E8%BF%91%E4%BF%84%E8%BE%B9%E5%A2%83(%E5%9B%BE)
INFO: [ route_check ] --START--
INFO: Run CheckRoute Behavior [ RunTime:0.001000s ]
INFO: [ route_check ] --END-- [ RunTime:0.001000s ]
INFO: [ app_begin ] --START--
INFO: Run ReadHtmlCache Behavior [ RunTime:0.001001s ]
INFO: [ app_begin ] --END-- [ RunTime:0.001001s ]
SQL: SHOW COLUMNS FROM `web_technology_suport` [ RunTime:0.007000s ]
SQL: SELECT * FROM `web_technology_suport` WHERE ( `title` = '美军在俄周边大规模军演 上百辆坦克逼近俄边境(图)' )  [ RunTime:0.001000s ]
SQL: SHOW COLUMNS FROM `web_company_information` [ RunTime:0.005000s ]
SQL: SELECT * FROM `web_company_information` WHERE ( `type` = 'QQ' )  [ RunTime:0.001000s ]
SQL: SELECT * FROM `web_company_information`  [ RunTime:0.000000s ]
INFO: [ view_template ] --START--
INFO: Run LocationTemplate Behavior [ RunTime:0.001001s ]
INFO: [ view_template ] --END-- [ RunTime:0.001001s ]
INFO: [ view_parse ] --START--
NOTIC: [8] Undefined variable: title D:\phpStudy\WWW\thinkphp\home\Runtime\Cache\ac0ace0a0c7c34cc10cfc3aa146db3a6.php 第 5 行.
INFO: Run ParseTemplate Behavior [ RunTime:0.013000s ]
INFO: [ view_parse ] --END-- [ RunTime:0.013000s ]
INFO: [ view_filter ] --START--
INFO: Run ContentReplace Behavior [ RunTime:0.001000s ]
INFO: Run TokenBuild Behavior [ RunTime:0.001000s ]
INFO: Run WriteHtmlCache Behavior [ RunTime:0.000000s ]
INFO: Run ShowRuntime Behavior [ RunTime:0.001000s ]
INFO: [ view_filter ] --END-- [ RunTime:0.003000s ]
INFO: [ view_end ] --START--
INFO: Run ShowPageTrace Behavior [ RunTime:0.001001s ]
INFO: [ view_end ] --END-- [ RunTime:0.001001s ]

[ 2015-03-20T19:30:18+08:00 ] 127.0.0.1 /thinkphp/index.php/Technology/index/type/1
INFO: [ route_check ] --START--
INFO: Run CheckRoute Behavior [ RunTime:0.001000s ]
INFO: [ route_check ] --END-- [ RunTime:0.001000s ]
INFO: [ app_begin ] --START--
INFO: Run ReadHtmlCache Behavior [ RunTime:0.001000s ]
INFO: [ app_begin ] --END-- [ RunTime:0.001000s ]
SQL: SHOW COLUMNS FROM `web_technology_suport` [ RunTime:0.006001s ]
SQL: SELECT COUNT(*) AS tp_count FROM `web_technology_suport` LIMIT 1   [ RunTime:0.001000s ]
SQL: SELECT * FROM `web_technology_suport` WHERE ( `type` = 1 ) LIMIT 0,5   [ RunTime:0.001000s ]
SQL: SHOW COLUMNS FROM `web_company_information` [ RunTime:0.008000s ]
SQL: SELECT * FROM `web_company_information` WHERE ( `type` = 'QQ' )  [ RunTime:0.001001s ]
SQL: SELECT * FROM `web_company_information`  [ RunTime:0.000000s ]
INFO: [ view_template ] --START--
INFO: Run LocationTemplate Behavior [ RunTime:0.001000s ]
INFO: [ view_template ] --END-- [ RunTime:0.001000s ]
INFO: [ view_parse ] --START--
NOTIC: [8] Undefined variable: title D:\phpStudy\WWW\thinkphp\home\Runtime\Cache\2ccb9e6b4c58e4de1ec41778b9789217.php 第 5 行.
INFO: Run ParseTemplate Behavior [ RunTime:0.015001s ]
INFO: [ view_parse ] --END-- [ RunTime:0.015001s ]
INFO: [ view_filter ] --START--
INFO: Run ContentReplace Behavior [ RunTime:0.000000s ]
INFO: Run TokenBuild Behavior [ RunTime:0.001000s ]
INFO: Run WriteHtmlCache Behavior [ RunTime:0.000000s ]
INFO: Run ShowRuntime Behavior [ RunTime:0.001000s ]
INFO: [ view_filter ] --END-- [ RunTime:0.003000s ]
INFO: [ view_end ] --START--
INFO: Run ShowPageTrace Behavior [ RunTime:0.001000s ]
INFO: [ view_end ] --END-- [ RunTime:0.001000s ]

[ 2015-03-20T19:30:20+08:00 ] 127.0.0.1 /thinkphp/index.php/Technology/preview/title/%E7%8B%AC%E5%AE%B6%E4%B8%93%E8%AE%BF%E8%B5%B5%E6%9C%AC%E5%B1%B1%EF%BC%9A%E4%BC%9A%E6%8A%8A%E5%A4%96%E7%95%8C%E4%BC%A0%E9%97%BB%E5%BD%93%E2%80%9C%E8%AD%A6%E5%91%8A%E2%80%9D
INFO: [ route_check ] --START--
INFO: Run CheckRoute Behavior [ RunTime:0.001000s ]
INFO: [ route_check ] --END-- [ RunTime:0.001000s ]
INFO: [ app_begin ] --START--
INFO: Run ReadHtmlCache Behavior [ RunTime:0.001000s ]
INFO: [ app_begin ] --END-- [ RunTime:0.001000s ]
SQL: SHOW COLUMNS FROM `web_technology_suport` [ RunTime:0.005000s ]
SQL: SELECT * FROM `web_technology_suport` WHERE ( `title` = '独家专访赵本山：会把外界传闻当“警告”' )  [ RunTime:0.001000s ]
SQL: SHOW COLUMNS FROM `web_company_information` [ RunTime:0.005000s ]
SQL: SELECT * FROM `web_company_information` WHERE ( `type` = 'QQ' )  [ RunTime:0.001000s ]
SQL: SELECT * FROM `web_company_information`  [ RunTime:0.000000s ]
INFO: [ view_template ] --START--
INFO: Run LocationTemplate Behavior [ RunTime:0.001000s ]
INFO: [ view_template ] --END-- [ RunTime:0.001000s ]
INFO: [ view_parse ] --START--
NOTIC: [8] Undefined variable: title D:\phpStudy\WWW\thinkphp\home\Runtime\Cache\ac0ace0a0c7c34cc10cfc3aa146db3a6.php 第 5 行.
INFO: Run ParseTemplate Behavior [ RunTime:0.011001s ]
INFO: [ view_parse ] --END-- [ RunTime:0.011001s ]
INFO: [ view_filter ] --START--
INFO: Run ContentReplace Behavior [ RunTime:0.000000s ]
INFO: Run TokenBuild Behavior [ RunTime:0.000000s ]
INFO: Run WriteHtmlCache Behavior [ RunTime:0.000000s ]
INFO: Run ShowRuntime Behavior [ RunTime:0.000000s ]
INFO: [ view_filter ] --END-- [ RunTime:0.002000s ]
INFO: [ view_end ] --START--
INFO: Run ShowPageTrace Behavior [ RunTime:0.000000s ]
INFO: [ view_end ] --END-- [ RunTime:0.001000s ]

[ 2015-03-20T19:30:23+08:00 ] 127.0.0.1 /thinkphp/index.php/Technology/index/type/1
INFO: [ route_check ] --START--
INFO: Run CheckRoute Behavior [ RunTime:0.002000s ]
INFO: [ route_check ] --END-- [ RunTime:0.002000s ]
INFO: [ app_begin ] --START--
INFO: Run ReadHtmlCache Behavior [ RunTime:0.001000s ]
INFO: [ app_begin ] --END-- [ RunTime:0.001000s ]
SQL: SHOW COLUMNS FROM `web_technology_suport` [ RunTime:0.005000s ]
SQL: SELECT COUNT(*) AS tp_count FROM `web_technology_suport` LIMIT 1   [ RunTime:0.000000s ]
SQL: SELECT * FROM `web_technology_suport` WHERE ( `type` = 1 ) LIMIT 0,5   [ RunTime:0.001000s ]
SQL: SHOW COLUMNS FROM `web_company_information` [ RunTime:0.005000s ]
SQL: SELECT * FROM `web_company_information` WHERE ( `type` = 'QQ' )  [ RunTime:0.000000s ]
SQL: SELECT * FROM `web_company_information`  [ RunTime:0.000000s ]
INFO: [ view_template ] --START--
INFO: Run LocationTemplate Behavior [ RunTime:0.002000s ]
INFO: [ view_template ] --END-- [ RunTime:0.002000s ]
INFO: [ view_parse ] --START--
NOTIC: [8] Undefined variable: title D:\phpStudy\WWW\thinkphp\home\Runtime\Cache\2ccb9e6b4c58e4de1ec41778b9789217.php 第 5 行.
INFO: Run ParseTemplate Behavior [ RunTime:0.018002s ]
INFO: [ view_parse ] --END-- [ RunTime:0.018002s ]
INFO: [ view_filter ] --START--
INFO: Run ContentReplace Behavior [ RunTime:0.002000s ]
INFO: Run TokenBuild Behavior [ RunTime:0.002000s ]
INFO: Run WriteHtmlCache Behavior [ RunTime:0.001000s ]
INFO: Run ShowRuntime Behavior [ RunTime:0.002000s ]
INFO: [ view_filter ] --END-- [ RunTime:0.007000s ]
INFO: [ view_end ] --START--
INFO: Run ShowPageTrace Behavior [ RunTime:0.002000s ]
INFO: [ view_end ] --END-- [ RunTime:0.002000s ]

[ 2015-03-20T19:30:26+08:00 ] 127.0.0.1 /thinkphp/index.php/Technology/index/type/0
INFO: [ route_check ] --START--
INFO: Run CheckRoute Behavior [ RunTime:0.001000s ]
INFO: [ route_check ] --END-- [ RunTime:0.001000s ]
INFO: [ app_begin ] --START--
INFO: Run ReadHtmlCache Behavior [ RunTime:0.001000s ]
INFO: [ app_begin ] --END-- [ RunTime:0.001000s ]
SQL: SHOW COLUMNS FROM `web_technology_suport` [ RunTime:0.005000s ]
SQL: SELECT COUNT(*) AS tp_count FROM `web_technology_suport` LIMIT 1   [ RunTime:0.000000s ]
SQL: SELECT * FROM `web_technology_suport` WHERE ( `type` = 0 ) LIMIT 0,5   [ RunTime:0.001000s ]
SQL: SHOW COLUMNS FROM `web_company_information` [ RunTime:0.006000s ]
SQL: SELECT * FROM `web_company_information` WHERE ( `type` = 'QQ' )  [ RunTime:0.000000s ]
SQL: SELECT * FROM `web_company_information`  [ RunTime:0.000000s ]
INFO: [ view_template ] --START--
INFO: Run LocationTemplate Behavior [ RunTime:0.001000s ]
INFO: [ view_template ] --END-- [ RunTime:0.001000s ]
INFO: [ view_parse ] --START--
NOTIC: [8] Undefined variable: title D:\phpStudy\WWW\thinkphp\home\Runtime\Cache\2ccb9e6b4c58e4de1ec41778b9789217.php 第 5 行.
INFO: Run ParseTemplate Behavior [ RunTime:0.013000s ]
INFO: [ view_parse ] --END-- [ RunTime:0.013000s ]
INFO: [ view_filter ] --START--
INFO: Run ContentReplace Behavior [ RunTime:0.000000s ]
INFO: Run TokenBuild Behavior [ RunTime:0.001000s ]
INFO: Run WriteHtmlCache Behavior [ RunTime:0.000000s ]
INFO: Run ShowRuntime Behavior [ RunTime:0.001000s ]
INFO: [ view_filter ] --END-- [ RunTime:0.002000s ]
INFO: [ view_end ] --START--
INFO: Run ShowPageTrace Behavior [ RunTime:0.001001s ]
INFO: [ view_end ] --END-- [ RunTime:0.001001s ]

[ 2015-03-20T19:30:29+08:00 ] 127.0.0.1 /thinkphp/index.php/Technology/preview/title/%E8%91%9B%E5%89%91%E9%9B%84%EF%BC%9A%E4%B8%AD%E5%9B%BD%E9%A6%96%E5%AF%8C%E4%B8%8D%E8%AF%A5%E5%9C%A8%E6%94%BF%E5%8D%8F%E5%A4%A7%E4%BC%9A%E4%B8%8A%E5%81%9A%E5%B9%BF%E5%91%8A
INFO: [ route_check ] --START--
INFO: Run CheckRoute Behavior [ RunTime:0.002000s ]
INFO: [ route_check ] --END-- [ RunTime:0.002000s ]
INFO: [ app_begin ] --START--
INFO: Run ReadHtmlCache Behavior [ RunTime:0.001000s ]
INFO: [ app_begin ] --END-- [ RunTime:0.001000s ]
SQL: SHOW COLUMNS FROM `web_technology_suport` [ RunTime:0.004000s ]
SQL: SELECT * FROM `web_technology_suport` WHERE ( `title` = '葛剑雄：中国首富不该在政协大会上做广告' )  [ RunTime:0.000000s ]
SQL: SHOW COLUMNS FROM `web_company_information` [ RunTime:0.005000s ]
SQL: SELECT * FROM `web_company_information` WHERE ( `type` = 'QQ' )  [ RunTime:0.000000s ]
SQL: SELECT * FROM `web_company_information`  [ RunTime:0.000000s ]
INFO: [ view_template ] --START--
INFO: Run LocationTemplate Behavior [ RunTime:0.003000s ]
INFO: [ view_template ] --END-- [ RunTime:0.003000s ]
INFO: [ view_parse ] --START--
NOTIC: [8] Undefined variable: title D:\phpStudy\WWW\thinkphp\home\Runtime\Cache\ac0ace0a0c7c34cc10cfc3aa146db3a6.php 第 5 行.
INFO: Run ParseTemplate Behavior [ RunTime:0.016001s ]
INFO: [ view_parse ] --END-- [ RunTime:0.016001s ]
INFO: [ view_filter ] --START--
INFO: Run ContentReplace Behavior [ RunTime:0.001000s ]
INFO: Run TokenBuild Behavior [ RunTime:0.001000s ]
INFO: Run WriteHtmlCache Behavior [ RunTime:0.002000s ]
INFO: Run ShowRuntime Behavior [ RunTime:0.001000s ]
INFO: [ view_filter ] --END-- [ RunTime:0.005000s ]
INFO: [ view_end ] --START--
INFO: Run ShowPageTrace Behavior [ RunTime:0.001000s ]
INFO: [ view_end ] --END-- [ RunTime:0.001000s ]

[ 2015-03-20T19:30:53+08:00 ] 127.0.0.1 /thinkphp/index.php/Technology/preview/title/%E8%91%9B%E5%89%91%E9%9B%84%EF%BC%9A%E4%B8%AD%E5%9B%BD%E9%A6%96%E5%AF%8C%E4%B8%8D%E8%AF%A5%E5%9C%A8%E6%94%BF%E5%8D%8F%E5%A4%A7%E4%BC%9A%E4%B8%8A%E5%81%9A%E5%B9%BF%E5%91%8A
INFO: [ route_check ] --START--
INFO: Run CheckRoute Behavior [ RunTime:0.002000s ]
INFO: [ route_check ] --END-- [ RunTime:0.002000s ]
INFO: [ app_begin ] --START--
INFO: Run ReadHtmlCache Behavior [ RunTime:0.001000s ]
INFO: [ app_begin ] --END-- [ RunTime:0.001000s ]
SQL: SHOW COLUMNS FROM `web_technology_suport` [ RunTime:0.006000s ]
SQL: SELECT * FROM `web_technology_suport` WHERE ( `title` = '葛剑雄：中国首富不该在政协大会上做广告' )  [ RunTime:0.001000s ]
SQL: SHOW COLUMNS FROM `web_company_information` [ RunTime:0.007001s ]
SQL: SELECT * FROM `web_company_information` WHERE ( `type` = 'QQ' )  [ RunTime:0.001000s ]
SQL: SELECT * FROM `web_company_information`  [ RunTime:0.000000s ]
INFO: [ view_template ] --START--
INFO: Run LocationTemplate Behavior [ RunTime:0.001000s ]
INFO: [ view_template ] --END-- [ RunTime:0.001000s ]
INFO: [ view_parse ] --START--
NOTIC: [8] Undefined variable: title D:\phpStudy\WWW\thinkphp\home\Runtime\Cache\ac0ace0a0c7c34cc10cfc3aa146db3a6.php 第 5 行.
INFO: Run ParseTemplate Behavior [ RunTime:0.017001s ]
INFO: [ view_parse ] --END-- [ RunTime:0.017001s ]
INFO: [ view_filter ] --START--
INFO: Run ContentReplace Behavior [ RunTime:0.001000s ]
INFO: Run TokenBuild Behavior [ RunTime:0.001000s ]
INFO: Run WriteHtmlCache Behavior [ RunTime:0.000000s ]
INFO: Run ShowRuntime Behavior [ RunTime:0.001000s ]
INFO: [ view_filter ] --END-- [ RunTime:0.003000s ]
INFO: [ view_end ] --START--
INFO: Run ShowPageTrace Behavior [ RunTime:0.000000s ]
INFO: [ view_end ] --END-- [ RunTime:0.001000s ]

[ 2015-03-20T19:30:55+08:00 ] 127.0.0.1 /thinkphp/index.php/Technology/index/type/0
INFO: [ route_check ] --START--
INFO: Run CheckRoute Behavior [ RunTime:0.001000s ]
INFO: [ route_check ] --END-- [ RunTime:0.001000s ]
INFO: [ app_begin ] --START--
INFO: Run ReadHtmlCache Behavior [ RunTime:0.000000s ]
INFO: [ app_begin ] --END-- [ RunTime:0.000000s ]
SQL: SHOW COLUMNS FROM `web_technology_suport` [ RunTime:0.007000s ]
SQL: SELECT COUNT(*) AS tp_count FROM `web_technology_suport` LIMIT 1   [ RunTime:0.001001s ]
SQL: SELECT * FROM `web_technology_suport` WHERE ( `type` = 0 ) LIMIT 0,5   [ RunTime:0.001000s ]
SQL: SHOW COLUMNS FROM `web_company_information` [ RunTime:0.006000s ]
SQL: SELECT * FROM `web_company_information` WHERE ( `type` = 'QQ' )  [ RunTime:0.000000s ]
SQL: SELECT * FROM `web_company_information`  [ RunTime:0.001000s ]
INFO: [ view_template ] --START--
INFO: Run LocationTemplate Behavior [ RunTime:0.001000s ]
INFO: [ view_template ] --END-- [ RunTime:0.001000s ]
INFO: [ view_parse ] --START--
NOTIC: [8] Undefined variable: title D:\phpStudy\WWW\thinkphp\home\Runtime\Cache\2ccb9e6b4c58e4de1ec41778b9789217.php 第 5 行.
INFO: Run ParseTemplate Behavior [ RunTime:0.014001s ]
INFO: [ view_parse ] --END-- [ RunTime:0.014001s ]
INFO: [ view_filter ] --START--
INFO: Run ContentReplace Behavior [ RunTime:0.000000s ]
INFO: Run TokenBuild Behavior [ RunTime:0.001000s ]
INFO: Run WriteHtmlCache Behavior [ RunTime:0.000000s ]
INFO: Run ShowRuntime Behavior [ RunTime:0.001000s ]
INFO: [ view_filter ] --END-- [ RunTime:0.002000s ]
INFO: [ view_end ] --START--
INFO: Run ShowPageTrace Behavior [ RunTime:0.000000s ]
INFO: [ view_end ] --END-- [ RunTime:0.000000s ]

[ 2015-03-20T19:30:57+08:00 ] 127.0.0.1 /thinkphp/index.php/Technology/index/type/1
INFO: [ route_check ] --START--
INFO: Run CheckRoute Behavior [ RunTime:0.001000s ]
INFO: [ route_check ] --END-- [ RunTime:0.001000s ]
INFO: [ app_begin ] --START--
INFO: Run ReadHtmlCache Behavior [ RunTime:0.001000s ]
INFO: [ app_begin ] --END-- [ RunTime:0.001000s ]
SQL: SHOW COLUMNS FROM `web_technology_suport` [ RunTime:0.005001s ]
SQL: SELECT COUNT(*) AS tp_count FROM `web_technology_suport` LIMIT 1   [ RunTime:0.000000s ]
SQL: SELECT * FROM `web_technology_suport` WHERE ( `type` = 1 ) LIMIT 0,5   [ RunTime:0.000000s ]
SQL: SHOW COLUMNS FROM `web_company_information` [ RunTime:0.005000s ]
SQL: SELECT * FROM `web_company_information` WHERE ( `type` = 'QQ' )  [ RunTime:0.001000s ]
SQL: SELECT * FROM `web_company_information`  [ RunTime:0.000000s ]
INFO: [ view_template ] --START--
INFO: Run LocationTemplate Behavior [ RunTime:0.001000s ]
INFO: [ view_template ] --END-- [ RunTime:0.001000s ]
INFO: [ view_parse ] --START--
NOTIC: [8] Undefined variable: title D:\phpStudy\WWW\thinkphp\home\Runtime\Cache\2ccb9e6b4c58e4de1ec41778b9789217.php 第 5 行.
INFO: Run ParseTemplate Behavior [ RunTime:0.013001s ]
INFO: [ view_parse ] --END-- [ RunTime:0.013001s ]
INFO: [ view_filter ] --START--
INFO: Run ContentReplace Behavior [ RunTime:0.001000s ]
INFO: Run TokenBuild Behavior [ RunTime:0.000000s ]
INFO: Run WriteHtmlCache Behavior [ RunTime:0.001000s ]
INFO: Run ShowRuntime Behavior [ RunTime:0.000000s ]
INFO: [ view_filter ] --END-- [ RunTime:0.002000s ]
INFO: [ view_end ] --START--
INFO: Run ShowPageTrace Behavior [ RunTime:0.001000s ]
INFO: [ view_end ] --END-- [ RunTime:0.001000s ]

[ 2015-03-20T21:38:58+08:00 ] 127.0.0.1 /thinkphp/
INFO: [ app_begin ] --START--
INFO: Run ReadHtmlCache Behavior [ RunTime:0.001000s ]
INFO: [ app_begin ] --END-- [ RunTime:0.001000s ]
SQL: SHOW COLUMNS FROM `web_about_company` [ RunTime:0.007001s ]
SQL: SELECT * FROM `web_about_company` WHERE ( `type` = 1 )  [ RunTime:0.001000s ]
SQL: SHOW COLUMNS FROM `web_news_content` [ RunTime:0.007000s ]
SQL: SELECT * FROM `web_news_content` WHERE ( `type` = 1 ) ORDER BY news_date LIMIT 0,7   [ RunTime:0.001000s ]
SQL: SHOW COLUMNS FROM `web_technology_suport` [ RunTime:0.006001s ]
SQL: SELECT * FROM `web_technology_suport` WHERE ( `type` = 0 ) LIMIT 0,7   [ RunTime:0.000000s ]
SQL: SHOW COLUMNS FROM `web_download_filename` [ RunTime:0.008000s ]
SQL: SELECT * FROM `web_download_filename` LIMIT 0,7   [ RunTime:0.001000s ]
SQL: SHOW COLUMNS FROM `web_product` [ RunTime:0.007001s ]
SQL: SELECT DISTINCT  `name`,`image_name` FROM `web_product` LIMIT 0,6   [ RunTime:0.001000s ]
SQL: SHOW COLUMNS FROM `web_company_information` [ RunTime:0.009000s ]
SQL: SELECT * FROM `web_company_information` WHERE ( `type` = 'QQ' )  [ RunTime:0.000000s ]
SQL: SELECT * FROM `web_company_information`  [ RunTime:0.000000s ]
INFO: [ view_template ] --START--
INFO: Run LocationTemplate Behavior [ RunTime:0.001001s ]
INFO: [ view_template ] --END-- [ RunTime:0.001001s ]
INFO: [ view_parse ] --START--
INFO: Run ParseTemplate Behavior [ RunTime:0.023001s ]
INFO: [ view_parse ] --END-- [ RunTime:0.023001s ]
INFO: [ view_filter ] --START--
INFO: Run ContentReplace Behavior [ RunTime:0.001000s ]
INFO: Run TokenBuild Behavior [ RunTime:0.000000s ]
INFO: Run WriteHtmlCache Behavior [ RunTime:0.000000s ]
INFO: Run ShowRuntime Behavior [ RunTime:0.001000s ]
INFO: [ view_filter ] --END-- [ RunTime:0.003000s ]
INFO: [ view_end ] --START--
INFO: Run ShowPageTrace Behavior [ RunTime:0.001000s ]
INFO: [ view_end ] --END-- [ RunTime:0.001000s ]

[ 2015-03-20T21:39:13+08:00 ] 127.0.0.1 /thinkphp/index.php/Product/product_details/name/%E9%98%BF%E5%B0%9422
INFO: [ route_check ] --START--
INFO: Run CheckRoute Behavior [ RunTime:0.001000s ]
INFO: [ route_check ] --END-- [ RunTime:0.001000s ]
INFO: [ app_begin ] --START--
INFO: Run ReadHtmlCache Behavior [ RunTime:0.000000s ]
INFO: [ app_begin ] --END-- [ RunTime:0.001000s ]
SQL: SHOW COLUMNS FROM `web_product` [ RunTime:0.005000s ]
SQL: SELECT * FROM `web_product` WHERE ( `name` = '阿尔22' )  [ RunTime:0.000000s ]
SQL: SHOW COLUMNS FROM `web_company_information` [ RunTime:0.006001s ]
SQL: SELECT * FROM `web_company_information` WHERE ( `type` = 'QQ' )  [ RunTime:0.000000s ]
SQL: SELECT * FROM `web_company_information`  [ RunTime:0.000000s ]
INFO: [ view_template ] --START--
INFO: Run LocationTemplate Behavior [ RunTime:0.001000s ]
INFO: [ view_template ] --END-- [ RunTime:0.001000s ]
INFO: [ view_parse ] --START--
NOTIC: [8] Undefined variable: title D:\phpStudy\WWW\thinkphp\home\Runtime\Cache\30f9791709062ab6e0a704ea057fb4d1.php 第 5 行.
INFO: Run ParseTemplate Behavior [ RunTime:0.057003s ]
INFO: [ view_parse ] --END-- [ RunTime:0.057003s ]
INFO: [ view_filter ] --START--
INFO: Run ContentReplace Behavior [ RunTime:0.001000s ]
INFO: Run TokenBuild Behavior [ RunTime:0.000000s ]
INFO: Run WriteHtmlCache Behavior [ RunTime:0.001000s ]
INFO: Run ShowRuntime Behavior [ RunTime:0.000000s ]
INFO: [ view_filter ] --END-- [ RunTime:0.002000s ]
INFO: [ view_end ] --START--
INFO: Run ShowPageTrace Behavior [ RunTime:0.001000s ]
INFO: [ view_end ] --END-- [ RunTime:0.001000s ]
INFO: [ view_template ] --START--
INFO: Run LocationTemplate Behavior [ RunTime:0.001000s ]
INFO: [ view_template ] --END-- [ RunTime:-0.060003s ]
INFO: [ view_parse ] --START--
NOTIC: [8] Undefined variable: title D:\phpStudy\WWW\thinkphp\home\Runtime\Cache\30f9791709062ab6e0a704ea057fb4d1.php 第 5 行.
INFO: Run ParseTemplate Behavior [ RunTime:0.006001s ]
INFO: [ view_parse ] --END-- [ RunTime:-0.004000s ]
INFO: [ view_filter ] --START--
INFO: Run ContentReplace Behavior [ RunTime:0.001000s ]
INFO: Run TokenBuild Behavior [ RunTime:0.000000s ]
INFO: Run WriteHtmlCache Behavior [ RunTime:0.000000s ]
INFO: Run ShowRuntime Behavior [ RunTime:0.000000s ]
INFO: [ view_filter ] --END-- [ RunTime:-0.008001s ]
INFO: [ view_end ] --START--
INFO: Run ShowPageTrace Behavior [ RunTime:0.000000s ]
INFO: [ view_end ] --END-- [ RunTime:-0.008001s ]

[ 2015-03-20T21:39:16+08:00 ] 127.0.0.1 /thinkphp/index.php/Product/index/type1/%E7%96%AB%E8%8B%97%E4%BA%A7%E5%93%81
INFO: [ route_check ] --START--
INFO: Run CheckRoute Behavior [ RunTime:0.001000s ]
INFO: [ route_check ] --END-- [ RunTime:0.001000s ]
INFO: [ app_begin ] --START--
INFO: Run ReadHtmlCache Behavior [ RunTime:0.001000s ]
INFO: [ app_begin ] --END-- [ RunTime:0.001000s ]
SQL: SHOW COLUMNS FROM `web_product` [ RunTime:0.005000s ]
SQL: SELECT DISTINCT  `name` FROM `web_product` WHERE ( `type1` = '疫苗产品' ) AND ( `type2` = '猪用疫苗' )  [ RunTime:0.000000s ]
SQL: SELECT DISTINCT  `name`,`image_name` FROM `web_product` WHERE ( `type1` = '疫苗产品' ) AND ( `type2` = '猪用疫苗' ) LIMIT 0,5   [ RunTime:0.000000s ]
SQL: SHOW COLUMNS FROM `web_company_information` [ RunTime:0.006001s ]
SQL: SELECT * FROM `web_company_information` WHERE ( `type` = 'QQ' )  [ RunTime:0.000000s ]
SQL: SELECT * FROM `web_company_information`  [ RunTime:0.000000s ]
INFO: [ view_template ] --START--
INFO: Run LocationTemplate Behavior [ RunTime:0.016001s ]
INFO: [ view_template ] --END-- [ RunTime:0.016001s ]
INFO: [ view_parse ] --START--
NOTIC: [8] Undefined variable: title D:\phpStudy\WWW\thinkphp\home\Runtime\Cache\baf7c2198bcfe4e332a8c0aa311b4c2d.php 第 5 行.
INFO: Run ParseTemplate Behavior [ RunTime:0.023001s ]
INFO: [ view_parse ] --END-- [ RunTime:0.023001s ]
INFO: [ view_filter ] --START--
INFO: Run ContentReplace Behavior [ RunTime:0.000000s ]
INFO: Run TokenBuild Behavior [ RunTime:0.001000s ]
INFO: Run WriteHtmlCache Behavior [ RunTime:0.000000s ]
INFO: Run ShowRuntime Behavior [ RunTime:0.001000s ]
INFO: [ view_filter ] --END-- [ RunTime:0.002000s ]
INFO: [ view_end ] --START--
INFO: Run ShowPageTrace Behavior [ RunTime:0.001000s ]
INFO: [ view_end ] --END-- [ RunTime:0.001000s ]

[ 2015-03-20T21:39:19+08:00 ] 127.0.0.1 /thinkphp/index.php/Product/index/type1/%E7%96%AB%E8%8B%97%E4%BA%A7%E5%93%81/type2/%E5%AE%A0%E7%89%A9%E7%96%AB%E8%8B%97
INFO: [ route_check ] --START--
INFO: Run CheckRoute Behavior [ RunTime:0.001000s ]
INFO: [ route_check ] --END-- [ RunTime:0.001000s ]
INFO: [ app_begin ] --START--
INFO: Run ReadHtmlCache Behavior [ RunTime:0.000000s ]
INFO: [ app_begin ] --END-- [ RunTime:0.000000s ]
SQL: SHOW COLUMNS FROM `web_product` [ RunTime:0.006000s ]
SQL: SELECT DISTINCT  `name` FROM `web_product` WHERE ( `type1` = '疫苗产品' ) AND ( `type2` = '宠物疫苗' )  [ RunTime:0.000000s ]
SQL: SELECT DISTINCT  `name`,`image_name` FROM `web_product` WHERE ( `type1` = '疫苗产品' ) AND ( `type2` = '宠物疫苗' ) LIMIT 0,5   [ RunTime:0.000000s ]
SQL: SHOW COLUMNS FROM `web_company_information` [ RunTime:0.005001s ]
SQL: SELECT * FROM `web_company_information` WHERE ( `type` = 'QQ' )  [ RunTime:0.000000s ]
SQL: SELECT * FROM `web_company_information`  [ RunTime:0.000000s ]
INFO: [ view_template ] --START--
INFO: Run LocationTemplate Behavior [ RunTime:0.001000s ]
INFO: [ view_template ] --END-- [ RunTime:0.001000s ]
INFO: [ view_parse ] --START--
NOTIC: [8] Undefined variable: title D:\phpStudy\WWW\thinkphp\home\Runtime\Cache\baf7c2198bcfe4e332a8c0aa311b4c2d.php 第 5 行.
INFO: Run ParseTemplate Behavior [ RunTime:0.015001s ]
INFO: [ view_parse ] --END-- [ RunTime:0.015001s ]
INFO: [ view_filter ] --START--
INFO: Run ContentReplace Behavior [ RunTime:0.001000s ]
INFO: Run TokenBuild Behavior [ RunTime:0.001000s ]
INFO: Run WriteHtmlCache Behavior [ RunTime:0.000000s ]
INFO: Run ShowRuntime Behavior [ RunTime:0.001000s ]
INFO: [ view_filter ] --END-- [ RunTime:0.003000s ]
INFO: [ view_end ] --START--
INFO: Run ShowPageTrace Behavior [ RunTime:0.000000s ]
INFO: [ view_end ] --END-- [ RunTime:0.000000s ]

[ 2015-03-20T21:39:21+08:00 ] 127.0.0.1 /thinkphp/index.php/Product/index/type1/%E7%96%AB%E8%8B%97%E4%BA%A7%E5%93%81/type2/%E5%AE%B6%E7%A6%BD%E7%96%AB%E8%8B%97
INFO: [ route_check ] --START--
INFO: Run CheckRoute Behavior [ RunTime:0.001000s ]
INFO: [ route_check ] --END-- [ RunTime:0.001000s ]
INFO: [ app_begin ] --START--
INFO: Run ReadHtmlCache Behavior [ RunTime:0.000000s ]
INFO: [ app_begin ] --END-- [ RunTime:0.000000s ]
SQL: SHOW COLUMNS FROM `web_product` [ RunTime:0.007000s ]
SQL: SELECT DISTINCT  `name` FROM `web_product` WHERE ( `type1` = '疫苗产品' ) AND ( `type2` = '家禽疫苗' )  [ RunTime:0.000000s ]
SQL: SELECT DISTINCT  `name`,`image_name` FROM `web_product` WHERE ( `type1` = '疫苗产品' ) AND ( `type2` = '家禽疫苗' ) LIMIT 0,5   [ RunTime:0.001000s ]
SQL: SHOW COLUMNS FROM `web_company_information` [ RunTime:0.005001s ]
SQL: SELECT * FROM `web_company_information` WHERE ( `type` = 'QQ' )  [ RunTime:0.000000s ]
SQL: SELECT * FROM `web_company_information`  [ RunTime:0.000000s ]
INFO: [ view_template ] --START--
INFO: Run LocationTemplate Behavior [ RunTime:0.000000s ]
INFO: [ view_template ] --END-- [ RunTime:0.000000s ]
INFO: [ view_parse ] --START--
NOTIC: [8] Undefined variable: title D:\phpStudy\WWW\thinkphp\home\Runtime\Cache\baf7c2198bcfe4e332a8c0aa311b4c2d.php 第 5 行.
INFO: Run ParseTemplate Behavior [ RunTime:0.011000s ]
INFO: [ view_parse ] --END-- [ RunTime:0.012000s ]
INFO: [ view_filter ] --START--
INFO: Run ContentReplace Behavior [ RunTime:0.000000s ]
INFO: Run TokenBuild Behavior [ RunTime:0.001000s ]
INFO: Run WriteHtmlCache Behavior [ RunTime:0.000000s ]
INFO: Run ShowRuntime Behavior [ RunTime:0.000000s ]
INFO: [ view_filter ] --END-- [ RunTime:0.001000s ]
INFO: [ view_end ] --START--
INFO: Run ShowPageTrace Behavior [ RunTime:0.000000s ]
INFO: [ view_end ] --END-- [ RunTime:0.000000s ]

[ 2015-03-20T21:39:23+08:00 ] 127.0.0.1 /thinkphp/index.php/Product/index/type1/%E7%96%AB%E8%8B%97%E4%BA%A7%E5%93%81/type2/%E5%AE%B6%E7%95%9C%E7%96%AB%E8%8B%97
INFO: [ route_check ] --START--
INFO: Run CheckRoute Behavior [ RunTime:0.001000s ]
INFO: [ route_check ] --END-- [ RunTime:0.001000s ]
INFO: [ app_begin ] --START--
INFO: Run ReadHtmlCache Behavior [ RunTime:0.001000s ]
INFO: [ app_begin ] --END-- [ RunTime:0.001000s ]
SQL: SHOW COLUMNS FROM `web_product` [ RunTime:0.006001s ]
SQL: SELECT DISTINCT  `name` FROM `web_product` WHERE ( `type1` = '疫苗产品' ) AND ( `type2` = '家畜疫苗' )  [ RunTime:0.001000s ]
SQL: SELECT DISTINCT  `name`,`image_name` FROM `web_product` WHERE ( `type1` = '疫苗产品' ) AND ( `type2` = '家畜疫苗' ) LIMIT 0,5   [ RunTime:0.000000s ]
SQL: SHOW COLUMNS FROM `web_company_information` [ RunTime:0.006000s ]
SQL: SELECT * FROM `web_company_information` WHERE ( `type` = 'QQ' )  [ RunTime:0.000000s ]
SQL: SELECT * FROM `web_company_information`  [ RunTime:0.000000s ]
INFO: [ view_template ] --START--
INFO: Run LocationTemplate Behavior [ RunTime:0.000000s ]
INFO: [ view_template ] --END-- [ RunTime:0.000000s ]
INFO: [ view_parse ] --START--
NOTIC: [8] Undefined variable: title D:\phpStudy\WWW\thinkphp\home\Runtime\Cache\baf7c2198bcfe4e332a8c0aa311b4c2d.php 第 5 行.
INFO: Run ParseTemplate Behavior [ RunTime:0.012001s ]
INFO: [ view_parse ] --END-- [ RunTime:0.012001s ]
INFO: [ view_filter ] --START--
INFO: Run ContentReplace Behavior [ RunTime:0.000000s ]
INFO: Run TokenBuild Behavior [ RunTime:0.000000s ]
INFO: Run WriteHtmlCache Behavior [ RunTime:0.001000s ]
INFO: Run ShowRuntime Behavior [ RunTime:0.000000s ]
INFO: [ view_filter ] --END-- [ RunTime:0.002000s ]
INFO: [ view_end ] --START--
INFO: Run ShowPageTrace Behavior [ RunTime:0.001000s ]
INFO: [ view_end ] --END-- [ RunTime:0.001000s ]

[ 2015-03-20T21:39:25+08:00 ] 127.0.0.1 /thinkphp/index.php/Product/index/type1/%E5%85%B6%E4%BB%96%E4%BA%A7%E5%93%81/type2/%E6%B6%88%E6%AF%92%E5%89%82
INFO: [ route_check ] --START--
INFO: Run CheckRoute Behavior [ RunTime:0.001000s ]
INFO: [ route_check ] --END-- [ RunTime:0.001000s ]
INFO: [ app_begin ] --START--
INFO: Run ReadHtmlCache Behavior [ RunTime:0.001000s ]
INFO: [ app_begin ] --END-- [ RunTime:0.001000s ]
SQL: SHOW COLUMNS FROM `web_product` [ RunTime:0.006000s ]
SQL: SELECT DISTINCT  `name` FROM `web_product` WHERE ( `type1` = '其他产品' ) AND ( `type2` = '消毒剂' )  [ RunTime:0.000000s ]
SQL: SELECT DISTINCT  `name`,`image_name` FROM `web_product` WHERE ( `type1` = '其他产品' ) AND ( `type2` = '消毒剂' ) LIMIT 0,5   [ RunTime:0.001000s ]
SQL: SHOW COLUMNS FROM `web_company_information` [ RunTime:0.006001s ]
SQL: SELECT * FROM `web_company_information` WHERE ( `type` = 'QQ' )  [ RunTime:0.000000s ]
SQL: SELECT * FROM `web_company_information`  [ RunTime:0.000000s ]
INFO: [ view_template ] --START--
INFO: Run LocationTemplate Behavior [ RunTime:0.000000s ]
INFO: [ view_template ] --END-- [ RunTime:0.001000s ]
INFO: [ view_parse ] --START--
NOTIC: [8] Undefined variable: title D:\phpStudy\WWW\thinkphp\home\Runtime\Cache\baf7c2198bcfe4e332a8c0aa311b4c2d.php 第 5 行.
INFO: Run ParseTemplate Behavior [ RunTime:0.013001s ]
INFO: [ view_parse ] --END-- [ RunTime:0.013001s ]
INFO: [ view_filter ] --START--
INFO: Run ContentReplace Behavior [ RunTime:0.000000s ]
INFO: Run TokenBuild Behavior [ RunTime:0.001000s ]
INFO: Run WriteHtmlCache Behavior [ RunTime:0.000000s ]
INFO: Run ShowRuntime Behavior [ RunTime:0.001000s ]
INFO: [ view_filter ] --END-- [ RunTime:0.002000s ]
INFO: [ view_end ] --START--
INFO: Run ShowPageTrace Behavior [ RunTime:0.001000s ]
INFO: [ view_end ] --END-- [ RunTime:0.001000s ]

[ 2015-03-20T21:39:29+08:00 ] 127.0.0.1 /thinkphp/index.php/Product/product_details/name/%E9%98%BF%E5%B0%942222
INFO: [ route_check ] --START--
INFO: Run CheckRoute Behavior [ RunTime:0.002001s ]
INFO: [ route_check ] --END-- [ RunTime:0.002001s ]
INFO: [ app_begin ] --START--
INFO: Run ReadHtmlCache Behavior [ RunTime:0.003000s ]
INFO: [ app_begin ] --END-- [ RunTime:0.003000s ]
SQL: SHOW COLUMNS FROM `web_product` [ RunTime:0.007000s ]
SQL: SELECT * FROM `web_product` WHERE ( `name` = '阿尔2222' )  [ RunTime:0.000000s ]
SQL: SHOW COLUMNS FROM `web_company_information` [ RunTime:0.007000s ]
SQL: SELECT * FROM `web_company_information` WHERE ( `type` = 'QQ' )  [ RunTime:0.000000s ]
SQL: SELECT * FROM `web_company_information`  [ RunTime:0.000000s ]
INFO: [ view_template ] --START--
INFO: Run LocationTemplate Behavior [ RunTime:0.001000s ]
INFO: [ view_template ] --END-- [ RunTime:0.001000s ]
INFO: [ view_parse ] --START--
NOTIC: [8] Undefined variable: title D:\phpStudy\WWW\thinkphp\home\Runtime\Cache\30f9791709062ab6e0a704ea057fb4d1.php 第 5 行.
INFO: Run ParseTemplate Behavior [ RunTime:0.012000s ]
INFO: [ view_parse ] --END-- [ RunTime:0.012000s ]
INFO: [ view_filter ] --START--
INFO: Run ContentReplace Behavior [ RunTime:0.000000s ]
INFO: Run TokenBuild Behavior [ RunTime:0.001000s ]
INFO: Run WriteHtmlCache Behavior [ RunTime:0.000000s ]
INFO: Run ShowRuntime Behavior [ RunTime:0.001000s ]
INFO: [ view_filter ] --END-- [ RunTime:0.002000s ]
INFO: [ view_end ] --START--
INFO: Run ShowPageTrace Behavior [ RunTime:0.000000s ]
INFO: [ view_end ] --END-- [ RunTime:0.001000s ]
INFO: [ view_template ] --START--
INFO: Run LocationTemplate Behavior [ RunTime:0.000000s ]
INFO: [ view_template ] --END-- [ RunTime:-0.015000s ]
INFO: [ view_parse ] --START--
NOTIC: [8] Undefined variable: title D:\phpStudy\WWW\thinkphp\home\Runtime\Cache\30f9791709062ab6e0a704ea057fb4d1.php 第 5 行.
INFO: Run ParseTemplate Behavior [ RunTime:0.008001s ]
INFO: [ view_parse ] --END-- [ RunTime:-0.003000s ]
INFO: [ view_filter ] --START--
INFO: Run ContentReplace Behavior [ RunTime:0.001000s ]
INFO: Run TokenBuild Behavior [ RunTime:0.000000s ]
INFO: Run WriteHtmlCache Behavior [ RunTime:0.000000s ]
INFO: Run ShowRuntime Behavior [ RunTime:0.000000s ]
INFO: [ view_filter ] --END-- [ RunTime:-0.009001s ]
INFO: [ view_end ] --START--
INFO: Run ShowPageTrace Behavior [ RunTime:0.000000s ]
INFO: [ view_end ] --END-- [ RunTime:-0.009001s ]

[ 2015-03-20T21:39:32+08:00 ] 127.0.0.1 /thinkphp/index.php/Download/index
INFO: [ route_check ] --START--
INFO: Run CheckRoute Behavior [ RunTime:0.001000s ]
INFO: [ route_check ] --END-- [ RunTime:0.001000s ]
INFO: [ app_begin ] --START--
INFO: Run ReadHtmlCache Behavior [ RunTime:0.001000s ]
INFO: [ app_begin ] --END-- [ RunTime:0.001000s ]
SQL: SHOW COLUMNS FROM `web_download_filename` [ RunTime:0.007000s ]
SQL: SELECT COUNT(*) AS tp_count FROM `web_download_filename` LIMIT 1   [ RunTime:0.000000s ]
SQL: SELECT * FROM `web_download_filename` ORDER BY DateTime LIMIT 0,5   [ RunTime:0.001000s ]
SQL: SHOW COLUMNS FROM `web_company_information` [ RunTime:0.006001s ]
SQL: SELECT * FROM `web_company_information` WHERE ( `type` = 'QQ' )  [ RunTime:0.001000s ]
SQL: SELECT * FROM `web_company_information`  [ RunTime:0.000000s ]
INFO: [ view_template ] --START--
INFO: Run LocationTemplate Behavior [ RunTime:0.001000s ]
INFO: [ view_template ] --END-- [ RunTime:0.001000s ]
INFO: [ view_parse ] --START--
INFO: Run ParseTemplate Behavior [ RunTime:0.029001s ]
INFO: [ view_parse ] --END-- [ RunTime:0.029001s ]
INFO: [ view_filter ] --START--
INFO: Run ContentReplace Behavior [ RunTime:0.001000s ]
INFO: Run TokenBuild Behavior [ RunTime:0.000000s ]
INFO: Run WriteHtmlCache Behavior [ RunTime:0.001000s ]
INFO: Run ShowRuntime Behavior [ RunTime:0.000000s ]
INFO: [ view_filter ] --END-- [ RunTime:0.002000s ]
INFO: [ view_end ] --START--
INFO: Run ShowPageTrace Behavior [ RunTime:0.001000s ]
INFO: [ view_end ] --END-- [ RunTime:0.001000s ]

[ 2015-03-20T21:40:56+08:00 ] 127.0.0.1 /thinkphp/
INFO: [ app_begin ] --START--
INFO: Run ReadHtmlCache Behavior [ RunTime:0.001000s ]
INFO: [ app_begin ] --END-- [ RunTime:0.001000s ]
SQL: SHOW COLUMNS FROM `web_about_company` [ RunTime:0.005000s ]
SQL: SELECT * FROM `web_about_company` WHERE ( `type` = 1 )  [ RunTime:0.000000s ]
SQL: SHOW COLUMNS FROM `web_news_content` [ RunTime:0.005001s ]
SQL: SELECT * FROM `web_news_content` WHERE ( `type` = 1 ) ORDER BY news_date LIMIT 0,7   [ RunTime:0.001000s ]
SQL: SHOW COLUMNS FROM `web_technology_suport` [ RunTime:0.004000s ]
SQL: SELECT * FROM `web_technology_suport` WHERE ( `type` = 0 ) LIMIT 0,7   [ RunTime:0.000000s ]
SQL: SHOW COLUMNS FROM `web_download_filename` [ RunTime:0.005000s ]
SQL: SELECT * FROM `web_download_filename` LIMIT 0,7   [ RunTime:0.000000s ]
SQL: SHOW COLUMNS FROM `web_product` [ RunTime:0.005001s ]
SQL: SELECT DISTINCT  `name`,`image_name` FROM `web_product` LIMIT 0,6   [ RunTime:0.000000s ]
SQL: SHOW COLUMNS FROM `web_company_information` [ RunTime:0.004000s ]
SQL: SELECT * FROM `web_company_information` WHERE ( `type` = 'QQ' )  [ RunTime:0.000000s ]
SQL: SELECT * FROM `web_company_information`  [ RunTime:0.001000s ]
INFO: [ view_template ] --START--
INFO: Run LocationTemplate Behavior [ RunTime:0.001000s ]
INFO: [ view_template ] --END-- [ RunTime:0.001000s ]
INFO: [ view_parse ] --START--
INFO: Run ParseTemplate Behavior [ RunTime:0.016001s ]
INFO: [ view_parse ] --END-- [ RunTime:0.016001s ]
INFO: [ view_filter ] --START--
INFO: Run ContentReplace Behavior [ RunTime:0.001000s ]
INFO: Run TokenBuild Behavior [ RunTime:0.000000s ]
INFO: Run WriteHtmlCache Behavior [ RunTime:0.001000s ]
INFO: Run ShowRuntime Behavior [ RunTime:0.000000s ]
INFO: [ view_filter ] --END-- [ RunTime:0.002000s ]
INFO: [ view_end ] --START--
INFO: Run ShowPageTrace Behavior [ RunTime:0.001000s ]
INFO: [ view_end ] --END-- [ RunTime:0.001000s ]

[ 2015-03-20T21:43:48+08:00 ] 127.0.0.1 /thinkphp/index.php/Download/index
INFO: [ route_check ] --START--
INFO: Run CheckRoute Behavior [ RunTime:0.001000s ]
INFO: [ route_check ] --END-- [ RunTime:0.001000s ]
INFO: [ app_begin ] --START--
INFO: Run ReadHtmlCache Behavior [ RunTime:0.001000s ]
INFO: [ app_begin ] --END-- [ RunTime:0.001000s ]
SQL: SHOW COLUMNS FROM `web_download_filename` [ RunTime:0.005000s ]
SQL: SELECT COUNT(*) AS tp_count FROM `web_download_filename` LIMIT 1   [ RunTime:0.000000s ]
SQL: SELECT * FROM `web_download_filename` ORDER BY DateTime LIMIT 0,5   [ RunTime:0.000000s ]
SQL: SHOW COLUMNS FROM `web_company_information` [ RunTime:0.004000s ]
SQL: SELECT * FROM `web_company_information` WHERE ( `type` = 'QQ' )  [ RunTime:0.001000s ]
SQL: SELECT * FROM `web_company_information`  [ RunTime:0.000000s ]
INFO: [ view_template ] --START--
INFO: Run LocationTemplate Behavior [ RunTime:0.001000s ]
INFO: [ view_template ] --END-- [ RunTime:0.001000s ]
INFO: [ view_parse ] --START--
INFO: Run ParseTemplate Behavior [ RunTime:0.012001s ]
INFO: [ view_parse ] --END-- [ RunTime:0.012001s ]
INFO: [ view_filter ] --START--
INFO: Run ContentReplace Behavior [ RunTime:0.001000s ]
INFO: Run TokenBuild Behavior [ RunTime:0.001000s ]
INFO: Run WriteHtmlCache Behavior [ RunTime:0.000000s ]
INFO: Run ShowRuntime Behavior [ RunTime:0.001000s ]
INFO: [ view_filter ] --END-- [ RunTime:0.003000s ]
INFO: [ view_end ] --START--
INFO: Run ShowPageTrace Behavior [ RunTime:0.001000s ]
INFO: [ view_end ] --END-- [ RunTime:0.002000s ]

[ 2015-03-20T21:43:51+08:00 ] 127.0.0.1 /thinkphp/index.php/News/index/type/0
INFO: [ route_check ] --START--
INFO: Run CheckRoute Behavior [ RunTime:0.001000s ]
INFO: [ route_check ] --END-- [ RunTime:0.001000s ]
INFO: [ app_begin ] --START--
INFO: Run ReadHtmlCache Behavior [ RunTime:0.001000s ]
INFO: [ app_begin ] --END-- [ RunTime:0.001000s ]
SQL: SHOW COLUMNS FROM `web_news_content` [ RunTime:0.005000s ]
SQL: SELECT COUNT(*) AS tp_count FROM `web_news_content` WHERE ( `type` = 0 ) LIMIT 1   [ RunTime:0.000000s ]
SQL: SELECT * FROM `web_news_content` WHERE ( `type` = 0 ) ORDER BY news_date LIMIT 0,5   [ RunTime:0.000000s ]
SQL: SHOW COLUMNS FROM `web_company_information` [ RunTime:0.006001s ]
SQL: SELECT * FROM `web_company_information` WHERE ( `type` = 'QQ' )  [ RunTime:0.000000s ]
SQL: SELECT * FROM `web_company_information`  [ RunTime:0.000000s ]
INFO: [ view_template ] --START--
INFO: Run LocationTemplate Behavior [ RunTime:0.001000s ]
INFO: [ view_template ] --END-- [ RunTime:0.001000s ]
INFO: [ view_parse ] --START--
NOTIC: [8] Undefined variable: title D:\phpStudy\WWW\thinkphp\home\Runtime\Cache\6dac52508781fd845ced58ce06163562.php 第 5 行.
INFO: Run ParseTemplate Behavior [ RunTime:0.042002s ]
INFO: [ view_parse ] --END-- [ RunTime:0.042002s ]
INFO: [ view_filter ] --START--
INFO: Run ContentReplace Behavior [ RunTime:0.001000s ]
INFO: Run TokenBuild Behavior [ RunTime:0.000000s ]
INFO: Run WriteHtmlCache Behavior [ RunTime:0.001001s ]
INFO: Run ShowRuntime Behavior [ RunTime:0.001000s ]
INFO: [ view_filter ] --END-- [ RunTime:0.003001s ]
INFO: [ view_end ] --START--
INFO: Run ShowPageTrace Behavior [ RunTime:0.001000s ]
INFO: [ view_end ] --END-- [ RunTime:0.001000s ]

[ 2015-03-20T21:43:57+08:00 ] 127.0.0.1 /thinkphp/index.php/
INFO: [ route_check ] --START--
INFO: Run CheckRoute Behavior [ RunTime:0.001000s ]
INFO: [ route_check ] --END-- [ RunTime:0.001000s ]
INFO: [ app_begin ] --START--
INFO: Run ReadHtmlCache Behavior [ RunTime:0.001000s ]
INFO: [ app_begin ] --END-- [ RunTime:0.001000s ]
SQL: SHOW COLUMNS FROM `web_about_company` [ RunTime:0.005001s ]
SQL: SELECT * FROM `web_about_company` WHERE ( `type` = 1 )  [ RunTime:0.001000s ]
SQL: SHOW COLUMNS FROM `web_news_content` [ RunTime:0.005000s ]
SQL: SELECT * FROM `web_news_content` WHERE ( `type` = 1 ) ORDER BY news_date LIMIT 0,7   [ RunTime:0.001000s ]
SQL: SHOW COLUMNS FROM `web_technology_suport` [ RunTime:0.006001s ]
SQL: SELECT * FROM `web_technology_suport` WHERE ( `type` = 0 ) LIMIT 0,7   [ RunTime:0.000000s ]
SQL: SHOW COLUMNS FROM `web_download_filename` [ RunTime:0.005000s ]
SQL: SELECT * FROM `web_download_filename` LIMIT 0,7   [ RunTime:0.001000s ]
SQL: SHOW COLUMNS FROM `web_product` [ RunTime:0.005000s ]
SQL: SELECT DISTINCT  `name`,`image_name` FROM `web_product` LIMIT 0,6   [ RunTime:0.001000s ]
SQL: SHOW COLUMNS FROM `web_company_information` [ RunTime:0.005001s ]
SQL: SELECT * FROM `web_company_information` WHERE ( `type` = 'QQ' )  [ RunTime:0.000000s ]
SQL: SELECT * FROM `web_company_information`  [ RunTime:0.000000s ]
INFO: [ view_template ] --START--
INFO: Run LocationTemplate Behavior [ RunTime:0.001000s ]
INFO: [ view_template ] --END-- [ RunTime:0.001000s ]
INFO: [ view_parse ] --START--
INFO: Run ParseTemplate Behavior [ RunTime:0.015001s ]
INFO: [ view_parse ] --END-- [ RunTime:0.015001s ]
INFO: [ view_filter ] --START--
INFO: Run ContentReplace Behavior [ RunTime:0.001000s ]
INFO: Run TokenBuild Behavior [ RunTime:0.000000s ]
INFO: Run WriteHtmlCache Behavior [ RunTime:0.000000s ]
INFO: Run ShowRuntime Behavior [ RunTime:0.001000s ]
INFO: [ view_filter ] --END-- [ RunTime:0.002000s ]
INFO: [ view_end ] --START--
INFO: Run ShowPageTrace Behavior [ RunTime:0.001000s ]
INFO: [ view_end ] --END-- [ RunTime:0.001000s ]

[ 2015-03-20T21:45:25+08:00 ] 127.0.0.1 /thinkphp/index.php/
INFO: [ route_check ] --START--
INFO: Run CheckRoute Behavior [ RunTime:0.002000s ]
INFO: [ route_check ] --END-- [ RunTime:0.002000s ]
INFO: [ app_begin ] --START--
INFO: Run ReadHtmlCache Behavior [ RunTime:0.001000s ]
INFO: [ app_begin ] --END-- [ RunTime:0.001000s ]
SQL: SHOW COLUMNS FROM `web_about_company` [ RunTime:0.006000s ]
SQL: SELECT * FROM `web_about_company` WHERE ( `type` = 1 )  [ RunTime:0.000000s ]
SQL: SHOW COLUMNS FROM `web_news_content` [ RunTime:0.008000s ]
SQL: SELECT * FROM `web_news_content` WHERE ( `type` = 1 ) ORDER BY news_date LIMIT 0,7   [ RunTime:0.000000s ]
SQL: SHOW COLUMNS FROM `web_technology_suport` [ RunTime:0.006000s ]
SQL: SELECT * FROM `web_technology_suport` WHERE ( `type` = 0 ) LIMIT 0,7   [ RunTime:0.000000s ]
SQL: SHOW COLUMNS FROM `web_download_filename` [ RunTime:0.007000s ]
SQL: SELECT * FROM `web_download_filename` LIMIT 0,7   [ RunTime:0.001000s ]
SQL: SHOW COLUMNS FROM `web_product` [ RunTime:0.009001s ]
SQL: SELECT DISTINCT  `name`,`image_name` FROM `web_product` LIMIT 0,6   [ RunTime:0.000000s ]
SQL: SHOW COLUMNS FROM `web_company_information` [ RunTime:0.005000s ]
SQL: SELECT * FROM `web_company_information` WHERE ( `type` = 'QQ' )  [ RunTime:0.000000s ]
SQL: SELECT * FROM `web_company_information`  [ RunTime:0.001000s ]
INFO: [ view_template ] --START--
INFO: Run LocationTemplate Behavior [ RunTime:0.001000s ]
INFO: [ view_template ] --END-- [ RunTime:0.001000s ]
INFO: [ view_parse ] --START--
INFO: Run ParseTemplate Behavior [ RunTime:0.021002s ]
INFO: [ view_parse ] --END-- [ RunTime:0.021002s ]
INFO: [ view_filter ] --START--
INFO: Run ContentReplace Behavior [ RunTime:0.001000s ]
INFO: Run TokenBuild Behavior [ RunTime:0.001000s ]
INFO: Run WriteHtmlCache Behavior [ RunTime:0.001000s ]
INFO: Run ShowRuntime Behavior [ RunTime:0.001000s ]
INFO: [ view_filter ] --END-- [ RunTime:0.004000s ]
INFO: [ view_end ] --START--
INFO: Run ShowPageTrace Behavior [ RunTime:0.002000s ]
INFO: [ view_end ] --END-- [ RunTime:0.002000s ]

[ 2015-03-20T21:46:21+08:00 ] 127.0.0.1 /thinkphp/index.php/
INFO: [ route_check ] --START--
INFO: Run CheckRoute Behavior [ RunTime:0.001000s ]
INFO: [ route_check ] --END-- [ RunTime:0.001000s ]
INFO: [ app_begin ] --START--
INFO: Run ReadHtmlCache Behavior [ RunTime:0.000000s ]
INFO: [ app_begin ] --END-- [ RunTime:0.000000s ]
SQL: SHOW COLUMNS FROM `web_about_company` [ RunTime:0.006000s ]
SQL: SELECT * FROM `web_about_company` WHERE ( `type` = 1 )  [ RunTime:0.000000s ]
SQL: SHOW COLUMNS FROM `web_news_content` [ RunTime:0.006000s ]
SQL: SELECT * FROM `web_news_content` WHERE ( `type` = 1 ) ORDER BY news_date LIMIT 0,7   [ RunTime:0.001001s ]
SQL: SHOW COLUMNS FROM `web_technology_suport` [ RunTime:0.006000s ]
SQL: SELECT * FROM `web_technology_suport` WHERE ( `type` = 0 ) LIMIT 0,7   [ RunTime:0.000000s ]
SQL: SHOW COLUMNS FROM `web_download_filename` [ RunTime:0.006000s ]
SQL: SELECT * FROM `web_download_filename` LIMIT 0,7   [ RunTime:0.000000s ]
SQL: SHOW COLUMNS FROM `web_product` [ RunTime:0.006001s ]
SQL: SELECT DISTINCT  `name`,`image_name` FROM `web_product` LIMIT 0,6   [ RunTime:0.000000s ]
SQL: SHOW COLUMNS FROM `web_company_information` [ RunTime:0.009000s ]
SQL: SELECT * FROM `web_company_information` WHERE ( `type` = 'QQ' )  [ RunTime:0.000000s ]
SQL: SELECT * FROM `web_company_information`  [ RunTime:0.000000s ]
INFO: [ view_template ] --START--
INFO: Run LocationTemplate Behavior [ RunTime:0.001000s ]
INFO: [ view_template ] --END-- [ RunTime:0.001000s ]
INFO: [ view_parse ] --START--
INFO: Run ParseTemplate Behavior [ RunTime:0.017001s ]
INFO: [ view_parse ] --END-- [ RunTime:0.018001s ]
INFO: [ view_filter ] --START--
INFO: Run ContentReplace Behavior [ RunTime:0.000000s ]
INFO: Run TokenBuild Behavior [ RunTime:0.001000s ]
INFO: Run WriteHtmlCache Behavior [ RunTime:0.000000s ]
INFO: Run ShowRuntime Behavior [ RunTime:0.001001s ]
INFO: [ view_filter ] --END-- [ RunTime:0.002001s ]
INFO: [ view_end ] --START--
INFO: Run ShowPageTrace Behavior [ RunTime:0.001000s ]
INFO: [ view_end ] --END-- [ RunTime:0.001000s ]

[ 2015-03-20T21:46:26+08:00 ] 127.0.0.1 /thinkphp/index.php/News/index/type/1
INFO: [ route_check ] --START--
INFO: Run CheckRoute Behavior [ RunTime:0.001000s ]
INFO: [ route_check ] --END-- [ RunTime:0.001000s ]
INFO: [ app_begin ] --START--
INFO: Run ReadHtmlCache Behavior [ RunTime:0.001000s ]
INFO: [ app_begin ] --END-- [ RunTime:0.001000s ]
SQL: SHOW COLUMNS FROM `web_news_content` [ RunTime:0.007001s ]
SQL: SELECT COUNT(*) AS tp_count FROM `web_news_content` WHERE ( `type` = 1 ) LIMIT 1   [ RunTime:0.001000s ]
SQL: SELECT * FROM `web_news_content` WHERE ( `type` = 1 ) ORDER BY news_date LIMIT 0,5   [ RunTime:0.001000s ]
SQL: SHOW COLUMNS FROM `web_company_information` [ RunTime:0.007000s ]
SQL: SELECT * FROM `web_company_information` WHERE ( `type` = 'QQ' )  [ RunTime:0.001000s ]
SQL: SELECT * FROM `web_company_information`  [ RunTime:0.000000s ]
INFO: [ view_template ] --START--
INFO: Run LocationTemplate Behavior [ RunTime:0.001000s ]
INFO: [ view_template ] --END-- [ RunTime:0.001000s ]
INFO: [ view_parse ] --START--
NOTIC: [8] Undefined variable: title D:\phpStudy\WWW\thinkphp\home\Runtime\Cache\6dac52508781fd845ced58ce06163562.php 第 5 行.
INFO: Run ParseTemplate Behavior [ RunTime:0.016001s ]
INFO: [ view_parse ] --END-- [ RunTime:0.016001s ]
INFO: [ view_filter ] --START--
INFO: Run ContentReplace Behavior [ RunTime:0.001000s ]
INFO: Run TokenBuild Behavior [ RunTime:0.001000s ]
INFO: Run WriteHtmlCache Behavior [ RunTime:0.001001s ]
INFO: Run ShowRuntime Behavior [ RunTime:0.005000s ]
INFO: [ view_filter ] --END-- [ RunTime:0.008001s ]
INFO: [ view_end ] --START--
INFO: Run ShowPageTrace Behavior [ RunTime:0.001000s ]
INFO: [ view_end ] --END-- [ RunTime:0.002000s ]

[ 2015-03-20T21:46:29+08:00 ] 127.0.0.1 /thinkphp/index.php/News/index/type/0
INFO: [ route_check ] --START--
INFO: Run CheckRoute Behavior [ RunTime:0.001000s ]
INFO: [ route_check ] --END-- [ RunTime:0.001000s ]
INFO: [ app_begin ] --START--
INFO: Run ReadHtmlCache Behavior [ RunTime:0.001000s ]
INFO: [ app_begin ] --END-- [ RunTime:0.001000s ]
SQL: SHOW COLUMNS FROM `web_news_content` [ RunTime:0.005000s ]
SQL: SELECT COUNT(*) AS tp_count FROM `web_news_content` WHERE ( `type` = 0 ) LIMIT 1   [ RunTime:0.000000s ]
SQL: SELECT * FROM `web_news_content` WHERE ( `type` = 0 ) ORDER BY news_date LIMIT 0,5   [ RunTime:0.000000s ]
SQL: SHOW COLUMNS FROM `web_company_information` [ RunTime:0.008001s ]
SQL: SELECT * FROM `web_company_information` WHERE ( `type` = 'QQ' )  [ RunTime:0.001000s ]
SQL: SELECT * FROM `web_company_information`  [ RunTime:0.000000s ]
INFO: [ view_template ] --START--
INFO: Run LocationTemplate Behavior [ RunTime:0.001000s ]
INFO: [ view_template ] --END-- [ RunTime:0.001000s ]
INFO: [ view_parse ] --START--
NOTIC: [8] Undefined variable: title D:\phpStudy\WWW\thinkphp\home\Runtime\Cache\6dac52508781fd845ced58ce06163562.php 第 5 行.
INFO: Run ParseTemplate Behavior [ RunTime:0.015001s ]
INFO: [ view_parse ] --END-- [ RunTime:0.015001s ]
INFO: [ view_filter ] --START--
INFO: Run ContentReplace Behavior [ RunTime:0.001000s ]
INFO: Run TokenBuild Behavior [ RunTime:0.001000s ]
INFO: Run WriteHtmlCache Behavior [ RunTime:0.001000s ]
INFO: Run ShowRuntime Behavior [ RunTime:0.000000s ]
INFO: [ view_filter ] --END-- [ RunTime:0.003000s ]
INFO: [ view_end ] --START--
INFO: Run ShowPageTrace Behavior [ RunTime:0.001000s ]
INFO: [ view_end ] --END-- [ RunTime:0.001000s ]

[ 2015-03-20T21:46:37+08:00 ] 127.0.0.1 /thinkphp/index.php/News/index/type/0
INFO: [ route_check ] --START--
INFO: Run CheckRoute Behavior [ RunTime:0.001000s ]
INFO: [ route_check ] --END-- [ RunTime:0.001000s ]
INFO: [ app_begin ] --START--
INFO: Run ReadHtmlCache Behavior [ RunTime:0.001000s ]
INFO: [ app_begin ] --END-- [ RunTime:0.001000s ]
SQL: SHOW COLUMNS FROM `web_news_content` [ RunTime:0.006000s ]
SQL: SELECT COUNT(*) AS tp_count FROM `web_news_content` WHERE ( `type` = 0 ) LIMIT 1   [ RunTime:0.000000s ]
SQL: SELECT * FROM `web_news_content` WHERE ( `type` = 0 ) ORDER BY news_date LIMIT 0,5   [ RunTime:0.000000s ]
SQL: SHOW COLUMNS FROM `web_company_information` [ RunTime:0.007001s ]
SQL: SELECT * FROM `web_company_information` WHERE ( `type` = 'QQ' )  [ RunTime:0.000000s ]
SQL: SELECT * FROM `web_company_information`  [ RunTime:0.001000s ]
INFO: [ view_template ] --START--
INFO: Run LocationTemplate Behavior [ RunTime:0.000000s ]
INFO: [ view_template ] --END-- [ RunTime:0.000000s ]
INFO: [ view_parse ] --START--
NOTIC: [8] Undefined variable: title D:\phpStudy\WWW\thinkphp\home\Runtime\Cache\6dac52508781fd845ced58ce06163562.php 第 5 行.
INFO: Run ParseTemplate Behavior [ RunTime:0.012000s ]
INFO: [ view_parse ] --END-- [ RunTime:0.012000s ]
INFO: [ view_filter ] --START--
INFO: Run ContentReplace Behavior [ RunTime:0.000000s ]
INFO: Run TokenBuild Behavior [ RunTime:0.001000s ]
INFO: Run WriteHtmlCache Behavior [ RunTime:0.000000s ]
INFO: Run ShowRuntime Behavior [ RunTime:0.001001s ]
INFO: [ view_filter ] --END-- [ RunTime:0.002001s ]
INFO: [ view_end ] --START--
INFO: Run ShowPageTrace Behavior [ RunTime:0.000000s ]
INFO: [ view_end ] --END-- [ RunTime:0.000000s ]

[ 2015-03-20T21:46:45+08:00 ] 127.0.0.1 /thinkphp/index.php/News/index/type/0
INFO: [ route_check ] --START--
INFO: Run CheckRoute Behavior [ RunTime:0.001000s ]
INFO: [ route_check ] --END-- [ RunTime:0.001000s ]
INFO: [ app_begin ] --START--
INFO: Run ReadHtmlCache Behavior [ RunTime:0.000000s ]
INFO: [ app_begin ] --END-- [ RunTime:0.001000s ]
SQL: SHOW COLUMNS FROM `web_news_content` [ RunTime:0.008001s ]
SQL: SELECT COUNT(*) AS tp_count FROM `web_news_content` WHERE ( `type` = 0 ) LIMIT 1   [ RunTime:0.001000s ]
SQL: SELECT * FROM `web_news_content` WHERE ( `type` = 0 ) ORDER BY news_date LIMIT 0,5   [ RunTime:0.000000s ]
SQL: SHOW COLUMNS FROM `web_company_information` [ RunTime:0.008000s ]
SQL: SELECT * FROM `web_company_information` WHERE ( `type` = 'QQ' )  [ RunTime:0.001001s ]
SQL: SELECT * FROM `web_company_information`  [ RunTime:0.000000s ]
INFO: [ view_template ] --START--
INFO: Run LocationTemplate Behavior [ RunTime:0.001000s ]
INFO: [ view_template ] --END-- [ RunTime:0.001000s ]
INFO: [ view_parse ] --START--
NOTIC: [8] Undefined variable: title D:\phpStudy\WWW\thinkphp\home\Runtime\Cache\6dac52508781fd845ced58ce06163562.php 第 5 行.
INFO: Run ParseTemplate Behavior [ RunTime:0.012000s ]
INFO: [ view_parse ] --END-- [ RunTime:0.012000s ]
INFO: [ view_filter ] --START--
INFO: Run ContentReplace Behavior [ RunTime:0.001000s ]
INFO: Run TokenBuild Behavior [ RunTime:0.000000s ]
INFO: Run WriteHtmlCache Behavior [ RunTime:0.001000s ]
INFO: Run ShowRuntime Behavior [ RunTime:0.000000s ]
INFO: [ view_filter ] --END-- [ RunTime:0.002000s ]
INFO: [ view_end ] --START--
INFO: Run ShowPageTrace Behavior [ RunTime:0.001000s ]
INFO: [ view_end ] --END-- [ RunTime:0.001000s ]

[ 2015-03-20T21:46:48+08:00 ] 127.0.0.1 /thinkphp/index.php/News/index/type/1
INFO: [ route_check ] --START--
INFO: Run CheckRoute Behavior [ RunTime:0.001000s ]
INFO: [ route_check ] --END-- [ RunTime:0.002000s ]
INFO: [ app_begin ] --START--
INFO: Run ReadHtmlCache Behavior [ RunTime:0.001000s ]
INFO: [ app_begin ] --END-- [ RunTime:0.001000s ]
SQL: SHOW COLUMNS FROM `web_news_content` [ RunTime:0.007000s ]
SQL: SELECT COUNT(*) AS tp_count FROM `web_news_content` WHERE ( `type` = 1 ) LIMIT 1   [ RunTime:0.001000s ]
SQL: SELECT * FROM `web_news_content` WHERE ( `type` = 1 ) ORDER BY news_date LIMIT 0,5   [ RunTime:0.000000s ]
SQL: SHOW COLUMNS FROM `web_company_information` [ RunTime:0.007000s ]
SQL: SELECT * FROM `web_company_information` WHERE ( `type` = 'QQ' )  [ RunTime:0.001000s ]
SQL: SELECT * FROM `web_company_information`  [ RunTime:0.000000s ]
INFO: [ view_template ] --START--
INFO: Run LocationTemplate Behavior [ RunTime:0.001000s ]
INFO: [ view_template ] --END-- [ RunTime:0.001000s ]
INFO: [ view_parse ] --START--
NOTIC: [8] Undefined variable: title D:\phpStudy\WWW\thinkphp\home\Runtime\Cache\6dac52508781fd845ced58ce06163562.php 第 5 行.
INFO: Run ParseTemplate Behavior [ RunTime:0.012001s ]
INFO: [ view_parse ] --END-- [ RunTime:0.012001s ]
INFO: [ view_filter ] --START--
INFO: Run ContentReplace Behavior [ RunTime:0.001000s ]
INFO: Run TokenBuild Behavior [ RunTime:0.000000s ]
INFO: Run WriteHtmlCache Behavior [ RunTime:0.001000s ]
INFO: Run ShowRuntime Behavior [ RunTime:0.000000s ]
INFO: [ view_filter ] --END-- [ RunTime:0.002000s ]
INFO: [ view_end ] --START--
INFO: Run ShowPageTrace Behavior [ RunTime:0.000000s ]
INFO: [ view_end ] --END-- [ RunTime:0.000000s ]

[ 2015-03-20T21:48:42+08:00 ] 127.0.0.1 /thinkphp/index.php/News/index/type/0
INFO: [ route_check ] --START--
INFO: Run CheckRoute Behavior [ RunTime:0.001001s ]
INFO: [ route_check ] --END-- [ RunTime:0.001001s ]
INFO: [ app_begin ] --START--
INFO: Run ReadHtmlCache Behavior [ RunTime:0.001000s ]
INFO: [ app_begin ] --END-- [ RunTime:0.001000s ]
SQL: SHOW COLUMNS FROM `web_news_content` [ RunTime:0.006000s ]
SQL: SELECT COUNT(*) AS tp_count FROM `web_news_content` WHERE ( `type` = 0 ) LIMIT 1   [ RunTime:0.001000s ]
SQL: SELECT * FROM `web_news_content` WHERE ( `type` = 0 ) ORDER BY news_date LIMIT 0,5   [ RunTime:0.000000s ]
SQL: SHOW COLUMNS FROM `web_company_information` [ RunTime:0.005000s ]
SQL: SELECT * FROM `web_company_information` WHERE ( `type` = 'QQ' )  [ RunTime:0.001000s ]
SQL: SELECT * FROM `web_company_information`  [ RunTime:0.000000s ]
INFO: [ view_template ] --START--
INFO: Run LocationTemplate Behavior [ RunTime:0.001000s ]
INFO: [ view_template ] --END-- [ RunTime:0.001000s ]
INFO: [ view_parse ] --START--
NOTIC: [8] Undefined variable: title D:\phpStudy\WWW\thinkphp\home\Runtime\Cache\6dac52508781fd845ced58ce06163562.php 第 5 行.
INFO: Run ParseTemplate Behavior [ RunTime:0.012001s ]
INFO: [ view_parse ] --END-- [ RunTime:0.012001s ]
INFO: [ view_filter ] --START--
INFO: Run ContentReplace Behavior [ RunTime:0.000000s ]
INFO: Run TokenBuild Behavior [ RunTime:0.001000s ]
INFO: Run WriteHtmlCache Behavior [ RunTime:0.000000s ]
INFO: Run ShowRuntime Behavior [ RunTime:0.000000s ]
INFO: [ view_filter ] --END-- [ RunTime:0.002000s ]
INFO: [ view_end ] --START--
INFO: Run ShowPageTrace Behavior [ RunTime:0.001000s ]
INFO: [ view_end ] --END-- [ RunTime:0.001000s ]

[ 2015-03-20T22:08:11+08:00 ] 127.0.0.1 /thinkphp/index.php/News/index/type/0
INFO: [ route_check ] --START--
INFO: Run CheckRoute Behavior [ RunTime:0.001000s ]
INFO: [ route_check ] --END-- [ RunTime:0.002000s ]
INFO: [ app_begin ] --START--
INFO: Run ReadHtmlCache Behavior [ RunTime:0.001000s ]
INFO: [ app_begin ] --END-- [ RunTime:0.001000s ]
SQL: SHOW COLUMNS FROM `web_news_content` [ RunTime:0.005000s ]
SQL: SELECT COUNT(*) AS tp_count FROM `web_news_content` WHERE ( `type` = 0 ) LIMIT 1   [ RunTime:0.000000s ]
SQL: SELECT * FROM `web_news_content` WHERE ( `type` = 0 ) ORDER BY news_date LIMIT 0,5   [ RunTime:0.001000s ]
SQL: SHOW COLUMNS FROM `web_company_information` [ RunTime:0.005000s ]
SQL: SELECT * FROM `web_company_information` WHERE ( `type` = 'QQ' )  [ RunTime:0.001000s ]
SQL: SELECT * FROM `web_company_information`  [ RunTime:0.000000s ]
INFO: [ view_template ] --START--
INFO: Run LocationTemplate Behavior [ RunTime:0.001000s ]
INFO: [ view_template ] --END-- [ RunTime:0.001000s ]
INFO: [ view_parse ] --START--
NOTIC: [8] Undefined variable: title D:\phpStudy\WWW\thinkphp\home\Runtime\Cache\6dac52508781fd845ced58ce06163562.php 第 5 行.
INFO: Run ParseTemplate Behavior [ RunTime:0.014001s ]
INFO: [ view_parse ] --END-- [ RunTime:0.014001s ]
INFO: [ view_filter ] --START--
INFO: Run ContentReplace Behavior [ RunTime:0.000000s ]
INFO: Run TokenBuild Behavior [ RunTime:0.001000s ]
INFO: Run WriteHtmlCache Behavior [ RunTime:0.000000s ]
INFO: Run ShowRuntime Behavior [ RunTime:0.001000s ]
INFO: [ view_filter ] --END-- [ RunTime:0.002000s ]
INFO: [ view_end ] --START--
INFO: Run ShowPageTrace Behavior [ RunTime:0.001000s ]
INFO: [ view_end ] --END-- [ RunTime:0.001000s ]

[ 2015-03-20T22:09:54+08:00 ] 127.0.0.1 /thinkphp/index.php/News/index/type/0
INFO: [ route_check ] --START--
INFO: Run CheckRoute Behavior [ RunTime:0.001000s ]
INFO: [ route_check ] --END-- [ RunTime:0.002000s ]
INFO: [ app_begin ] --START--
INFO: Run ReadHtmlCache Behavior [ RunTime:0.001000s ]
INFO: [ app_begin ] --END-- [ RunTime:0.001000s ]
SQL: SHOW COLUMNS FROM `web_news_content` [ RunTime:0.006000s ]
SQL: SELECT COUNT(*) AS tp_count FROM `web_news_content` WHERE ( `type` = 0 ) LIMIT 1   [ RunTime:0.000000s ]
SQL: SELECT * FROM `web_news_content` WHERE ( `type` = 0 ) ORDER BY news_date LIMIT 0,5   [ RunTime:0.000000s ]
SQL: SHOW COLUMNS FROM `web_company_information` [ RunTime:0.005000s ]
SQL: SELECT * FROM `web_company_information` WHERE ( `type` = 'QQ' )  [ RunTime:0.000000s ]
SQL: SELECT * FROM `web_company_information`  [ RunTime:0.001000s ]
INFO: [ view_template ] --START--
INFO: Run LocationTemplate Behavior [ RunTime:0.001000s ]
INFO: [ view_template ] --END-- [ RunTime:0.001000s ]
INFO: [ view_parse ] --START--
NOTIC: [8] Undefined variable: title D:\phpStudy\WWW\thinkphp\home\Runtime\Cache\6dac52508781fd845ced58ce06163562.php 第 5 行.
INFO: Run ParseTemplate Behavior [ RunTime:0.016001s ]
INFO: [ view_parse ] --END-- [ RunTime:0.016001s ]
INFO: [ view_filter ] --START--
INFO: Run ContentReplace Behavior [ RunTime:0.000000s ]
INFO: Run TokenBuild Behavior [ RunTime:0.000000s ]
INFO: Run WriteHtmlCache Behavior [ RunTime:0.000000s ]
INFO: Run ShowRuntime Behavior [ RunTime:0.001000s ]
INFO: [ view_filter ] --END-- [ RunTime:0.002000s ]
INFO: [ view_end ] --START--
INFO: Run ShowPageTrace Behavior [ RunTime:0.000000s ]
INFO: [ view_end ] --END-- [ RunTime:0.000000s ]

[ 2015-03-20T22:09:57+08:00 ] 127.0.0.1 /thinkphp/index.php/News/news_details/title/%E4%B9%A0%E8%BF%91%E5%B9%B3%E4%BC%9A%E8%A7%81%E5%9F%BA%E8%BE%9B%E6%A0%BC%EF%BC%9A%E6%9C%9F%E5%BE%85%E5%B9%B4%E5%86%85%E8%AE%BF%E7%BE%8E(%E5%9B%BE)
INFO: [ route_check ] --START--
INFO: Run CheckRoute Behavior [ RunTime:0.001000s ]
INFO: [ route_check ] --END-- [ RunTime:0.002001s ]
INFO: [ app_begin ] --START--
INFO: Run ReadHtmlCache Behavior [ RunTime:0.001000s ]
INFO: [ app_begin ] --END-- [ RunTime:0.001000s ]
SQL: SHOW COLUMNS FROM `web_news_content` [ RunTime:0.006001s ]
SQL: SELECT * FROM `web_news_content` WHERE ( `news_title` = '习近平会见基辛格：期待年内访美(图)' )  [ RunTime:0.001000s ]
SQL: UPDATE `web_news_content` SET `views`=1 WHERE ( `news_title` = '习近平会见基辛格：期待年内访美(图)' ) [ RunTime:0.172010s ]
SQL: SHOW COLUMNS FROM `web_company_information` [ RunTime:0.014001s ]
SQL: SELECT * FROM `web_company_information` WHERE ( `type` = 'QQ' )  [ RunTime:0.001000s ]
SQL: SELECT * FROM `web_company_information`  [ RunTime:0.001000s ]
INFO: [ view_template ] --START--
INFO: Run LocationTemplate Behavior [ RunTime:0.020001s ]
INFO: [ view_template ] --END-- [ RunTime:0.020001s ]
INFO: [ view_parse ] --START--
NOTIC: [8] Undefined variable: title D:\phpStudy\WWW\thinkphp\home\Runtime\Cache\a79f4e13775b8dd73baf212f6c13cc9b.php 第 5 行.
INFO: Run ParseTemplate Behavior [ RunTime:0.022001s ]
INFO: [ view_parse ] --END-- [ RunTime:0.022001s ]
INFO: [ view_filter ] --START--
INFO: Run ContentReplace Behavior [ RunTime:0.001000s ]
INFO: Run TokenBuild Behavior [ RunTime:0.001000s ]
INFO: Run WriteHtmlCache Behavior [ RunTime:0.001000s ]
INFO: Run ShowRuntime Behavior [ RunTime:0.001000s ]
INFO: [ view_filter ] --END-- [ RunTime:0.004000s ]
INFO: [ view_end ] --START--
INFO: Run ShowPageTrace Behavior [ RunTime:0.001000s ]
INFO: [ view_end ] --END-- [ RunTime:0.001000s ]

[ 2015-03-20T23:46:33+08:00 ] 127.0.0.1 /thinkphp/
INFO: [ app_begin ] --START--
INFO: Run ReadHtmlCache Behavior [ RunTime:0.000000s ]
INFO: [ app_begin ] --END-- [ RunTime:0.000000s ]
SQL: SHOW COLUMNS FROM `web_about_company` [ RunTime:0.006000s ]
SQL: SELECT * FROM `web_about_company` WHERE ( `type` = 1 )  [ RunTime:0.001000s ]
SQL: SHOW COLUMNS FROM `web_news_content` [ RunTime:0.038002s ]
SQL: SELECT * FROM `web_news_content` WHERE ( `type` = 1 ) ORDER BY news_date LIMIT 0,7   [ RunTime:0.003000s ]
SQL: SHOW COLUMNS FROM `web_technology_suport` [ RunTime:0.007001s ]
SQL: SELECT * FROM `web_technology_suport` WHERE ( `type` = 0 ) LIMIT 0,7   [ RunTime:0.000000s ]
SQL: SHOW COLUMNS FROM `web_download_filename` [ RunTime:0.006000s ]
SQL: SELECT * FROM `web_download_filename` LIMIT 0,7   [ RunTime:0.001000s ]
SQL: SHOW COLUMNS FROM `web_product` [ RunTime:0.006000s ]
SQL: SELECT DISTINCT  `name`,`image_name` FROM `web_product` LIMIT 0,6   [ RunTime:0.001000s ]
SQL: SHOW COLUMNS FROM `web_company_information` [ RunTime:0.005000s ]
SQL: SELECT * FROM `web_company_information` WHERE ( `type` = 'QQ' )  [ RunTime:0.000000s ]
SQL: SELECT * FROM `web_company_information`  [ RunTime:0.001000s ]
INFO: [ view_template ] --START--
INFO: Run LocationTemplate Behavior [ RunTime:0.002000s ]
INFO: [ view_template ] --END-- [ RunTime:0.002000s ]
INFO: [ view_parse ] --START--
INFO: Run ParseTemplate Behavior [ RunTime:0.016001s ]
INFO: [ view_parse ] --END-- [ RunTime:0.016001s ]
INFO: [ view_filter ] --START--
INFO: Run ContentReplace Behavior [ RunTime:0.001000s ]
INFO: Run TokenBuild Behavior [ RunTime:0.001000s ]
INFO: Run WriteHtmlCache Behavior [ RunTime:0.000000s ]
INFO: Run ShowRuntime Behavior [ RunTime:0.001000s ]
INFO: [ view_filter ] --END-- [ RunTime:0.003000s ]
INFO: [ view_end ] --START--
INFO: Run ShowPageTrace Behavior [ RunTime:0.000000s ]
INFO: [ view_end ] --END-- [ RunTime:0.000000s ]

